{"/Users/cwilbur/Documents/Development/Code Samples/crazy-eights/spec/card.spec.js":{"path":"/Users/cwilbur/Documents/Development/Code Samples/crazy-eights/spec/card.spec.js","s":{"1":1,"2":1,"3":1,"4":1,"5":1,"6":1,"7":1,"8":1,"9":1,"10":0,"11":1,"12":1,"13":1,"14":1,"15":1,"16":1,"17":1,"18":1,"19":1,"20":1,"21":1,"22":1,"23":1,"24":1,"25":1,"26":1,"27":1,"28":1,"29":1,"30":1,"31":1,"32":1,"33":1,"34":1,"35":1,"36":0,"37":1,"38":1,"39":1,"40":1,"41":4,"42":4,"43":20,"44":16,"45":4,"46":16,"47":0,"48":4,"49":1,"50":1,"51":36,"52":1,"53":1,"54":36,"55":36,"56":1,"57":1,"58":4,"59":16,"60":64,"61":16,"62":48,"63":1,"64":1,"65":4,"66":4,"67":12,"68":12,"69":1,"70":1,"71":4,"72":1,"73":1,"74":1,"75":1,"76":13,"77":13,"78":54,"79":41,"80":13,"81":1,"82":1,"83":61,"84":1,"85":1,"86":29,"87":29,"88":1,"89":1,"90":13,"91":41,"92":533,"93":41,"94":492,"95":1,"96":1,"97":13,"98":13,"99":26,"100":26,"101":1,"102":1,"103":13,"104":1,"105":1,"106":1,"107":1,"108":1,"109":13,"110":52,"111":1,"112":52,"113":1,"114":1,"115":1,"116":117,"117":100,"118":117,"119":1,"120":1,"121":52,"122":52,"123":1,"124":1,"125":52,"126":52,"127":52,"128":156,"129":624,"130":1,"131":1,"132":1,"133":1,"134":1,"135":1,"136":1,"137":1,"138":100,"139":100,"140":1,"141":13,"142":13,"143":1,"144":4,"145":4,"146":1,"147":13,"148":52,"149":52,"150":1,"151":1,"152":52,"153":2704,"154":1326,"155":1326,"156":1378,"157":52,"158":52,"159":1326,"160":1326,"161":1326,"162":1,"163":1,"164":52,"165":52,"166":52,"167":1,"168":1,"169":1,"170":1,"171":1,"172":13,"173":52,"174":1,"175":1,"176":1,"177":1,"178":1,"179":1,"180":1,"181":1,"182":52,"183":52,"184":52,"185":52,"186":1,"187":52,"188":52,"189":52,"190":52,"191":1,"192":1,"193":1,"194":1,"195":52,"196":52,"197":52,"198":52,"199":1,"200":52,"201":52,"202":52,"203":52,"204":1,"205":1,"206":1,"207":1,"208":52,"209":52,"210":52,"211":52,"212":1,"213":52,"214":52,"215":52,"216":52,"217":1,"218":1,"219":1,"220":1,"221":52,"222":52,"223":52,"224":52,"225":1,"226":52,"227":52,"228":52,"229":52,"230":1,"231":1,"232":1,"233":1,"234":1,"235":52,"236":1,"237":1,"238":1,"239":1,"240":52,"241":52,"242":52,"243":52,"244":52,"245":1,"246":1,"247":1,"248":1,"249":1,"250":52,"251":1,"252":1,"253":1,"254":1,"255":52,"256":52,"257":52,"258":52,"259":52,"260":1,"261":1,"262":1,"263":1,"264":52,"265":52,"266":52,"267":1,"268":1,"269":1,"270":1,"271":1,"272":1,"273":1,"274":1,"275":1},"b":{"1":[16,4],"2":[0,16],"3":[16,48],"4":[41,13],"5":[41,492],"6":[100,17],"7":[1326,1378],"8":[52,1326],"9":[1326,0]},"f":{"1":0,"2":1,"3":1,"4":1,"5":1,"6":1,"7":1,"8":1,"9":1,"10":0,"11":1,"12":4,"13":20,"14":16,"15":1,"16":36,"17":1,"18":36,"19":36,"20":1,"21":4,"22":16,"23":64,"24":1,"25":4,"26":12,"27":1,"28":4,"29":1,"30":13,"31":54,"32":1,"33":61,"34":1,"35":29,"36":29,"37":1,"38":13,"39":41,"40":533,"41":1,"42":13,"43":26,"44":1,"45":13,"46":1,"47":13,"48":52,"49":52,"50":1,"51":52,"52":1,"53":52,"54":156,"55":624,"56":1,"57":1,"58":1,"59":1,"60":100,"61":100,"62":13,"63":13,"64":4,"65":4,"66":13,"67":52,"68":52,"69":1,"70":52,"71":2704,"72":1,"73":52,"74":1,"75":13,"76":52,"77":1,"78":1,"79":52,"80":52,"81":1,"82":52,"83":52,"84":1,"85":52,"86":52,"87":1,"88":52,"89":52,"90":1,"91":52,"92":1,"93":52,"94":1,"95":52,"96":1},"fnMap":{"1":{"name":"dump","line":22,"loc":{"start":{"line":22,"column":0},"end":{"line":22,"column":19}}},"2":{"name":"(anonymous_2)","line":26,"loc":{"start":{"line":26,"column":37},"end":{"line":26,"column":49}}},"3":{"name":"(anonymous_3)","line":28,"loc":{"start":{"line":28,"column":64},"end":{"line":28,"column":76}}},"4":{"name":"(anonymous_4)","line":33,"loc":{"start":{"line":33,"column":59},"end":{"line":33,"column":71}}},"5":{"name":"(anonymous_5)","line":38,"loc":{"start":{"line":38,"column":55},"end":{"line":38,"column":67}}},"6":{"name":"(anonymous_6)","line":46,"loc":{"start":{"line":46,"column":32},"end":{"line":46,"column":44}}},"7":{"name":"(anonymous_7)","line":48,"loc":{"start":{"line":48,"column":46},"end":{"line":48,"column":58}}},"8":{"name":"(anonymous_8)","line":54,"loc":{"start":{"line":54,"column":59},"end":{"line":54,"column":71}}},"9":{"name":"(anonymous_9)","line":61,"loc":{"start":{"line":61,"column":60},"end":{"line":61,"column":72}}},"10":{"name":"(anonymous_10)","line":64,"loc":{"start":{"line":64,"column":18},"end":{"line":64,"column":31}}},"11":{"name":"(anonymous_11)","line":68,"loc":{"start":{"line":68,"column":31},"end":{"line":68,"column":43}}},"12":{"name":"(anonymous_12)","line":83,"loc":{"start":{"line":83,"column":21},"end":{"line":83,"column":37}}},"13":{"name":"(anonymous_13)","line":85,"loc":{"start":{"line":85,"column":39},"end":{"line":85,"column":56}}},"14":{"name":"(anonymous_14)","line":90,"loc":{"start":{"line":90,"column":26},"end":{"line":90,"column":41}}},"15":{"name":"(anonymous_15)","line":98,"loc":{"start":{"line":98,"column":59},"end":{"line":98,"column":71}}},"16":{"name":"(anonymous_16)","line":106,"loc":{"start":{"line":106,"column":18},"end":{"line":106,"column":38}}},"17":{"name":"(anonymous_17)","line":111,"loc":{"start":{"line":111,"column":63},"end":{"line":111,"column":75}}},"18":{"name":"(anonymous_18)","line":119,"loc":{"start":{"line":119,"column":18},"end":{"line":119,"column":38}}},"19":{"name":"(anonymous_19)","line":120,"loc":{"start":{"line":120,"column":23},"end":{"line":120,"column":35}}},"20":{"name":"(anonymous_20)","line":124,"loc":{"start":{"line":124,"column":45},"end":{"line":124,"column":57}}},"21":{"name":"(anonymous_21)","line":125,"loc":{"start":{"line":125,"column":25},"end":{"line":125,"column":41}}},"22":{"name":"(anonymous_22)","line":126,"loc":{"start":{"line":126,"column":40},"end":{"line":126,"column":55}}},"23":{"name":"(anonymous_23)","line":127,"loc":{"start":{"line":127,"column":33},"end":{"line":127,"column":54}}},"24":{"name":"(anonymous_24)","line":139,"loc":{"start":{"line":139,"column":57},"end":{"line":139,"column":69}}},"25":{"name":"(anonymous_25)","line":140,"loc":{"start":{"line":140,"column":25},"end":{"line":140,"column":41}}},"26":{"name":"(anonymous_26)","line":142,"loc":{"start":{"line":142,"column":49},"end":{"line":142,"column":64}}},"27":{"name":"(anonymous_27)","line":149,"loc":{"start":{"line":149,"column":45},"end":{"line":149,"column":57}}},"28":{"name":"(anonymous_28)","line":150,"loc":{"start":{"line":150,"column":25},"end":{"line":150,"column":41}}},"29":{"name":"(anonymous_29)","line":156,"loc":{"start":{"line":156,"column":31},"end":{"line":156,"column":43}}},"30":{"name":"(anonymous_30)","line":189,"loc":{"start":{"line":189,"column":21},"end":{"line":189,"column":37}}},"31":{"name":"(anonymous_31)","line":191,"loc":{"start":{"line":191,"column":39},"end":{"line":191,"column":56}}},"32":{"name":"(anonymous_32)","line":199,"loc":{"start":{"line":199,"column":59},"end":{"line":199,"column":71}}},"33":{"name":"(anonymous_33)","line":209,"loc":{"start":{"line":209,"column":18},"end":{"line":209,"column":38}}},"34":{"name":"(anonymous_34)","line":214,"loc":{"start":{"line":214,"column":63},"end":{"line":214,"column":75}}},"35":{"name":"(anonymous_35)","line":221,"loc":{"start":{"line":221,"column":18},"end":{"line":221,"column":38}}},"36":{"name":"(anonymous_36)","line":222,"loc":{"start":{"line":222,"column":23},"end":{"line":222,"column":35}}},"37":{"name":"(anonymous_37)","line":226,"loc":{"start":{"line":226,"column":45},"end":{"line":226,"column":57}}},"38":{"name":"(anonymous_38)","line":227,"loc":{"start":{"line":227,"column":25},"end":{"line":227,"column":41}}},"39":{"name":"(anonymous_39)","line":228,"loc":{"start":{"line":228,"column":40},"end":{"line":228,"column":55}}},"40":{"name":"(anonymous_40)","line":229,"loc":{"start":{"line":229,"column":33},"end":{"line":229,"column":54}}},"41":{"name":"(anonymous_41)","line":241,"loc":{"start":{"line":241,"column":57},"end":{"line":241,"column":69}}},"42":{"name":"(anonymous_42)","line":242,"loc":{"start":{"line":242,"column":25},"end":{"line":242,"column":41}}},"43":{"name":"(anonymous_43)","line":244,"loc":{"start":{"line":244,"column":39},"end":{"line":244,"column":54}}},"44":{"name":"(anonymous_44)","line":251,"loc":{"start":{"line":251,"column":45},"end":{"line":251,"column":57}}},"45":{"name":"(anonymous_45)","line":252,"loc":{"start":{"line":252,"column":25},"end":{"line":252,"column":41}}},"46":{"name":"(anonymous_46)","line":258,"loc":{"start":{"line":258,"column":31},"end":{"line":258,"column":43}}},"47":{"name":"(anonymous_47)","line":264,"loc":{"start":{"line":264,"column":18},"end":{"line":264,"column":34}}},"48":{"name":"(anonymous_48)","line":265,"loc":{"start":{"line":265,"column":22},"end":{"line":265,"column":38}}},"49":{"name":"(anonymous_49)","line":270,"loc":{"start":{"line":270,"column":39},"end":{"line":270,"column":55}}},"50":{"name":"(anonymous_50)","line":283,"loc":{"start":{"line":283,"column":64},"end":{"line":283,"column":76}}},"51":{"name":"(anonymous_51)","line":284,"loc":{"start":{"line":284,"column":25},"end":{"line":284,"column":41}}},"52":{"name":"(anonymous_52)","line":294,"loc":{"start":{"line":294,"column":64},"end":{"line":294,"column":76}}},"53":{"name":"(anonymous_53)","line":295,"loc":{"start":{"line":295,"column":25},"end":{"line":295,"column":41}}},"54":{"name":"(anonymous_54)","line":305,"loc":{"start":{"line":305,"column":29},"end":{"line":305,"column":48}}},"55":{"name":"(anonymous_55)","line":306,"loc":{"start":{"line":306,"column":33},"end":{"line":306,"column":52}}},"56":{"name":"(anonymous_56)","line":313,"loc":{"start":{"line":313,"column":63},"end":{"line":313,"column":75}}},"57":{"name":"(anonymous_57)","line":317,"loc":{"start":{"line":317,"column":15},"end":{"line":317,"column":27}}},"58":{"name":"(anonymous_58)","line":318,"loc":{"start":{"line":318,"column":15},"end":{"line":318,"column":27}}},"59":{"name":"(anonymous_59)","line":319,"loc":{"start":{"line":319,"column":15},"end":{"line":319,"column":27}}},"60":{"name":"(anonymous_60)","line":323,"loc":{"start":{"line":323,"column":34},"end":{"line":323,"column":55}}},"61":{"name":"(anonymous_61)","line":324,"loc":{"start":{"line":324,"column":19},"end":{"line":324,"column":31}}},"62":{"name":"(anonymous_62)","line":327,"loc":{"start":{"line":327,"column":22},"end":{"line":327,"column":38}}},"63":{"name":"(anonymous_63)","line":328,"loc":{"start":{"line":328,"column":19},"end":{"line":328,"column":31}}},"64":{"name":"(anonymous_64)","line":331,"loc":{"start":{"line":331,"column":22},"end":{"line":331,"column":38}}},"65":{"name":"(anonymous_65)","line":332,"loc":{"start":{"line":332,"column":19},"end":{"line":332,"column":31}}},"66":{"name":"(anonymous_66)","line":337,"loc":{"start":{"line":337,"column":22},"end":{"line":337,"column":38}}},"67":{"name":"(anonymous_67)","line":338,"loc":{"start":{"line":338,"column":26},"end":{"line":338,"column":42}}},"68":{"name":"(anonymous_68)","line":339,"loc":{"start":{"line":339,"column":23},"end":{"line":339,"column":35}}},"69":{"name":"(anonymous_69)","line":346,"loc":{"start":{"line":346,"column":35},"end":{"line":346,"column":47}}},"70":{"name":"(anonymous_70)","line":347,"loc":{"start":{"line":347,"column":25},"end":{"line":347,"column":44}}},"71":{"name":"(anonymous_71)","line":348,"loc":{"start":{"line":348,"column":29},"end":{"line":348,"column":48}}},"72":{"name":"(anonymous_72)","line":365,"loc":{"start":{"line":365,"column":61},"end":{"line":365,"column":73}}},"73":{"name":"(anonymous_73)","line":366,"loc":{"start":{"line":366,"column":25},"end":{"line":366,"column":45}}},"74":{"name":"(anonymous_74)","line":378,"loc":{"start":{"line":378,"column":31},"end":{"line":378,"column":43}}},"75":{"name":"(anonymous_75)","line":384,"loc":{"start":{"line":384,"column":18},"end":{"line":384,"column":34}}},"76":{"name":"(anonymous_76)","line":385,"loc":{"start":{"line":385,"column":22},"end":{"line":385,"column":38}}},"77":{"name":"(anonymous_77)","line":392,"loc":{"start":{"line":392,"column":56},"end":{"line":392,"column":68}}},"78":{"name":"(anonymous_78)","line":397,"loc":{"start":{"line":397,"column":56},"end":{"line":397,"column":68}}},"79":{"name":"(anonymous_79)","line":400,"loc":{"start":{"line":400,"column":25},"end":{"line":400,"column":41}}},"80":{"name":"(anonymous_80)","line":407,"loc":{"start":{"line":407,"column":25},"end":{"line":407,"column":41}}},"81":{"name":"(anonymous_81)","line":415,"loc":{"start":{"line":415,"column":57},"end":{"line":415,"column":69}}},"82":{"name":"(anonymous_82)","line":418,"loc":{"start":{"line":418,"column":25},"end":{"line":418,"column":41}}},"83":{"name":"(anonymous_83)","line":425,"loc":{"start":{"line":425,"column":25},"end":{"line":425,"column":41}}},"84":{"name":"(anonymous_84)","line":433,"loc":{"start":{"line":433,"column":56},"end":{"line":433,"column":68}}},"85":{"name":"(anonymous_85)","line":436,"loc":{"start":{"line":436,"column":25},"end":{"line":436,"column":41}}},"86":{"name":"(anonymous_86)","line":443,"loc":{"start":{"line":443,"column":34},"end":{"line":443,"column":50}}},"87":{"name":"(anonymous_87)","line":451,"loc":{"start":{"line":451,"column":57},"end":{"line":451,"column":69}}},"88":{"name":"(anonymous_88)","line":454,"loc":{"start":{"line":454,"column":25},"end":{"line":454,"column":41}}},"89":{"name":"(anonymous_89)","line":461,"loc":{"start":{"line":461,"column":34},"end":{"line":461,"column":50}}},"90":{"name":"(anonymous_90)","line":469,"loc":{"start":{"line":469,"column":47},"end":{"line":469,"column":59}}},"91":{"name":"(anonymous_91)","line":474,"loc":{"start":{"line":474,"column":25},"end":{"line":474,"column":41}}},"92":{"name":"(anonymous_92)","line":491,"loc":{"start":{"line":491,"column":47},"end":{"line":491,"column":59}}},"93":{"name":"(anonymous_93)","line":496,"loc":{"start":{"line":496,"column":25},"end":{"line":496,"column":41}}},"94":{"name":"(anonymous_94)","line":513,"loc":{"start":{"line":513,"column":40},"end":{"line":513,"column":50}}},"95":{"name":"(anonymous_95)","line":516,"loc":{"start":{"line":516,"column":25},"end":{"line":516,"column":41}}},"96":{"name":"(anonymous_96)","line":523,"loc":{"start":{"line":523,"column":35},"end":{"line":523,"column":47}}}},"statementMap":{"1":{"start":{"line":12,"column":0},"end":{"line":12,"column":27}},"2":{"start":{"line":14,"column":0},"end":{"line":14,"column":36}},"3":{"start":{"line":15,"column":0},"end":{"line":15,"column":30}},"4":{"start":{"line":16,"column":0},"end":{"line":16,"column":20}},"5":{"start":{"line":17,"column":0},"end":{"line":17,"column":24}},"6":{"start":{"line":18,"column":0},"end":{"line":18,"column":24}},"7":{"start":{"line":19,"column":0},"end":{"line":19,"column":24}},"8":{"start":{"line":20,"column":0},"end":{"line":20,"column":24}},"9":{"start":{"line":22,"column":0},"end":{"line":24,"column":1}},"10":{"start":{"line":23,"column":4},"end":{"line":23,"column":57}},"11":{"start":{"line":26,"column":0},"end":{"line":44,"column":3}},"12":{"start":{"line":28,"column":4},"end":{"line":31,"column":7}},"13":{"start":{"line":29,"column":8},"end":{"line":29,"column":47}},"14":{"start":{"line":30,"column":8},"end":{"line":30,"column":53}},"15":{"start":{"line":33,"column":4},"end":{"line":36,"column":7}},"16":{"start":{"line":34,"column":8},"end":{"line":34,"column":47}},"17":{"start":{"line":35,"column":8},"end":{"line":35,"column":53}},"18":{"start":{"line":38,"column":4},"end":{"line":42,"column":7}},"19":{"start":{"line":39,"column":8},"end":{"line":39,"column":67}},"20":{"start":{"line":40,"column":8},"end":{"line":40,"column":65}},"21":{"start":{"line":41,"column":8},"end":{"line":41,"column":47}},"22":{"start":{"line":46,"column":0},"end":{"line":66,"column":3}},"23":{"start":{"line":48,"column":4},"end":{"line":52,"column":7}},"24":{"start":{"line":49,"column":8},"end":{"line":49,"column":71}},"25":{"start":{"line":50,"column":8},"end":{"line":50,"column":73}},"26":{"start":{"line":51,"column":8},"end":{"line":51,"column":80}},"27":{"start":{"line":54,"column":4},"end":{"line":59,"column":7}},"28":{"start":{"line":55,"column":8},"end":{"line":55,"column":41}},"29":{"start":{"line":56,"column":8},"end":{"line":56,"column":39}},"30":{"start":{"line":57,"column":8},"end":{"line":57,"column":45}},"31":{"start":{"line":58,"column":8},"end":{"line":58,"column":47}},"32":{"start":{"line":61,"column":4},"end":{"line":65,"column":7}},"33":{"start":{"line":62,"column":8},"end":{"line":62,"column":44}},"34":{"start":{"line":63,"column":8},"end":{"line":63,"column":47}},"35":{"start":{"line":64,"column":8},"end":{"line":64,"column":63}},"36":{"start":{"line":64,"column":33},"end":{"line":64,"column":46}},"37":{"start":{"line":68,"column":0},"end":{"line":154,"column":3}},"38":{"start":{"line":70,"column":4},"end":{"line":79,"column":6}},"39":{"start":{"line":81,"column":4},"end":{"line":81,"column":36}},"40":{"start":{"line":83,"column":4},"end":{"line":96,"column":7}},"41":{"start":{"line":84,"column":8},"end":{"line":84,"column":27}},"42":{"start":{"line":85,"column":8},"end":{"line":89,"column":11}},"43":{"start":{"line":86,"column":12},"end":{"line":88,"column":13}},"44":{"start":{"line":87,"column":16},"end":{"line":87,"column":63}},"45":{"start":{"line":90,"column":8},"end":{"line":94,"column":11}},"46":{"start":{"line":91,"column":12},"end":{"line":93,"column":13}},"47":{"start":{"line":92,"column":16},"end":{"line":92,"column":47}},"48":{"start":{"line":95,"column":8},"end":{"line":95,"column":40}},"49":{"start":{"line":98,"column":4},"end":{"line":109,"column":7}},"50":{"start":{"line":99,"column":8},"end":{"line":108,"column":15}},"51":{"start":{"line":107,"column":16},"end":{"line":107,"column":57}},"52":{"start":{"line":111,"column":4},"end":{"line":122,"column":7}},"53":{"start":{"line":112,"column":8},"end":{"line":121,"column":15}},"54":{"start":{"line":120,"column":16},"end":{"line":120,"column":70}},"55":{"start":{"line":120,"column":37},"end":{"line":120,"column":56}},"56":{"start":{"line":124,"column":4},"end":{"line":137,"column":7}},"57":{"start":{"line":125,"column":8},"end":{"line":136,"column":11}},"58":{"start":{"line":126,"column":12},"end":{"line":135,"column":15}},"59":{"start":{"line":127,"column":16},"end":{"line":134,"column":19}},"60":{"start":{"line":128,"column":20},"end":{"line":133,"column":21}},"61":{"start":{"line":129,"column":24},"end":{"line":129,"column":74}},"62":{"start":{"line":132,"column":24},"end":{"line":132,"column":78}},"63":{"start":{"line":139,"column":4},"end":{"line":147,"column":7}},"64":{"start":{"line":140,"column":8},"end":{"line":146,"column":11}},"65":{"start":{"line":141,"column":12},"end":{"line":141,"column":41}},"66":{"start":{"line":142,"column":12},"end":{"line":145,"column":15}},"67":{"start":{"line":143,"column":16},"end":{"line":143,"column":49}},"68":{"start":{"line":144,"column":16},"end":{"line":144,"column":67}},"69":{"start":{"line":149,"column":4},"end":{"line":153,"column":7}},"70":{"start":{"line":150,"column":8},"end":{"line":152,"column":11}},"71":{"start":{"line":151,"column":12},"end":{"line":151,"column":66}},"72":{"start":{"line":156,"column":0},"end":{"line":256,"column":3}},"73":{"start":{"line":158,"column":4},"end":{"line":185,"column":6}},"74":{"start":{"line":187,"column":4},"end":{"line":187,"column":36}},"75":{"start":{"line":189,"column":4},"end":{"line":197,"column":7}},"76":{"start":{"line":190,"column":8},"end":{"line":190,"column":27}},"77":{"start":{"line":191,"column":8},"end":{"line":195,"column":11}},"78":{"start":{"line":192,"column":12},"end":{"line":194,"column":13}},"79":{"start":{"line":193,"column":16},"end":{"line":193,"column":63}},"80":{"start":{"line":196,"column":8},"end":{"line":196,"column":40}},"81":{"start":{"line":199,"column":4},"end":{"line":212,"column":7}},"82":{"start":{"line":200,"column":8},"end":{"line":211,"column":15}},"83":{"start":{"line":210,"column":16},"end":{"line":210,"column":57}},"84":{"start":{"line":214,"column":4},"end":{"line":224,"column":7}},"85":{"start":{"line":215,"column":8},"end":{"line":223,"column":15}},"86":{"start":{"line":222,"column":16},"end":{"line":222,"column":70}},"87":{"start":{"line":222,"column":37},"end":{"line":222,"column":56}},"88":{"start":{"line":226,"column":4},"end":{"line":239,"column":7}},"89":{"start":{"line":227,"column":8},"end":{"line":238,"column":11}},"90":{"start":{"line":228,"column":12},"end":{"line":237,"column":15}},"91":{"start":{"line":229,"column":16},"end":{"line":236,"column":19}},"92":{"start":{"line":230,"column":20},"end":{"line":235,"column":21}},"93":{"start":{"line":231,"column":24},"end":{"line":231,"column":74}},"94":{"start":{"line":234,"column":24},"end":{"line":234,"column":78}},"95":{"start":{"line":241,"column":4},"end":{"line":249,"column":7}},"96":{"start":{"line":242,"column":8},"end":{"line":248,"column":11}},"97":{"start":{"line":243,"column":12},"end":{"line":243,"column":41}},"98":{"start":{"line":244,"column":12},"end":{"line":247,"column":15}},"99":{"start":{"line":245,"column":16},"end":{"line":245,"column":49}},"100":{"start":{"line":246,"column":16},"end":{"line":246,"column":67}},"101":{"start":{"line":251,"column":4},"end":{"line":256,"column":0}},"102":{"start":{"line":252,"column":8},"end":{"line":254,"column":11}},"103":{"start":{"line":253,"column":12},"end":{"line":253,"column":66}},"104":{"start":{"line":258,"column":0},"end":{"line":376,"column":3}},"105":{"start":{"line":260,"column":4},"end":{"line":260,"column":48}},"106":{"start":{"line":261,"column":4},"end":{"line":261,"column":30}},"107":{"start":{"line":263,"column":4},"end":{"line":263,"column":22}},"108":{"start":{"line":264,"column":4},"end":{"line":268,"column":7}},"109":{"start":{"line":265,"column":8},"end":{"line":267,"column":11}},"110":{"start":{"line":266,"column":12},"end":{"line":266,"column":48}},"111":{"start":{"line":270,"column":4},"end":{"line":272,"column":7}},"112":{"start":{"line":271,"column":8},"end":{"line":271,"column":30}},"113":{"start":{"line":274,"column":4},"end":{"line":274,"column":24}},"114":{"start":{"line":275,"column":4},"end":{"line":275,"column":31}},"115":{"start":{"line":276,"column":4},"end":{"line":281,"column":5}},"116":{"start":{"line":277,"column":8},"end":{"line":279,"column":9}},"117":{"start":{"line":278,"column":12},"end":{"line":278,"column":48}},"118":{"start":{"line":280,"column":8},"end":{"line":280,"column":25}},"119":{"start":{"line":283,"column":4},"end":{"line":292,"column":7}},"120":{"start":{"line":284,"column":8},"end":{"line":291,"column":11}},"121":{"start":{"line":288,"column":12},"end":{"line":288,"column":59}},"122":{"start":{"line":289,"column":12},"end":{"line":289,"column":49}},"123":{"start":{"line":294,"column":4},"end":{"line":311,"column":7}},"124":{"start":{"line":295,"column":8},"end":{"line":310,"column":11}},"125":{"start":{"line":300,"column":12},"end":{"line":301,"column":37}},"126":{"start":{"line":302,"column":12},"end":{"line":303,"column":58}},"127":{"start":{"line":305,"column":12},"end":{"line":309,"column":15}},"128":{"start":{"line":306,"column":16},"end":{"line":308,"column":19}},"129":{"start":{"line":307,"column":20},"end":{"line":307,"column":69}},"130":{"start":{"line":313,"column":4},"end":{"line":344,"column":7}},"131":{"start":{"line":317,"column":8},"end":{"line":317,"column":52}},"132":{"start":{"line":317,"column":29},"end":{"line":317,"column":39}},"133":{"start":{"line":318,"column":8},"end":{"line":318,"column":59}},"134":{"start":{"line":318,"column":29},"end":{"line":318,"column":46}},"135":{"start":{"line":319,"column":8},"end":{"line":319,"column":63}},"136":{"start":{"line":319,"column":29},"end":{"line":319,"column":50}},"137":{"start":{"line":323,"column":8},"end":{"line":325,"column":11}},"138":{"start":{"line":324,"column":12},"end":{"line":324,"column":67}},"139":{"start":{"line":324,"column":33},"end":{"line":324,"column":53}},"140":{"start":{"line":327,"column":8},"end":{"line":329,"column":11}},"141":{"start":{"line":328,"column":12},"end":{"line":328,"column":70}},"142":{"start":{"line":328,"column":33},"end":{"line":328,"column":57}},"143":{"start":{"line":331,"column":8},"end":{"line":333,"column":11}},"144":{"start":{"line":332,"column":12},"end":{"line":332,"column":70}},"145":{"start":{"line":332,"column":33},"end":{"line":332,"column":57}},"146":{"start":{"line":337,"column":8},"end":{"line":343,"column":11}},"147":{"start":{"line":338,"column":12},"end":{"line":342,"column":15}},"148":{"start":{"line":339,"column":16},"end":{"line":341,"column":29}},"149":{"start":{"line":340,"column":20},"end":{"line":341,"column":16}},"150":{"start":{"line":346,"column":4},"end":{"line":363,"column":7}},"151":{"start":{"line":347,"column":8},"end":{"line":362,"column":11}},"152":{"start":{"line":348,"column":12},"end":{"line":362,"column":8}},"153":{"start":{"line":349,"column":16},"end":{"line":360,"column":17}},"154":{"start":{"line":350,"column":20},"end":{"line":350,"column":69}},"155":{"start":{"line":351,"column":20},"end":{"line":351,"column":57}},"156":{"start":{"line":353,"column":21},"end":{"line":360,"column":17}},"157":{"start":{"line":354,"column":20},"end":{"line":354,"column":64}},"158":{"start":{"line":355,"column":20},"end":{"line":355,"column":53}},"159":{"start":{"line":357,"column":21},"end":{"line":360,"column":17}},"160":{"start":{"line":358,"column":20},"end":{"line":358,"column":72}},"161":{"start":{"line":359,"column":20},"end":{"line":359,"column":57}},"162":{"start":{"line":365,"column":4},"end":{"line":374,"column":7}},"163":{"start":{"line":366,"column":8},"end":{"line":373,"column":11}},"164":{"start":{"line":367,"column":12},"end":{"line":368,"column":44}},"165":{"start":{"line":369,"column":12},"end":{"line":370,"column":44}},"166":{"start":{"line":371,"column":12},"end":{"line":372,"column":51}},"167":{"start":{"line":378,"column":0},"end":{"line":537,"column":3}},"168":{"start":{"line":380,"column":4},"end":{"line":380,"column":48}},"169":{"start":{"line":381,"column":4},"end":{"line":381,"column":30}},"170":{"start":{"line":383,"column":4},"end":{"line":383,"column":22}},"171":{"start":{"line":384,"column":4},"end":{"line":388,"column":7}},"172":{"start":{"line":385,"column":8},"end":{"line":387,"column":11}},"173":{"start":{"line":386,"column":12},"end":{"line":386,"column":48}},"174":{"start":{"line":390,"column":4},"end":{"line":390,"column":56}},"175":{"start":{"line":392,"column":4},"end":{"line":395,"column":7}},"176":{"start":{"line":393,"column":8},"end":{"line":393,"column":41}},"177":{"start":{"line":394,"column":8},"end":{"line":394,"column":46}},"178":{"start":{"line":397,"column":4},"end":{"line":413,"column":7}},"179":{"start":{"line":398,"column":8},"end":{"line":398,"column":26}},"180":{"start":{"line":399,"column":8},"end":{"line":399,"column":27}},"181":{"start":{"line":400,"column":8},"end":{"line":405,"column":11}},"182":{"start":{"line":401,"column":12},"end":{"line":401,"column":31}},"183":{"start":{"line":402,"column":12},"end":{"line":402,"column":24}},"184":{"start":{"line":403,"column":12},"end":{"line":403,"column":46}},"185":{"start":{"line":404,"column":12},"end":{"line":404,"column":49}},"186":{"start":{"line":407,"column":8},"end":{"line":412,"column":11}},"187":{"start":{"line":408,"column":12},"end":{"line":408,"column":39}},"188":{"start":{"line":409,"column":12},"end":{"line":409,"column":24}},"189":{"start":{"line":410,"column":12},"end":{"line":410,"column":36}},"190":{"start":{"line":411,"column":12},"end":{"line":411,"column":49}},"191":{"start":{"line":415,"column":4},"end":{"line":431,"column":7}},"192":{"start":{"line":416,"column":8},"end":{"line":416,"column":26}},"193":{"start":{"line":417,"column":8},"end":{"line":417,"column":27}},"194":{"start":{"line":418,"column":8},"end":{"line":423,"column":11}},"195":{"start":{"line":419,"column":12},"end":{"line":419,"column":34}},"196":{"start":{"line":420,"column":12},"end":{"line":420,"column":24}},"197":{"start":{"line":421,"column":12},"end":{"line":421,"column":49}},"198":{"start":{"line":422,"column":12},"end":{"line":422,"column":49}},"199":{"start":{"line":425,"column":8},"end":{"line":430,"column":11}},"200":{"start":{"line":426,"column":12},"end":{"line":426,"column":36}},"201":{"start":{"line":427,"column":12},"end":{"line":427,"column":24}},"202":{"start":{"line":428,"column":12},"end":{"line":428,"column":36}},"203":{"start":{"line":429,"column":12},"end":{"line":429,"column":49}},"204":{"start":{"line":433,"column":4},"end":{"line":449,"column":7}},"205":{"start":{"line":434,"column":8},"end":{"line":434,"column":26}},"206":{"start":{"line":435,"column":8},"end":{"line":435,"column":27}},"207":{"start":{"line":436,"column":8},"end":{"line":441,"column":11}},"208":{"start":{"line":437,"column":12},"end":{"line":437,"column":31}},"209":{"start":{"line":438,"column":12},"end":{"line":438,"column":24}},"210":{"start":{"line":439,"column":12},"end":{"line":439,"column":46}},"211":{"start":{"line":440,"column":12},"end":{"line":440,"column":49}},"212":{"start":{"line":443,"column":8},"end":{"line":448,"column":11}},"213":{"start":{"line":444,"column":12},"end":{"line":444,"column":36}},"214":{"start":{"line":445,"column":12},"end":{"line":445,"column":24}},"215":{"start":{"line":446,"column":12},"end":{"line":446,"column":36}},"216":{"start":{"line":447,"column":12},"end":{"line":447,"column":49}},"217":{"start":{"line":451,"column":4},"end":{"line":467,"column":7}},"218":{"start":{"line":452,"column":8},"end":{"line":452,"column":26}},"219":{"start":{"line":453,"column":8},"end":{"line":453,"column":27}},"220":{"start":{"line":454,"column":8},"end":{"line":459,"column":11}},"221":{"start":{"line":455,"column":12},"end":{"line":455,"column":34}},"222":{"start":{"line":456,"column":12},"end":{"line":456,"column":24}},"223":{"start":{"line":457,"column":12},"end":{"line":457,"column":49}},"224":{"start":{"line":458,"column":12},"end":{"line":458,"column":49}},"225":{"start":{"line":461,"column":8},"end":{"line":466,"column":11}},"226":{"start":{"line":462,"column":12},"end":{"line":462,"column":39}},"227":{"start":{"line":463,"column":12},"end":{"line":463,"column":24}},"228":{"start":{"line":464,"column":12},"end":{"line":464,"column":36}},"229":{"start":{"line":465,"column":12},"end":{"line":465,"column":49}},"230":{"start":{"line":469,"column":4},"end":{"line":489,"column":7}},"231":{"start":{"line":470,"column":8},"end":{"line":470,"column":27}},"232":{"start":{"line":471,"column":8},"end":{"line":471,"column":20}},"233":{"start":{"line":472,"column":8},"end":{"line":472,"column":25}},"234":{"start":{"line":474,"column":8},"end":{"line":476,"column":11}},"235":{"start":{"line":475,"column":12},"end":{"line":475,"column":57}},"236":{"start":{"line":478,"column":8},"end":{"line":478,"column":34}},"237":{"start":{"line":479,"column":8},"end":{"line":479,"column":38}},"238":{"start":{"line":480,"column":8},"end":{"line":480,"column":56}},"239":{"start":{"line":482,"column":8},"end":{"line":488,"column":9}},"240":{"start":{"line":483,"column":12},"end":{"line":483,"column":36}},"241":{"start":{"line":484,"column":12},"end":{"line":484,"column":51}},"242":{"start":{"line":485,"column":12},"end":{"line":485,"column":24}},"243":{"start":{"line":486,"column":12},"end":{"line":486,"column":49}},"244":{"start":{"line":487,"column":12},"end":{"line":487,"column":67}},"245":{"start":{"line":491,"column":4},"end":{"line":511,"column":7}},"246":{"start":{"line":492,"column":8},"end":{"line":492,"column":27}},"247":{"start":{"line":493,"column":8},"end":{"line":493,"column":30}},"248":{"start":{"line":494,"column":8},"end":{"line":494,"column":25}},"249":{"start":{"line":496,"column":8},"end":{"line":498,"column":11}},"250":{"start":{"line":497,"column":12},"end":{"line":497,"column":57}},"251":{"start":{"line":500,"column":8},"end":{"line":500,"column":34}},"252":{"start":{"line":501,"column":8},"end":{"line":501,"column":38}},"253":{"start":{"line":502,"column":8},"end":{"line":502,"column":56}},"254":{"start":{"line":504,"column":8},"end":{"line":510,"column":9}},"255":{"start":{"line":505,"column":12},"end":{"line":505,"column":36}},"256":{"start":{"line":506,"column":12},"end":{"line":506,"column":51}},"257":{"start":{"line":507,"column":12},"end":{"line":507,"column":24}},"258":{"start":{"line":508,"column":12},"end":{"line":508,"column":49}},"259":{"start":{"line":509,"column":12},"end":{"line":509,"column":67}},"260":{"start":{"line":513,"column":4},"end":{"line":521,"column":7}},"261":{"start":{"line":514,"column":8},"end":{"line":514,"column":47}},"262":{"start":{"line":515,"column":8},"end":{"line":515,"column":34}},"263":{"start":{"line":516,"column":8},"end":{"line":520,"column":11}},"264":{"start":{"line":517,"column":12},"end":{"line":517,"column":31}},"265":{"start":{"line":518,"column":12},"end":{"line":518,"column":24}},"266":{"start":{"line":519,"column":12},"end":{"line":519,"column":49}},"267":{"start":{"line":523,"column":4},"end":{"line":536,"column":7}},"268":{"start":{"line":524,"column":8},"end":{"line":524,"column":27}},"269":{"start":{"line":525,"column":8},"end":{"line":525,"column":20}},"270":{"start":{"line":527,"column":8},"end":{"line":527,"column":27}},"271":{"start":{"line":528,"column":8},"end":{"line":528,"column":30}},"272":{"start":{"line":530,"column":8},"end":{"line":530,"column":33}},"273":{"start":{"line":532,"column":8},"end":{"line":532,"column":17}},"274":{"start":{"line":533,"column":8},"end":{"line":533,"column":17}},"275":{"start":{"line":535,"column":8},"end":{"line":535,"column":29}}},"branchMap":{"1":{"line":86,"type":"if","locations":[{"start":{"line":86,"column":12},"end":{"line":86,"column":12}},{"start":{"line":86,"column":12},"end":{"line":86,"column":12}}]},"2":{"line":91,"type":"if","locations":[{"start":{"line":91,"column":12},"end":{"line":91,"column":12}},{"start":{"line":91,"column":12},"end":{"line":91,"column":12}}]},"3":{"line":128,"type":"if","locations":[{"start":{"line":128,"column":20},"end":{"line":128,"column":20}},{"start":{"line":128,"column":20},"end":{"line":128,"column":20}}]},"4":{"line":192,"type":"if","locations":[{"start":{"line":192,"column":12},"end":{"line":192,"column":12}},{"start":{"line":192,"column":12},"end":{"line":192,"column":12}}]},"5":{"line":230,"type":"if","locations":[{"start":{"line":230,"column":20},"end":{"line":230,"column":20}},{"start":{"line":230,"column":20},"end":{"line":230,"column":20}}]},"6":{"line":277,"type":"if","locations":[{"start":{"line":277,"column":8},"end":{"line":277,"column":8}},{"start":{"line":277,"column":8},"end":{"line":277,"column":8}}]},"7":{"line":349,"type":"if","locations":[{"start":{"line":349,"column":16},"end":{"line":349,"column":16}},{"start":{"line":349,"column":16},"end":{"line":349,"column":16}}]},"8":{"line":353,"type":"if","locations":[{"start":{"line":353,"column":21},"end":{"line":353,"column":21}},{"start":{"line":353,"column":21},"end":{"line":353,"column":21}}]},"9":{"line":357,"type":"if","locations":[{"start":{"line":357,"column":21},"end":{"line":357,"column":21}},{"start":{"line":357,"column":21},"end":{"line":357,"column":21}}]}}},"/Users/cwilbur/Documents/Development/Code Samples/crazy-eights/card.js":{"path":"/Users/cwilbur/Documents/Development/Code Samples/crazy-eights/card.js","s":{"1":1,"2":1,"3":1,"4":45,"5":1,"6":145,"7":4,"8":141,"9":138,"10":3,"11":1,"12":2485,"13":2485,"14":36,"15":1,"16":1,"17":1,"18":5,"19":20,"20":4,"21":4,"22":4,"23":16,"24":4,"25":12,"26":12,"27":1,"28":4,"29":12,"30":12,"31":4,"32":4,"33":4,"34":4,"35":1,"36":368,"37":1,"38":160,"39":1,"40":160,"41":1,"42":2298,"43":1,"44":3041,"45":3041,"46":181,"47":1,"48":1,"49":1,"50":14,"51":42,"52":42,"53":26,"54":16,"55":14,"56":42,"57":6,"58":6,"59":6,"60":1,"61":481,"62":1,"63":169,"64":1,"65":2313,"66":1,"67":2360,"68":1,"69":2359,"70":222,"71":222,"72":152,"73":152,"74":70,"75":70,"76":52,"77":118,"78":2137,"79":2136,"80":2136,"81":52,"82":2084,"83":2084,"84":0,"85":1,"86":2188,"87":1,"88":15519,"89":1,"90":4591,"91":4591,"92":1,"93":260,"94":1,"95":52,"96":1,"97":52,"98":1,"99":145,"100":145,"101":1,"102":26,"103":26,"104":104,"105":1352,"106":26,"107":1,"108":24,"109":24,"110":1224,"111":1224,"112":1224,"113":1224,"114":24,"115":1,"116":756,"117":1,"118":104,"119":1,"120":104,"121":1,"122":104,"123":1,"124":2,"125":509,"126":1,"127":652,"128":652,"129":1,"130":104,"131":104,"132":1,"133":716,"134":1,"135":52,"136":1378,"137":52,"138":1},"b":{"1":[4,141],"2":[138,3],"3":[36,2449],"4":[4,16],"5":[4,12],"6":[181,2860],"7":[3041,2862],"8":[26,16],"9":[14,2],"10":[6,36],"11":[1,2359],"12":[222,2137],"13":[152,70],"14":[70,0],"15":[2136,1],"16":[4487,104]},"f":{"1":45,"2":145,"3":2485,"4":5,"5":20,"6":4,"7":4,"8":12,"9":4,"10":368,"11":160,"12":160,"13":2298,"14":3041,"15":14,"16":42,"17":6,"18":481,"19":169,"20":2313,"21":2360,"22":15519,"23":4591,"24":260,"25":52,"26":52,"27":145,"28":26,"29":104,"30":1352,"31":24,"32":756,"33":104,"34":104,"35":104,"36":2,"37":509,"38":652,"39":104,"40":716,"41":52,"42":1378},"fnMap":{"1":{"name":"ucfirst","line":17,"loc":{"start":{"line":17,"column":0},"end":{"line":17,"column":22}}},"2":{"name":"qw","line":21,"loc":{"start":{"line":21,"column":0},"end":{"line":21,"column":17}}},"3":{"name":"Suit","line":35,"loc":{"start":{"line":35,"column":0},"end":{"line":35,"column":23}}},"4":{"name":"(anonymous_4)","line":51,"loc":{"start":{"line":51,"column":62},"end":{"line":51,"column":77}}},"5":{"name":"(anonymous_5)","line":52,"loc":{"start":{"line":52,"column":28},"end":{"line":52,"column":51}}},"6":{"name":"(anonymous_6)","line":54,"loc":{"start":{"line":54,"column":36},"end":{"line":54,"column":51}}},"7":{"name":"(anonymous_7)","line":69,"loc":{"start":{"line":69,"column":24},"end":{"line":69,"column":47}}},"8":{"name":"(anonymous_8)","line":70,"loc":{"start":{"line":70,"column":43},"end":{"line":70,"column":58}}},"9":{"name":"(anonymous_9)","line":74,"loc":{"start":{"line":74,"column":28},"end":{"line":74,"column":43}}},"10":{"name":"(anonymous_10)","line":81,"loc":{"start":{"line":81,"column":26},"end":{"line":81,"column":38}}},"11":{"name":"(anonymous_11)","line":85,"loc":{"start":{"line":85,"column":26},"end":{"line":85,"column":38}}},"12":{"name":"(anonymous_12)","line":89,"loc":{"start":{"line":89,"column":24},"end":{"line":89,"column":36}}},"13":{"name":"(anonymous_13)","line":93,"loc":{"start":{"line":93,"column":25},"end":{"line":93,"column":37}}},"14":{"name":"Rank","line":99,"loc":{"start":{"line":99,"column":0},"end":{"line":99,"column":23}}},"15":{"name":"(anonymous_15)","line":124,"loc":{"start":{"line":124,"column":24},"end":{"line":124,"column":47}}},"16":{"name":"(anonymous_16)","line":125,"loc":{"start":{"line":125,"column":40},"end":{"line":125,"column":55}}},"17":{"name":"(anonymous_17)","line":135,"loc":{"start":{"line":135,"column":36},"end":{"line":135,"column":51}}},"18":{"name":"(anonymous_18)","line":143,"loc":{"start":{"line":143,"column":26},"end":{"line":143,"column":38}}},"19":{"name":"(anonymous_19)","line":147,"loc":{"start":{"line":147,"column":24},"end":{"line":147,"column":36}}},"20":{"name":"(anonymous_20)","line":151,"loc":{"start":{"line":151,"column":25},"end":{"line":151,"column":37}}},"21":{"name":"Card","line":157,"loc":{"start":{"line":157,"column":0},"end":{"line":157,"column":16}}},"22":{"name":"(anonymous_22)","line":200,"loc":{"start":{"line":200,"column":25},"end":{"line":200,"column":37}}},"23":{"name":"(anonymous_23)","line":204,"loc":{"start":{"line":204,"column":25},"end":{"line":204,"column":46}}},"24":{"name":"(anonymous_24)","line":209,"loc":{"start":{"line":209,"column":36},"end":{"line":209,"column":48}}},"25":{"name":"(anonymous_25)","line":213,"loc":{"start":{"line":213,"column":31},"end":{"line":213,"column":43}}},"26":{"name":"(anonymous_26)","line":217,"loc":{"start":{"line":217,"column":30},"end":{"line":217,"column":42}}},"27":{"name":"Deck","line":223,"loc":{"start":{"line":223,"column":0},"end":{"line":223,"column":16}}},"28":{"name":"(anonymous_28)","line":228,"loc":{"start":{"line":228,"column":25},"end":{"line":228,"column":37}}},"29":{"name":"(anonymous_29)","line":230,"loc":{"start":{"line":230,"column":26},"end":{"line":230,"column":46}}},"30":{"name":"(anonymous_30)","line":231,"loc":{"start":{"line":231,"column":48},"end":{"line":231,"column":68}}},"31":{"name":"(anonymous_31)","line":239,"loc":{"start":{"line":239,"column":25},"end":{"line":239,"column":37}}},"32":{"name":"(anonymous_32)","line":254,"loc":{"start":{"line":254,"column":29},"end":{"line":254,"column":41}}},"33":{"name":"(anonymous_33)","line":258,"loc":{"start":{"line":258,"column":32},"end":{"line":258,"column":44}}},"34":{"name":"(anonymous_34)","line":262,"loc":{"start":{"line":262,"column":25},"end":{"line":262,"column":37}}},"35":{"name":"(anonymous_35)","line":266,"loc":{"start":{"line":266,"column":28},"end":{"line":266,"column":40}}},"36":{"name":"(anonymous_36)","line":270,"loc":{"start":{"line":270,"column":22},"end":{"line":270,"column":34}}},"37":{"name":"(anonymous_37)","line":271,"loc":{"start":{"line":271,"column":20},"end":{"line":271,"column":36}}},"38":{"name":"(anonymous_38)","line":274,"loc":{"start":{"line":274,"column":28},"end":{"line":274,"column":44}}},"39":{"name":"(anonymous_39)","line":279,"loc":{"start":{"line":279,"column":31},"end":{"line":279,"column":47}}},"40":{"name":"(anonymous_40)","line":284,"loc":{"start":{"line":284,"column":23},"end":{"line":284,"column":35}}},"41":{"name":"(anonymous_41)","line":288,"loc":{"start":{"line":288,"column":28},"end":{"line":288,"column":44}}},"42":{"name":"(anonymous_42)","line":289,"loc":{"start":{"line":289,"column":35},"end":{"line":289,"column":47}}}},"statementMap":{"1":{"start":{"line":12,"column":0},"end":{"line":12,"column":13}},"2":{"start":{"line":13,"column":0},"end":{"line":13,"column":27}},"3":{"start":{"line":17,"column":0},"end":{"line":19,"column":1}},"4":{"start":{"line":18,"column":4},"end":{"line":18,"column":58}},"5":{"start":{"line":21,"column":0},"end":{"line":31,"column":1}},"6":{"start":{"line":22,"column":4},"end":{"line":30,"column":5}},"7":{"start":{"line":23,"column":8},"end":{"line":23,"column":32}},"8":{"start":{"line":25,"column":9},"end":{"line":30,"column":5}},"9":{"start":{"line":26,"column":8},"end":{"line":26,"column":32}},"10":{"start":{"line":29,"column":8},"end":{"line":29,"column":18}},"11":{"start":{"line":35,"column":0},"end":{"line":40,"column":1}},"12":{"start":{"line":36,"column":4},"end":{"line":36,"column":48}},"13":{"start":{"line":37,"column":4},"end":{"line":39,"column":5}},"14":{"start":{"line":38,"column":8},"end":{"line":38,"column":78}},"15":{"start":{"line":42,"column":0},"end":{"line":47,"column":2}},"16":{"start":{"line":49,"column":0},"end":{"line":49,"column":16}},"17":{"start":{"line":51,"column":0},"end":{"line":67,"column":3}},"18":{"start":{"line":52,"column":4},"end":{"line":66,"column":7}},"19":{"start":{"line":53,"column":8},"end":{"line":65,"column":9}},"20":{"start":{"line":54,"column":12},"end":{"line":57,"column":15}},"21":{"start":{"line":55,"column":16},"end":{"line":55,"column":40}},"22":{"start":{"line":56,"column":16},"end":{"line":56,"column":54}},"23":{"start":{"line":59,"column":13},"end":{"line":65,"column":9}},"24":{"start":{"line":60,"column":12},"end":{"line":60,"column":49}},"25":{"start":{"line":63,"column":12},"end":{"line":63,"column":42}},"26":{"start":{"line":64,"column":12},"end":{"line":64,"column":56}},"27":{"start":{"line":69,"column":0},"end":{"line":79,"column":3}},"28":{"start":{"line":70,"column":4},"end":{"line":73,"column":7}},"29":{"start":{"line":71,"column":8},"end":{"line":71,"column":38}},"30":{"start":{"line":72,"column":8},"end":{"line":72,"column":52}},"31":{"start":{"line":74,"column":4},"end":{"line":77,"column":7}},"32":{"start":{"line":75,"column":8},"end":{"line":75,"column":32}},"33":{"start":{"line":76,"column":8},"end":{"line":76,"column":46}},"34":{"start":{"line":78,"column":4},"end":{"line":78,"column":41}},"35":{"start":{"line":81,"column":0},"end":{"line":83,"column":2}},"36":{"start":{"line":82,"column":4},"end":{"line":82,"column":46}},"37":{"start":{"line":85,"column":0},"end":{"line":87,"column":2}},"38":{"start":{"line":86,"column":4},"end":{"line":86,"column":46}},"39":{"start":{"line":89,"column":0},"end":{"line":91,"column":2}},"40":{"start":{"line":90,"column":4},"end":{"line":90,"column":44}},"41":{"start":{"line":93,"column":0},"end":{"line":95,"column":2}},"42":{"start":{"line":94,"column":4},"end":{"line":94,"column":22}},"43":{"start":{"line":99,"column":0},"end":{"line":104,"column":1}},"44":{"start":{"line":100,"column":4},"end":{"line":100,"column":48}},"45":{"start":{"line":101,"column":4},"end":{"line":103,"column":5}},"46":{"start":{"line":102,"column":8},"end":{"line":102,"column":78}},"47":{"start":{"line":106,"column":0},"end":{"line":121,"column":2}},"48":{"start":{"line":123,"column":0},"end":{"line":123,"column":16}},"49":{"start":{"line":124,"column":0},"end":{"line":141,"column":3}},"50":{"start":{"line":125,"column":4},"end":{"line":140,"column":7}},"51":{"start":{"line":126,"column":8},"end":{"line":126,"column":38}},"52":{"start":{"line":127,"column":8},"end":{"line":132,"column":9}},"53":{"start":{"line":128,"column":12},"end":{"line":128,"column":56}},"54":{"start":{"line":130,"column":13},"end":{"line":132,"column":9}},"55":{"start":{"line":131,"column":12},"end":{"line":131,"column":51}},"56":{"start":{"line":134,"column":8},"end":{"line":139,"column":9}},"57":{"start":{"line":135,"column":12},"end":{"line":138,"column":15}},"58":{"start":{"line":136,"column":16},"end":{"line":136,"column":40}},"59":{"start":{"line":137,"column":16},"end":{"line":137,"column":54}},"60":{"start":{"line":143,"column":0},"end":{"line":145,"column":2}},"61":{"start":{"line":144,"column":4},"end":{"line":144,"column":46}},"62":{"start":{"line":147,"column":0},"end":{"line":149,"column":2}},"63":{"start":{"line":148,"column":4},"end":{"line":148,"column":44}},"64":{"start":{"line":151,"column":0},"end":{"line":153,"column":2}},"65":{"start":{"line":152,"column":4},"end":{"line":152,"column":22}},"66":{"start":{"line":157,"column":0},"end":{"line":198,"column":1}},"67":{"start":{"line":158,"column":4},"end":{"line":195,"column":5}},"68":{"start":{"line":159,"column":8},"end":{"line":159,"column":69}},"69":{"start":{"line":161,"column":9},"end":{"line":195,"column":5}},"70":{"start":{"line":162,"column":8},"end":{"line":175,"column":9}},"71":{"start":{"line":163,"column":12},"end":{"line":170,"column":13}},"72":{"start":{"line":164,"column":16},"end":{"line":164,"column":69}},"73":{"start":{"line":165,"column":16},"end":{"line":165,"column":69}},"74":{"start":{"line":167,"column":17},"end":{"line":170,"column":13}},"75":{"start":{"line":168,"column":16},"end":{"line":168,"column":66}},"76":{"start":{"line":169,"column":16},"end":{"line":169,"column":66}},"77":{"start":{"line":173,"column":12},"end":{"line":174,"column":52}},"78":{"start":{"line":177,"column":9},"end":{"line":195,"column":5}},"79":{"start":{"line":178,"column":8},"end":{"line":184,"column":9}},"80":{"start":{"line":179,"column":12},"end":{"line":179,"column":47}},"81":{"start":{"line":182,"column":12},"end":{"line":183,"column":52}},"82":{"start":{"line":185,"column":8},"end":{"line":191,"column":9}},"83":{"start":{"line":186,"column":12},"end":{"line":186,"column":47}},"84":{"start":{"line":189,"column":12},"end":{"line":190,"column":52}},"85":{"start":{"line":194,"column":8},"end":{"line":194,"column":75}},"86":{"start":{"line":197,"column":4},"end":{"line":197,"column":65}},"87":{"start":{"line":200,"column":0},"end":{"line":202,"column":2}},"88":{"start":{"line":201,"column":4},"end":{"line":201,"column":22}},"89":{"start":{"line":204,"column":0},"end":{"line":207,"column":2}},"90":{"start":{"line":205,"column":4},"end":{"line":205,"column":45}},"91":{"start":{"line":206,"column":4},"end":{"line":206,"column":35}},"92":{"start":{"line":209,"column":0},"end":{"line":211,"column":2}},"93":{"start":{"line":210,"column":4},"end":{"line":210,"column":55}},"94":{"start":{"line":213,"column":0},"end":{"line":215,"column":2}},"95":{"start":{"line":214,"column":4},"end":{"line":214,"column":55}},"96":{"start":{"line":217,"column":0},"end":{"line":219,"column":2}},"97":{"start":{"line":218,"column":4},"end":{"line":218,"column":60}},"98":{"start":{"line":223,"column":0},"end":{"line":226,"column":1}},"99":{"start":{"line":224,"column":4},"end":{"line":224,"column":20}},"100":{"start":{"line":225,"column":4},"end":{"line":225,"column":16}},"101":{"start":{"line":228,"column":0},"end":{"line":237,"column":2}},"102":{"start":{"line":229,"column":4},"end":{"line":229,"column":20}},"103":{"start":{"line":230,"column":4},"end":{"line":234,"column":7}},"104":{"start":{"line":231,"column":8},"end":{"line":233,"column":11}},"105":{"start":{"line":232,"column":12},"end":{"line":232,"column":58}},"106":{"start":{"line":236,"column":4},"end":{"line":236,"column":16}},"107":{"start":{"line":239,"column":0},"end":{"line":252,"column":2}},"108":{"start":{"line":244,"column":4},"end":{"line":244,"column":18}},"109":{"start":{"line":245,"column":4},"end":{"line":250,"column":5}},"110":{"start":{"line":246,"column":8},"end":{"line":246,"column":48}},"111":{"start":{"line":247,"column":8},"end":{"line":247,"column":28}},"112":{"start":{"line":248,"column":8},"end":{"line":248,"column":38}},"113":{"start":{"line":249,"column":8},"end":{"line":249,"column":28}},"114":{"start":{"line":251,"column":4},"end":{"line":251,"column":16}},"115":{"start":{"line":254,"column":0},"end":{"line":256,"column":2}},"116":{"start":{"line":255,"column":4},"end":{"line":255,"column":30}},"117":{"start":{"line":258,"column":0},"end":{"line":260,"column":2}},"118":{"start":{"line":259,"column":4},"end":{"line":259,"column":28}},"119":{"start":{"line":262,"column":0},"end":{"line":264,"column":2}},"120":{"start":{"line":263,"column":4},"end":{"line":263,"column":25}},"121":{"start":{"line":266,"column":0},"end":{"line":268,"column":2}},"122":{"start":{"line":267,"column":4},"end":{"line":267,"column":45}},"123":{"start":{"line":270,"column":0},"end":{"line":272,"column":2}},"124":{"start":{"line":271,"column":4},"end":{"line":271,"column":60}},"125":{"start":{"line":271,"column":38},"end":{"line":271,"column":57}},"126":{"start":{"line":274,"column":0},"end":{"line":277,"column":2}},"127":{"start":{"line":275,"column":4},"end":{"line":275,"column":29}},"128":{"start":{"line":276,"column":4},"end":{"line":276,"column":16}},"129":{"start":{"line":279,"column":0},"end":{"line":282,"column":2}},"130":{"start":{"line":280,"column":4},"end":{"line":280,"column":26}},"131":{"start":{"line":281,"column":4},"end":{"line":281,"column":16}},"132":{"start":{"line":284,"column":0},"end":{"line":286,"column":2}},"133":{"start":{"line":285,"column":4},"end":{"line":285,"column":29}},"134":{"start":{"line":288,"column":0},"end":{"line":293,"column":2}},"135":{"start":{"line":289,"column":4},"end":{"line":291,"column":7}},"136":{"start":{"line":290,"column":8},"end":{"line":290,"column":37}},"137":{"start":{"line":292,"column":4},"end":{"line":292,"column":16}},"138":{"start":{"line":297,"column":0},"end":{"line":305,"column":2}}},"branchMap":{"1":{"line":22,"type":"if","locations":[{"start":{"line":22,"column":4},"end":{"line":22,"column":4}},{"start":{"line":22,"column":4},"end":{"line":22,"column":4}}]},"2":{"line":25,"type":"if","locations":[{"start":{"line":25,"column":9},"end":{"line":25,"column":9}},{"start":{"line":25,"column":9},"end":{"line":25,"column":9}}]},"3":{"line":37,"type":"if","locations":[{"start":{"line":37,"column":4},"end":{"line":37,"column":4}},{"start":{"line":37,"column":4},"end":{"line":37,"column":4}}]},"4":{"line":53,"type":"if","locations":[{"start":{"line":53,"column":8},"end":{"line":53,"column":8}},{"start":{"line":53,"column":8},"end":{"line":53,"column":8}}]},"5":{"line":59,"type":"if","locations":[{"start":{"line":59,"column":13},"end":{"line":59,"column":13}},{"start":{"line":59,"column":13},"end":{"line":59,"column":13}}]},"6":{"line":101,"type":"if","locations":[{"start":{"line":101,"column":4},"end":{"line":101,"column":4}},{"start":{"line":101,"column":4},"end":{"line":101,"column":4}}]},"7":{"line":101,"type":"binary-expr","locations":[{"start":{"line":101,"column":8},"end":{"line":101,"column":32}},{"start":{"line":101,"column":36},"end":{"line":101,"column":52}}]},"8":{"line":127,"type":"if","locations":[{"start":{"line":127,"column":8},"end":{"line":127,"column":8}},{"start":{"line":127,"column":8},"end":{"line":127,"column":8}}]},"9":{"line":130,"type":"if","locations":[{"start":{"line":130,"column":13},"end":{"line":130,"column":13}},{"start":{"line":130,"column":13},"end":{"line":130,"column":13}}]},"10":{"line":134,"type":"if","locations":[{"start":{"line":134,"column":8},"end":{"line":134,"column":8}},{"start":{"line":134,"column":8},"end":{"line":134,"column":8}}]},"11":{"line":158,"type":"if","locations":[{"start":{"line":158,"column":4},"end":{"line":158,"column":4}},{"start":{"line":158,"column":4},"end":{"line":158,"column":4}}]},"12":{"line":161,"type":"if","locations":[{"start":{"line":161,"column":9},"end":{"line":161,"column":9}},{"start":{"line":161,"column":9},"end":{"line":161,"column":9}}]},"13":{"line":163,"type":"if","locations":[{"start":{"line":163,"column":12},"end":{"line":163,"column":12}},{"start":{"line":163,"column":12},"end":{"line":163,"column":12}}]},"14":{"line":167,"type":"if","locations":[{"start":{"line":167,"column":17},"end":{"line":167,"column":17}},{"start":{"line":167,"column":17},"end":{"line":167,"column":17}}]},"15":{"line":177,"type":"if","locations":[{"start":{"line":177,"column":9},"end":{"line":177,"column":9}},{"start":{"line":177,"column":9},"end":{"line":177,"column":9}}]},"16":{"line":206,"type":"cond-expr","locations":[{"start":{"line":206,"column":15},"end":{"line":206,"column":30}},{"start":{"line":206,"column":33},"end":{"line":206,"column":34}}]}}},"/Users/cwilbur/Documents/Development/Code Samples/crazy-eights/spec/server.spec.js":{"path":"/Users/cwilbur/Documents/Development/Code Samples/crazy-eights/spec/server.spec.js","s":{"1":1,"2":1,"3":1,"4":1,"5":1,"6":1,"7":0,"8":1,"9":1,"10":1,"11":1,"12":27,"13":27,"14":27,"15":1,"16":1,"17":1,"18":1,"19":1,"20":1,"21":1,"22":10000,"23":10000,"24":10000,"25":1,"26":1,"27":1,"28":1,"29":1,"30":1,"31":26,"32":26,"33":26,"34":26,"35":26,"36":26,"37":26,"38":26,"39":1,"40":1,"41":1,"42":1,"43":1,"44":1,"45":26,"46":104,"47":26,"48":26,"49":26,"50":26,"51":26,"52":1,"53":26,"54":1,"55":26,"56":26,"57":26,"58":26,"59":1,"60":1,"61":1,"62":1,"63":26,"64":156,"65":26,"66":26,"67":26,"68":26,"69":26,"70":1,"71":1,"72":1,"73":26,"74":11,"75":15,"76":1,"77":15,"78":1,"79":1,"80":4,"81":4,"82":4,"83":4,"84":4,"85":1,"86":7,"87":1,"88":7,"89":7,"90":7,"91":1,"92":1,"93":1,"94":1,"95":4,"96":4,"97":4,"98":4,"99":4,"100":10,"101":10,"102":4,"103":4,"104":4,"105":4,"106":4,"107":4,"108":4,"109":4,"110":1,"111":1,"112":1,"113":1,"114":4,"115":4,"116":4,"117":4,"118":4,"119":4,"120":1,"121":1,"122":4,"123":4,"124":4,"125":4,"126":4,"127":1,"128":4,"129":4},"b":{"1":[11,15],"2":[1,3]},"f":{"1":0,"2":1,"3":1,"4":1,"5":1,"6":1,"7":26,"8":1,"9":26,"10":104,"11":26,"12":26,"13":1,"14":26,"15":156,"16":26,"17":15,"18":7,"19":7,"20":1,"21":1,"22":4,"23":1,"24":4,"25":4},"fnMap":{"1":{"name":"dump","line":24,"loc":{"start":{"line":24,"column":0},"end":{"line":24,"column":19}}},"2":{"name":"(anonymous_2)","line":28,"loc":{"start":{"line":28,"column":41},"end":{"line":28,"column":53}}},"3":{"name":"(anonymous_3)","line":29,"loc":{"start":{"line":29,"column":49},"end":{"line":29,"column":61}}},"4":{"name":"(anonymous_4)","line":42,"loc":{"start":{"line":42,"column":36},"end":{"line":42,"column":48}}},"5":{"name":"(anonymous_5)","line":56,"loc":{"start":{"line":56,"column":33},"end":{"line":56,"column":44}}},"6":{"name":"(anonymous_6)","line":58,"loc":{"start":{"line":58,"column":69},"end":{"line":58,"column":79}}},"7":{"name":"(anonymous_7)","line":62,"loc":{"start":{"line":62,"column":32},"end":{"line":62,"column":52}}},"8":{"name":"(anonymous_8)","line":81,"loc":{"start":{"line":81,"column":8},"end":{"line":81,"column":18}}},"9":{"name":"(anonymous_9)","line":85,"loc":{"start":{"line":85,"column":36},"end":{"line":85,"column":52}}},"10":{"name":"(anonymous_10)","line":87,"loc":{"start":{"line":87,"column":28},"end":{"line":87,"column":45}}},"11":{"name":"(anonymous_11)","line":96,"loc":{"start":{"line":96,"column":47},"end":{"line":96,"column":63}}},"12":{"name":"(anonymous_12)","line":100,"loc":{"start":{"line":100,"column":47},"end":{"line":100,"column":62}}},"13":{"name":"(anonymous_13)","line":110,"loc":{"start":{"line":110,"column":8},"end":{"line":110,"column":18}}},"14":{"name":"(anonymous_14)","line":114,"loc":{"start":{"line":114,"column":36},"end":{"line":114,"column":52}}},"15":{"name":"(anonymous_15)","line":116,"loc":{"start":{"line":116,"column":28},"end":{"line":116,"column":45}}},"16":{"name":"(anonymous_16)","line":128,"loc":{"start":{"line":128,"column":47},"end":{"line":128,"column":64}}},"17":{"name":"(anonymous_17)","line":137,"loc":{"start":{"line":137,"column":29},"end":{"line":137,"column":42}}},"18":{"name":"(anonymous_18)","line":149,"loc":{"start":{"line":149,"column":32},"end":{"line":149,"column":45}}},"19":{"name":"(anonymous_19)","line":151,"loc":{"start":{"line":151,"column":32},"end":{"line":151,"column":45}}},"20":{"name":"(anonymous_20)","line":160,"loc":{"start":{"line":160,"column":31},"end":{"line":160,"column":41}}},"21":{"name":"(anonymous_21)","line":161,"loc":{"start":{"line":161,"column":57},"end":{"line":161,"column":67}}},"22":{"name":"(anonymous_22)","line":163,"loc":{"start":{"line":163,"column":29},"end":{"line":163,"column":52}}},"23":{"name":"(anonymous_23)","line":185,"loc":{"start":{"line":185,"column":50},"end":{"line":185,"column":62}}},"24":{"name":"(anonymous_24)","line":194,"loc":{"start":{"line":194,"column":22},"end":{"line":194,"column":42}}},"25":{"name":"(anonymous_25)","line":206,"loc":{"start":{"line":206,"column":22},"end":{"line":206,"column":45}}}},"statementMap":{"1":{"start":{"line":11,"column":0},"end":{"line":11,"column":27}},"2":{"start":{"line":13,"column":0},"end":{"line":13,"column":50}},"3":{"start":{"line":14,"column":0},"end":{"line":14,"column":38}},"4":{"start":{"line":15,"column":0},"end":{"line":15,"column":38}},"5":{"start":{"line":17,"column":0},"end":{"line":22,"column":2}},"6":{"start":{"line":24,"column":0},"end":{"line":26,"column":1}},"7":{"start":{"line":25,"column":4},"end":{"line":25,"column":57}},"8":{"start":{"line":28,"column":0},"end":{"line":54,"column":3}},"9":{"start":{"line":29,"column":4},"end":{"line":36,"column":7}},"10":{"start":{"line":30,"column":8},"end":{"line":30,"column":19}},"11":{"start":{"line":31,"column":8},"end":{"line":35,"column":9}},"12":{"start":{"line":32,"column":12},"end":{"line":32,"column":40}},"13":{"start":{"line":33,"column":12},"end":{"line":33,"column":39}},"14":{"start":{"line":34,"column":12},"end":{"line":34,"column":60}},"15":{"start":{"line":38,"column":4},"end":{"line":38,"column":24}},"16":{"start":{"line":39,"column":4},"end":{"line":39,"column":29}},"17":{"start":{"line":41,"column":4},"end":{"line":53,"column":7}},"18":{"start":{"line":43,"column":8},"end":{"line":43,"column":14}},"19":{"start":{"line":44,"column":8},"end":{"line":44,"column":16}},"20":{"start":{"line":45,"column":8},"end":{"line":45,"column":25}},"21":{"start":{"line":47,"column":8},"end":{"line":51,"column":9}},"22":{"start":{"line":48,"column":12},"end":{"line":48,"column":41}},"23":{"start":{"line":49,"column":12},"end":{"line":49,"column":51}},"24":{"start":{"line":50,"column":12},"end":{"line":50,"column":32}},"25":{"start":{"line":52,"column":8},"end":{"line":52,"column":66}},"26":{"start":{"line":56,"column":0},"end":{"line":158,"column":3}},"27":{"start":{"line":58,"column":4},"end":{"line":78,"column":7}},"28":{"start":{"line":59,"column":8},"end":{"line":59,"column":32}},"29":{"start":{"line":60,"column":8},"end":{"line":60,"column":33}},"30":{"start":{"line":62,"column":8},"end":{"line":72,"column":11}},"31":{"start":{"line":63,"column":12},"end":{"line":63,"column":60}},"32":{"start":{"line":64,"column":12},"end":{"line":64,"column":71}},"33":{"start":{"line":65,"column":12},"end":{"line":65,"column":47}},"34":{"start":{"line":66,"column":12},"end":{"line":66,"column":44}},"35":{"start":{"line":67,"column":12},"end":{"line":67,"column":59}},"36":{"start":{"line":68,"column":12},"end":{"line":68,"column":46}},"37":{"start":{"line":70,"column":12},"end":{"line":70,"column":43}},"38":{"start":{"line":71,"column":12},"end":{"line":71,"column":45}},"39":{"start":{"line":74,"column":8},"end":{"line":75,"column":45}},"40":{"start":{"line":76,"column":8},"end":{"line":77,"column":45}},"41":{"start":{"line":80,"column":4},"end":{"line":106,"column":11}},"42":{"start":{"line":82,"column":12},"end":{"line":82,"column":56}},"43":{"start":{"line":83,"column":12},"end":{"line":83,"column":35}},"44":{"start":{"line":85,"column":12},"end":{"line":94,"column":15}},"45":{"start":{"line":86,"column":16},"end":{"line":87,"column":81}},"46":{"start":{"line":87,"column":47},"end":{"line":87,"column":78}},"47":{"start":{"line":88,"column":16},"end":{"line":88,"column":78}},"48":{"start":{"line":89,"column":16},"end":{"line":89,"column":40}},"49":{"start":{"line":90,"column":16},"end":{"line":90,"column":67}},"50":{"start":{"line":92,"column":16},"end":{"line":92,"column":72}},"51":{"start":{"line":93,"column":16},"end":{"line":93,"column":41}},"52":{"start":{"line":96,"column":12},"end":{"line":98,"column":15}},"53":{"start":{"line":97,"column":16},"end":{"line":97,"column":52}},"54":{"start":{"line":100,"column":12},"end":{"line":105,"column":15}},"55":{"start":{"line":101,"column":16},"end":{"line":101,"column":45}},"56":{"start":{"line":102,"column":16},"end":{"line":102,"column":59}},"57":{"start":{"line":103,"column":16},"end":{"line":103,"column":68}},"58":{"start":{"line":104,"column":16},"end":{"line":104,"column":48}},"59":{"start":{"line":108,"column":4},"end":{"line":156,"column":11}},"60":{"start":{"line":111,"column":12},"end":{"line":111,"column":69}},"61":{"start":{"line":112,"column":12},"end":{"line":112,"column":35}},"62":{"start":{"line":114,"column":12},"end":{"line":123,"column":15}},"63":{"start":{"line":115,"column":16},"end":{"line":116,"column":81}},"64":{"start":{"line":116,"column":47},"end":{"line":116,"column":78}},"65":{"start":{"line":117,"column":16},"end":{"line":117,"column":78}},"66":{"start":{"line":118,"column":16},"end":{"line":118,"column":40}},"67":{"start":{"line":119,"column":16},"end":{"line":119,"column":67}},"68":{"start":{"line":121,"column":16},"end":{"line":121,"column":72}},"69":{"start":{"line":122,"column":16},"end":{"line":122,"column":41}},"70":{"start":{"line":125,"column":12},"end":{"line":125,"column":30}},"71":{"start":{"line":126,"column":12},"end":{"line":126,"column":33}},"72":{"start":{"line":128,"column":12},"end":{"line":135,"column":15}},"73":{"start":{"line":129,"column":16},"end":{"line":134,"column":17}},"74":{"start":{"line":130,"column":20},"end":{"line":130,"column":59}},"75":{"start":{"line":133,"column":20},"end":{"line":133,"column":56}},"76":{"start":{"line":137,"column":12},"end":{"line":137,"column":65}},"77":{"start":{"line":137,"column":44},"end":{"line":137,"column":61}},"78":{"start":{"line":139,"column":12},"end":{"line":139,"column":18}},"79":{"start":{"line":140,"column":12},"end":{"line":147,"column":13}},"80":{"start":{"line":141,"column":16},"end":{"line":141,"column":44}},"81":{"start":{"line":142,"column":16},"end":{"line":142,"column":33}},"82":{"start":{"line":144,"column":16},"end":{"line":144,"column":59}},"83":{"start":{"line":145,"column":16},"end":{"line":145,"column":52}},"84":{"start":{"line":146,"column":16},"end":{"line":146,"column":48}},"85":{"start":{"line":149,"column":12},"end":{"line":149,"column":67}},"86":{"start":{"line":149,"column":46},"end":{"line":149,"column":63}},"87":{"start":{"line":151,"column":12},"end":{"line":155,"column":15}},"88":{"start":{"line":152,"column":16},"end":{"line":152,"column":59}},"89":{"start":{"line":153,"column":16},"end":{"line":153,"column":52}},"90":{"start":{"line":154,"column":16},"end":{"line":154,"column":48}},"91":{"start":{"line":160,"column":0},"end":{"line":222,"column":3}},"92":{"start":{"line":161,"column":4},"end":{"line":183,"column":7}},"93":{"start":{"line":162,"column":8},"end":{"line":162,"column":61}},"94":{"start":{"line":163,"column":8},"end":{"line":182,"column":11}},"95":{"start":{"line":164,"column":12},"end":{"line":164,"column":35}},"96":{"start":{"line":165,"column":12},"end":{"line":165,"column":75}},"97":{"start":{"line":166,"column":12},"end":{"line":166,"column":29}},"98":{"start":{"line":167,"column":12},"end":{"line":167,"column":55}},"99":{"start":{"line":169,"column":12},"end":{"line":172,"column":13}},"100":{"start":{"line":170,"column":16},"end":{"line":170,"column":69}},"101":{"start":{"line":171,"column":16},"end":{"line":171,"column":33}},"102":{"start":{"line":174,"column":12},"end":{"line":174,"column":58}},"103":{"start":{"line":175,"column":12},"end":{"line":175,"column":63}},"104":{"start":{"line":176,"column":12},"end":{"line":176,"column":73}},"105":{"start":{"line":177,"column":12},"end":{"line":177,"column":53}},"106":{"start":{"line":178,"column":12},"end":{"line":178,"column":48}},"107":{"start":{"line":179,"column":12},"end":{"line":179,"column":51}},"108":{"start":{"line":180,"column":12},"end":{"line":180,"column":43}},"109":{"start":{"line":181,"column":12},"end":{"line":181,"column":47}},"110":{"start":{"line":185,"column":4},"end":{"line":220,"column":7}},"111":{"start":{"line":186,"column":8},"end":{"line":190,"column":10}},"112":{"start":{"line":192,"column":8},"end":{"line":192,"column":35}},"113":{"start":{"line":194,"column":8},"end":{"line":202,"column":11}},"114":{"start":{"line":195,"column":12},"end":{"line":195,"column":18}},"115":{"start":{"line":196,"column":12},"end":{"line":198,"column":13}},"116":{"start":{"line":197,"column":16},"end":{"line":197,"column":31}},"117":{"start":{"line":199,"column":12},"end":{"line":199,"column":55}},"118":{"start":{"line":200,"column":12},"end":{"line":200,"column":30}},"119":{"start":{"line":201,"column":12},"end":{"line":201,"column":33}},"120":{"start":{"line":204,"column":8},"end":{"line":204,"column":26}},"121":{"start":{"line":206,"column":8},"end":{"line":217,"column":11}},"122":{"start":{"line":207,"column":12},"end":{"line":207,"column":42}},"123":{"start":{"line":209,"column":12},"end":{"line":209,"column":62}},"124":{"start":{"line":210,"column":12},"end":{"line":210,"column":61}},"125":{"start":{"line":211,"column":12},"end":{"line":211,"column":69}},"126":{"start":{"line":212,"column":12},"end":{"line":214,"column":13}},"127":{"start":{"line":213,"column":16},"end":{"line":213,"column":79}},"128":{"start":{"line":215,"column":12},"end":{"line":215,"column":24}},"129":{"start":{"line":216,"column":12},"end":{"line":216,"column":27}}},"branchMap":{"1":{"line":129,"type":"if","locations":[{"start":{"line":129,"column":16},"end":{"line":129,"column":16}},{"start":{"line":129,"column":16},"end":{"line":129,"column":16}}]},"2":{"line":212,"type":"if","locations":[{"start":{"line":212,"column":12},"end":{"line":212,"column":12}},{"start":{"line":212,"column":12},"end":{"line":212,"column":12}}]}}},"/Users/cwilbur/Documents/Development/Code Samples/crazy-eights/crazy-eights-server.js":{"path":"/Users/cwilbur/Documents/Development/Code Samples/crazy-eights/crazy-eights-server.js","s":{"1":1,"2":1,"3":1,"4":1,"5":1,"6":1,"7":1,"8":10119,"9":10119,"10":10119,"11":161931,"12":10119,"13":1,"14":92,"15":92,"16":92,"17":92,"18":92,"19":92,"20":92,"21":92,"22":1,"23":1,"24":1,"25":66,"26":45,"27":17,"28":45,"29":21,"30":3,"31":3,"32":18,"33":18,"34":28,"35":28,"36":28,"37":18,"38":1,"39":21,"40":21,"41":21,"42":21,"43":21,"44":21,"45":21,"46":21,"47":21,"48":21,"49":1,"50":1,"51":1,"52":117,"53":1,"54":8,"55":8,"56":1,"57":7,"58":7,"59":3,"60":3,"61":8,"62":1,"63":4,"64":4,"65":4,"66":1,"67":4,"68":4,"69":4,"70":1,"71":4,"72":1,"73":66,"74":38,"75":28,"76":66,"77":66,"78":20,"79":20,"80":66,"81":1,"82":20,"83":20,"84":20,"85":160,"86":528,"87":528,"88":20,"89":20,"90":20,"91":1,"92":0,"93":0,"94":0,"95":0,"96":0,"97":0,"98":0,"99":0,"100":0,"101":0,"102":0,"103":0,"104":0,"105":0,"106":0,"107":0,"108":0,"109":0,"110":0,"111":1,"112":0,"113":0,"114":0,"115":0,"116":0,"117":0,"118":0,"119":0,"120":0,"121":0,"122":0,"123":0,"124":1,"125":0,"126":0,"127":0,"128":1,"129":0,"130":0,"131":0,"132":0,"133":0,"134":0,"135":0,"136":0,"137":0,"138":0,"139":0,"140":0,"141":0,"142":0,"143":0,"144":0,"145":0,"146":0,"147":0,"148":1,"149":0,"150":0,"151":0,"152":0,"153":0,"154":0,"155":0,"156":0,"157":0,"158":0,"159":0,"160":0,"161":0,"162":0,"163":1,"164":0,"165":0,"166":0,"167":0,"168":0,"169":0,"170":1,"171":1,"172":1,"173":0,"174":0,"175":0,"176":0,"177":0,"178":0,"179":0,"180":0,"181":0,"182":0,"183":0,"184":0,"185":0,"186":0,"187":0,"188":0,"189":0,"190":0,"191":0,"192":0,"193":0,"194":0,"195":0,"196":0,"197":0,"198":0},"b":{"1":[45,21],"2":[17,28],"3":[3,18],"4":[28,0],"5":[1,7],"6":[3,4],"7":[1,3],"8":[38,28],"9":[20,46],"10":[0,0],"11":[0,0],"12":[0,0],"13":[0,0],"14":[0,0],"15":[0,0],"16":[0,0],"17":[0,0],"18":[0,0,0],"19":[0,0],"20":[0,0],"21":[0,0],"22":[0,0],"23":[0,0],"24":[0,0],"25":[0,0],"26":[0,0],"27":[0,1],"28":[0,0],"29":[0,0]},"f":{"1":10119,"2":92,"3":66,"4":28,"5":21,"6":117,"7":8,"8":4,"9":4,"10":66,"11":20,"12":528,"13":0,"14":0,"15":0,"16":0,"17":0,"18":0,"19":0,"20":0,"21":0,"22":0,"23":0,"24":0,"25":0,"26":0,"27":0,"28":0},"fnMap":{"1":{"name":"generateKey","line":25,"loc":{"start":{"line":25,"column":0},"end":{"line":25,"column":29}}},"2":{"name":"Player","line":36,"loc":{"start":{"line":36,"column":0},"end":{"line":36,"column":52}}},"3":{"name":"(anonymous_3)","line":50,"loc":{"start":{"line":50,"column":32},"end":{"line":50,"column":44}}},"4":{"name":"(anonymous_4)","line":73,"loc":{"start":{"line":73,"column":47},"end":{"line":73,"column":62}}},"5":{"name":"Game","line":86,"loc":{"start":{"line":86,"column":0},"end":{"line":86,"column":30}}},"6":{"name":"(anonymous_6)","line":103,"loc":{"start":{"line":103,"column":24},"end":{"line":103,"column":36}}},"7":{"name":"(anonymous_7)","line":107,"loc":{"start":{"line":107,"column":41},"end":{"line":107,"column":53}}},"8":{"name":"(anonymous_8)","line":124,"loc":{"start":{"line":124,"column":28},"end":{"line":124,"column":40}}},"9":{"name":"(anonymous_9)","line":130,"loc":{"start":{"line":130,"column":28},"end":{"line":130,"column":56}}},"10":{"name":"(anonymous_10)","line":139,"loc":{"start":{"line":139,"column":27},"end":{"line":139,"column":45}}},"11":{"name":"(anonymous_11)","line":158,"loc":{"start":{"line":158,"column":23},"end":{"line":158,"column":35}}},"12":{"name":"(anonymous_12)","line":163,"loc":{"start":{"line":163,"column":29},"end":{"line":163,"column":46}}},"13":{"name":"(anonymous_13)","line":174,"loc":{"start":{"line":174,"column":24},"end":{"line":174,"column":42}}},"14":{"name":"(anonymous_14)","line":179,"loc":{"start":{"line":179,"column":42},"end":{"line":179,"column":55}}},"15":{"name":"(anonymous_15)","line":189,"loc":{"start":{"line":189,"column":38},"end":{"line":189,"column":51}}},"16":{"name":"(anonymous_16)","line":193,"loc":{"start":{"line":193,"column":17},"end":{"line":193,"column":36}}},"17":{"name":"(anonymous_17)","line":214,"loc":{"start":{"line":214,"column":22},"end":{"line":214,"column":40}}},"18":{"name":"(anonymous_18)","line":236,"loc":{"start":{"line":236,"column":29},"end":{"line":236,"column":45}}},"19":{"name":"(anonymous_19)","line":247,"loc":{"start":{"line":247,"column":22},"end":{"line":247,"column":52}}},"20":{"name":"(anonymous_20)","line":286,"loc":{"start":{"line":286,"column":16},"end":{"line":286,"column":33}}},"21":{"name":"(anonymous_21)","line":297,"loc":{"start":{"line":297,"column":16},"end":{"line":297,"column":33}}},"22":{"name":"(anonymous_22)","line":307,"loc":{"start":{"line":307,"column":16},"end":{"line":307,"column":33}}},"23":{"name":"(anonymous_23)","line":316,"loc":{"start":{"line":316,"column":16},"end":{"line":316,"column":33}}},"24":{"name":"consolidateInputs","line":324,"loc":{"start":{"line":324,"column":0},"end":{"line":324,"column":79}}},"25":{"name":"(anonymous_25)","line":327,"loc":{"start":{"line":327,"column":62},"end":{"line":327,"column":77}}},"26":{"name":"(anonymous_26)","line":356,"loc":{"start":{"line":356,"column":22},"end":{"line":356,"column":50}}},"27":{"name":"(anonymous_27)","line":366,"loc":{"start":{"line":366,"column":31},"end":{"line":366,"column":47}}},"28":{"name":"(anonymous_28)","line":367,"loc":{"start":{"line":367,"column":30},"end":{"line":367,"column":42}}}},"statementMap":{"1":{"start":{"line":14,"column":0},"end":{"line":14,"column":27}},"2":{"start":{"line":15,"column":0},"end":{"line":15,"column":25}},"3":{"start":{"line":16,"column":0},"end":{"line":16,"column":32}},"4":{"start":{"line":18,"column":0},"end":{"line":18,"column":27}},"5":{"start":{"line":20,"column":0},"end":{"line":20,"column":37}},"6":{"start":{"line":21,"column":0},"end":{"line":21,"column":37}},"7":{"start":{"line":25,"column":0},"end":{"line":34,"column":1}},"8":{"start":{"line":26,"column":4},"end":{"line":26,"column":10}},"9":{"start":{"line":27,"column":4},"end":{"line":27,"column":17}},"10":{"start":{"line":29,"column":4},"end":{"line":31,"column":5}},"11":{"start":{"line":30,"column":8},"end":{"line":30,"column":57}},"12":{"start":{"line":33,"column":4},"end":{"line":33,"column":15}},"13":{"start":{"line":36,"column":0},"end":{"line":45,"column":1}},"14":{"start":{"line":37,"column":4},"end":{"line":37,"column":21}},"15":{"start":{"line":38,"column":4},"end":{"line":38,"column":29}},"16":{"start":{"line":39,"column":4},"end":{"line":39,"column":43}},"17":{"start":{"line":40,"column":4},"end":{"line":40,"column":36}},"18":{"start":{"line":41,"column":4},"end":{"line":41,"column":22}},"19":{"start":{"line":42,"column":4},"end":{"line":42,"column":37}},"20":{"start":{"line":43,"column":4},"end":{"line":43,"column":27}},"21":{"start":{"line":44,"column":4},"end":{"line":44,"column":16}},"22":{"start":{"line":47,"column":0},"end":{"line":47,"column":20}},"23":{"start":{"line":48,"column":0},"end":{"line":48,"column":23}},"24":{"start":{"line":50,"column":0},"end":{"line":82,"column":2}},"25":{"start":{"line":54,"column":4},"end":{"line":81,"column":5}},"26":{"start":{"line":55,"column":8},"end":{"line":57,"column":9}},"27":{"start":{"line":56,"column":12},"end":{"line":56,"column":85}},"28":{"start":{"line":58,"column":8},"end":{"line":58,"column":64}},"29":{"start":{"line":63,"column":9},"end":{"line":81,"column":5}},"30":{"start":{"line":64,"column":8},"end":{"line":64,"column":43}},"31":{"start":{"line":65,"column":8},"end":{"line":65,"column":45}},"32":{"start":{"line":72,"column":8},"end":{"line":72,"column":49}},"33":{"start":{"line":73,"column":8},"end":{"line":78,"column":11}},"34":{"start":{"line":74,"column":12},"end":{"line":74,"column":51}},"35":{"start":{"line":75,"column":12},"end":{"line":77,"column":13}},"36":{"start":{"line":76,"column":16},"end":{"line":76,"column":39}},"37":{"start":{"line":80,"column":8},"end":{"line":80,"column":36}},"38":{"start":{"line":86,"column":0},"end":{"line":98,"column":1}},"39":{"start":{"line":88,"column":4},"end":{"line":88,"column":41}},"40":{"start":{"line":89,"column":4},"end":{"line":89,"column":22}},"41":{"start":{"line":90,"column":4},"end":{"line":90,"column":27}},"42":{"start":{"line":91,"column":4},"end":{"line":91,"column":51}},"43":{"start":{"line":92,"column":4},"end":{"line":92,"column":34}},"44":{"start":{"line":93,"column":4},"end":{"line":93,"column":32}},"45":{"start":{"line":94,"column":4},"end":{"line":94,"column":22}},"46":{"start":{"line":95,"column":4},"end":{"line":95,"column":26}},"47":{"start":{"line":96,"column":4},"end":{"line":96,"column":28}},"48":{"start":{"line":97,"column":4},"end":{"line":97,"column":16}},"49":{"start":{"line":100,"column":0},"end":{"line":100,"column":23}},"50":{"start":{"line":101,"column":0},"end":{"line":101,"column":21}},"51":{"start":{"line":103,"column":0},"end":{"line":105,"column":2}},"52":{"start":{"line":104,"column":4},"end":{"line":104,"column":55}},"53":{"start":{"line":107,"column":0},"end":{"line":122,"column":2}},"54":{"start":{"line":108,"column":4},"end":{"line":108,"column":15}},"55":{"start":{"line":110,"column":4},"end":{"line":119,"column":5}},"56":{"start":{"line":111,"column":8},"end":{"line":111,"column":63}},"57":{"start":{"line":114,"column":8},"end":{"line":114,"column":36}},"58":{"start":{"line":115,"column":8},"end":{"line":118,"column":9}},"59":{"start":{"line":116,"column":12},"end":{"line":116,"column":38}},"60":{"start":{"line":117,"column":12},"end":{"line":117,"column":67}},"61":{"start":{"line":121,"column":4},"end":{"line":121,"column":18}},"62":{"start":{"line":124,"column":0},"end":{"line":128,"column":2}},"63":{"start":{"line":125,"column":4},"end":{"line":125,"column":48}},"64":{"start":{"line":126,"column":4},"end":{"line":126,"column":19}},"65":{"start":{"line":127,"column":4},"end":{"line":127,"column":30}},"66":{"start":{"line":130,"column":0},"end":{"line":137,"column":2}},"67":{"start":{"line":131,"column":4},"end":{"line":131,"column":48}},"68":{"start":{"line":132,"column":4},"end":{"line":132,"column":33}},"69":{"start":{"line":133,"column":4},"end":{"line":135,"column":5}},"70":{"start":{"line":134,"column":8},"end":{"line":134,"column":49}},"71":{"start":{"line":136,"column":4},"end":{"line":136,"column":30}},"72":{"start":{"line":139,"column":0},"end":{"line":156,"column":2}},"73":{"start":{"line":140,"column":4},"end":{"line":145,"column":5}},"74":{"start":{"line":141,"column":8},"end":{"line":141,"column":34}},"75":{"start":{"line":144,"column":8},"end":{"line":144,"column":37}},"76":{"start":{"line":147,"column":4},"end":{"line":147,"column":44}},"77":{"start":{"line":149,"column":4},"end":{"line":154,"column":5}},"78":{"start":{"line":151,"column":8},"end":{"line":151,"column":54}},"79":{"start":{"line":152,"column":8},"end":{"line":152,"column":21}},"80":{"start":{"line":155,"column":4},"end":{"line":155,"column":16}},"81":{"start":{"line":158,"column":0},"end":{"line":172,"column":2}},"82":{"start":{"line":159,"column":4},"end":{"line":159,"column":10}},"83":{"start":{"line":160,"column":4},"end":{"line":160,"column":20}},"84":{"start":{"line":162,"column":4},"end":{"line":167,"column":5}},"85":{"start":{"line":163,"column":8},"end":{"line":166,"column":11}},"86":{"start":{"line":164,"column":12},"end":{"line":164,"column":51}},"87":{"start":{"line":165,"column":12},"end":{"line":165,"column":41}},"88":{"start":{"line":169,"column":4},"end":{"line":169,"column":40}},"89":{"start":{"line":170,"column":4},"end":{"line":170,"column":35}},"90":{"start":{"line":171,"column":4},"end":{"line":171,"column":16}},"91":{"start":{"line":174,"column":0},"end":{"line":212,"column":2}},"92":{"start":{"line":175,"column":4},"end":{"line":175,"column":20}},"93":{"start":{"line":177,"column":4},"end":{"line":209,"column":5}},"94":{"start":{"line":179,"column":8},"end":{"line":181,"column":11}},"95":{"start":{"line":180,"column":12},"end":{"line":180,"column":79}},"96":{"start":{"line":182,"column":8},"end":{"line":182,"column":53}},"97":{"start":{"line":183,"column":8},"end":{"line":183,"column":64}},"98":{"start":{"line":184,"column":8},"end":{"line":186,"column":9}},"99":{"start":{"line":185,"column":12},"end":{"line":185,"column":58}},"100":{"start":{"line":187,"column":8},"end":{"line":187,"column":75}},"101":{"start":{"line":188,"column":8},"end":{"line":188,"column":55}},"102":{"start":{"line":189,"column":8},"end":{"line":191,"column":11}},"103":{"start":{"line":190,"column":12},"end":{"line":190,"column":31}},"104":{"start":{"line":192,"column":8},"end":{"line":200,"column":15}},"105":{"start":{"line":194,"column":16},"end":{"line":199,"column":18}},"106":{"start":{"line":201,"column":8},"end":{"line":201,"column":40}},"107":{"start":{"line":202,"column":8},"end":{"line":204,"column":9}},"108":{"start":{"line":203,"column":12},"end":{"line":203,"column":40}},"109":{"start":{"line":208,"column":8},"end":{"line":208,"column":30}},"110":{"start":{"line":211,"column":4},"end":{"line":211,"column":18}},"111":{"start":{"line":214,"column":0},"end":{"line":234,"column":2}},"112":{"start":{"line":215,"column":4},"end":{"line":215,"column":18}},"113":{"start":{"line":217,"column":4},"end":{"line":219,"column":5}},"114":{"start":{"line":218,"column":8},"end":{"line":218,"column":54}},"115":{"start":{"line":220,"column":4},"end":{"line":222,"column":5}},"116":{"start":{"line":221,"column":8},"end":{"line":221,"column":47}},"117":{"start":{"line":224,"column":4},"end":{"line":231,"column":5}},"118":{"start":{"line":225,"column":8},"end":{"line":225,"column":29}},"119":{"start":{"line":227,"column":8},"end":{"line":227,"column":48}},"120":{"start":{"line":228,"column":8},"end":{"line":228,"column":42}},"121":{"start":{"line":229,"column":8},"end":{"line":229,"column":27}},"122":{"start":{"line":230,"column":8},"end":{"line":230,"column":26}},"123":{"start":{"line":233,"column":4},"end":{"line":233,"column":31}},"124":{"start":{"line":236,"column":0},"end":{"line":245,"column":2}},"125":{"start":{"line":237,"column":4},"end":{"line":237,"column":45}},"126":{"start":{"line":238,"column":4},"end":{"line":240,"column":33}},"127":{"start":{"line":242,"column":4},"end":{"line":244,"column":27}},"128":{"start":{"line":247,"column":0},"end":{"line":277,"column":2}},"129":{"start":{"line":248,"column":4},"end":{"line":250,"column":5}},"130":{"start":{"line":249,"column":8},"end":{"line":249,"column":54}},"131":{"start":{"line":251,"column":4},"end":{"line":253,"column":5}},"132":{"start":{"line":252,"column":8},"end":{"line":252,"column":47}},"133":{"start":{"line":254,"column":4},"end":{"line":256,"column":5}},"134":{"start":{"line":255,"column":8},"end":{"line":255,"column":67}},"135":{"start":{"line":258,"column":4},"end":{"line":258,"column":40}},"136":{"start":{"line":259,"column":4},"end":{"line":259,"column":33}},"137":{"start":{"line":260,"column":4},"end":{"line":262,"column":5}},"138":{"start":{"line":261,"column":8},"end":{"line":261,"column":52}},"139":{"start":{"line":264,"column":4},"end":{"line":264,"column":38}},"140":{"start":{"line":265,"column":4},"end":{"line":267,"column":5}},"141":{"start":{"line":266,"column":8},"end":{"line":266,"column":31}},"142":{"start":{"line":268,"column":4},"end":{"line":268,"column":39}},"143":{"start":{"line":269,"column":4},"end":{"line":269,"column":68}},"144":{"start":{"line":271,"column":4},"end":{"line":274,"column":5}},"145":{"start":{"line":272,"column":8},"end":{"line":272,"column":26}},"146":{"start":{"line":273,"column":8},"end":{"line":273,"column":41}},"147":{"start":{"line":276,"column":4},"end":{"line":276,"column":16}},"148":{"start":{"line":282,"column":0},"end":{"line":322,"column":2}},"149":{"start":{"line":287,"column":12},"end":{"line":288,"column":39}},"150":{"start":{"line":289,"column":12},"end":{"line":289,"column":62}},"151":{"start":{"line":290,"column":12},"end":{"line":290,"column":37}},"152":{"start":{"line":291,"column":12},"end":{"line":291,"column":22}},"153":{"start":{"line":298,"column":12},"end":{"line":298,"column":59}},"154":{"start":{"line":299,"column":12},"end":{"line":299,"column":55}},"155":{"start":{"line":300,"column":12},"end":{"line":300,"column":39}},"156":{"start":{"line":308,"column":12},"end":{"line":308,"column":59}},"157":{"start":{"line":309,"column":12},"end":{"line":309,"column":55}},"158":{"start":{"line":310,"column":12},"end":{"line":310,"column":84}},"159":{"start":{"line":311,"column":12},"end":{"line":311,"column":22}},"160":{"start":{"line":317,"column":12},"end":{"line":317,"column":59}},"161":{"start":{"line":318,"column":12},"end":{"line":318,"column":55}},"162":{"start":{"line":319,"column":12},"end":{"line":319,"column":52}},"163":{"start":{"line":324,"column":0},"end":{"line":336,"column":1}},"164":{"start":{"line":325,"column":4},"end":{"line":325,"column":19}},"165":{"start":{"line":327,"column":4},"end":{"line":333,"column":7}},"166":{"start":{"line":328,"column":8},"end":{"line":328,"column":57}},"167":{"start":{"line":330,"column":8},"end":{"line":332,"column":9}},"168":{"start":{"line":331,"column":12},"end":{"line":331,"column":96}},"169":{"start":{"line":335,"column":4},"end":{"line":335,"column":17}},"170":{"start":{"line":340,"column":0},"end":{"line":345,"column":2}},"171":{"start":{"line":350,"column":0},"end":{"line":350,"column":22}},"172":{"start":{"line":352,"column":0},"end":{"line":404,"column":1}},"173":{"start":{"line":356,"column":4},"end":{"line":402,"column":20}},"174":{"start":{"line":357,"column":8},"end":{"line":357,"column":50}},"175":{"start":{"line":358,"column":8},"end":{"line":358,"column":51}},"176":{"start":{"line":359,"column":8},"end":{"line":359,"column":24}},"177":{"start":{"line":361,"column":8},"end":{"line":361,"column":55}},"178":{"start":{"line":362,"column":8},"end":{"line":362,"column":29}},"179":{"start":{"line":363,"column":8},"end":{"line":363,"column":53}},"180":{"start":{"line":365,"column":8},"end":{"line":400,"column":9}},"181":{"start":{"line":366,"column":12},"end":{"line":366,"column":73}},"182":{"start":{"line":366,"column":49},"end":{"line":366,"column":69}},"183":{"start":{"line":367,"column":12},"end":{"line":395,"column":15}},"184":{"start":{"line":368,"column":16},"end":{"line":368,"column":53}},"185":{"start":{"line":369,"column":16},"end":{"line":369,"column":33}},"186":{"start":{"line":371,"column":16},"end":{"line":394,"column":17}},"187":{"start":{"line":372,"column":20},"end":{"line":374,"column":66}},"188":{"start":{"line":376,"column":20},"end":{"line":376,"column":60}},"189":{"start":{"line":377,"column":20},"end":{"line":377,"column":52}},"190":{"start":{"line":378,"column":20},"end":{"line":380,"column":21}},"191":{"start":{"line":379,"column":24},"end":{"line":379,"column":59}},"192":{"start":{"line":382,"column":20},"end":{"line":382,"column":84}},"193":{"start":{"line":383,"column":20},"end":{"line":383,"column":63}},"194":{"start":{"line":387,"column":20},"end":{"line":387,"column":44}},"195":{"start":{"line":388,"column":20},"end":{"line":391,"column":52}},"196":{"start":{"line":392,"column":20},"end":{"line":392,"column":63}},"197":{"start":{"line":398,"column":12},"end":{"line":398,"column":36}},"198":{"start":{"line":399,"column":12},"end":{"line":399,"column":45}}},"branchMap":{"1":{"line":54,"type":"if","locations":[{"start":{"line":54,"column":4},"end":{"line":54,"column":4}},{"start":{"line":54,"column":4},"end":{"line":54,"column":4}}]},"2":{"line":55,"type":"if","locations":[{"start":{"line":55,"column":8},"end":{"line":55,"column":8}},{"start":{"line":55,"column":8},"end":{"line":55,"column":8}}]},"3":{"line":63,"type":"if","locations":[{"start":{"line":63,"column":9},"end":{"line":63,"column":9}},{"start":{"line":63,"column":9},"end":{"line":63,"column":9}}]},"4":{"line":75,"type":"if","locations":[{"start":{"line":75,"column":12},"end":{"line":75,"column":12}},{"start":{"line":75,"column":12},"end":{"line":75,"column":12}}]},"5":{"line":110,"type":"if","locations":[{"start":{"line":110,"column":4},"end":{"line":110,"column":4}},{"start":{"line":110,"column":4},"end":{"line":110,"column":4}}]},"6":{"line":115,"type":"if","locations":[{"start":{"line":115,"column":8},"end":{"line":115,"column":8}},{"start":{"line":115,"column":8},"end":{"line":115,"column":8}}]},"7":{"line":133,"type":"if","locations":[{"start":{"line":133,"column":4},"end":{"line":133,"column":4}},{"start":{"line":133,"column":4},"end":{"line":133,"column":4}}]},"8":{"line":140,"type":"if","locations":[{"start":{"line":140,"column":4},"end":{"line":140,"column":4}},{"start":{"line":140,"column":4},"end":{"line":140,"column":4}}]},"9":{"line":149,"type":"if","locations":[{"start":{"line":149,"column":4},"end":{"line":149,"column":4}},{"start":{"line":149,"column":4},"end":{"line":149,"column":4}}]},"10":{"line":177,"type":"if","locations":[{"start":{"line":177,"column":4},"end":{"line":177,"column":4}},{"start":{"line":177,"column":4},"end":{"line":177,"column":4}}]},"11":{"line":184,"type":"if","locations":[{"start":{"line":184,"column":8},"end":{"line":184,"column":8}},{"start":{"line":184,"column":8},"end":{"line":184,"column":8}}]},"12":{"line":202,"type":"if","locations":[{"start":{"line":202,"column":8},"end":{"line":202,"column":8}},{"start":{"line":202,"column":8},"end":{"line":202,"column":8}}]},"13":{"line":202,"type":"binary-expr","locations":[{"start":{"line":202,"column":12},"end":{"line":202,"column":25}},{"start":{"line":202,"column":29},"end":{"line":202,"column":40}}]},"14":{"line":217,"type":"if","locations":[{"start":{"line":217,"column":4},"end":{"line":217,"column":4}},{"start":{"line":217,"column":4},"end":{"line":217,"column":4}}]},"15":{"line":220,"type":"if","locations":[{"start":{"line":220,"column":4},"end":{"line":220,"column":4}},{"start":{"line":220,"column":4},"end":{"line":220,"column":4}}]},"16":{"line":224,"type":"if","locations":[{"start":{"line":224,"column":4},"end":{"line":224,"column":4}},{"start":{"line":224,"column":4},"end":{"line":224,"column":4}}]},"17":{"line":238,"type":"cond-expr","locations":[{"start":{"line":239,"column":10},"end":{"line":239,"column":33}},{"start":{"line":240,"column":10},"end":{"line":240,"column":32}}]},"18":{"line":242,"type":"binary-expr","locations":[{"start":{"line":242,"column":11},"end":{"line":242,"column":46}},{"start":{"line":243,"column":11},"end":{"line":243,"column":57}},{"start":{"line":244,"column":11},"end":{"line":244,"column":26}}]},"19":{"line":248,"type":"if","locations":[{"start":{"line":248,"column":4},"end":{"line":248,"column":4}},{"start":{"line":248,"column":4},"end":{"line":248,"column":4}}]},"20":{"line":251,"type":"if","locations":[{"start":{"line":251,"column":4},"end":{"line":251,"column":4}},{"start":{"line":251,"column":4},"end":{"line":251,"column":4}}]},"21":{"line":254,"type":"if","locations":[{"start":{"line":254,"column":4},"end":{"line":254,"column":4}},{"start":{"line":254,"column":4},"end":{"line":254,"column":4}}]},"22":{"line":260,"type":"if","locations":[{"start":{"line":260,"column":4},"end":{"line":260,"column":4}},{"start":{"line":260,"column":4},"end":{"line":260,"column":4}}]},"23":{"line":265,"type":"if","locations":[{"start":{"line":265,"column":4},"end":{"line":265,"column":4}},{"start":{"line":265,"column":4},"end":{"line":265,"column":4}}]},"24":{"line":271,"type":"if","locations":[{"start":{"line":271,"column":4},"end":{"line":271,"column":4}},{"start":{"line":271,"column":4},"end":{"line":271,"column":4}}]},"25":{"line":328,"type":"binary-expr","locations":[{"start":{"line":328,"column":21},"end":{"line":328,"column":34}},{"start":{"line":328,"column":38},"end":{"line":328,"column":56}}]},"26":{"line":330,"type":"if","locations":[{"start":{"line":330,"column":8},"end":{"line":330,"column":8}},{"start":{"line":330,"column":8},"end":{"line":330,"column":8}}]},"27":{"line":352,"type":"if","locations":[{"start":{"line":352,"column":0},"end":{"line":352,"column":0}},{"start":{"line":352,"column":0},"end":{"line":352,"column":0}}]},"28":{"line":365,"type":"if","locations":[{"start":{"line":365,"column":8},"end":{"line":365,"column":8}},{"start":{"line":365,"column":8},"end":{"line":365,"column":8}}]},"29":{"line":378,"type":"if","locations":[{"start":{"line":378,"column":20},"end":{"line":378,"column":20}},{"start":{"line":378,"column":20},"end":{"line":378,"column":20}}]}}}}