{"/Users/cwilbur/Development/CODE SAMPLES/crazy-eights/spec/card.spec.js":{"path":"/Users/cwilbur/Development/CODE SAMPLES/crazy-eights/spec/card.spec.js","s":{"1":1,"2":1,"3":1,"4":1,"5":1,"6":1,"7":1,"8":1,"9":1,"10":0,"11":1,"12":1,"13":1,"14":1,"15":1,"16":1,"17":1,"18":1,"19":1,"20":1,"21":1,"22":1,"23":1,"24":1,"25":1,"26":1,"27":1,"28":1,"29":1,"30":1,"31":1,"32":1,"33":1,"34":1,"35":1,"36":0,"37":1,"38":1,"39":1,"40":1,"41":4,"42":4,"43":20,"44":16,"45":4,"46":16,"47":0,"48":4,"49":1,"50":1,"51":36,"52":1,"53":1,"54":36,"55":36,"56":1,"57":1,"58":4,"59":16,"60":64,"61":16,"62":48,"63":1,"64":1,"65":4,"66":4,"67":12,"68":12,"69":1,"70":1,"71":4,"72":1,"73":1,"74":1,"75":1,"76":13,"77":13,"78":54,"79":41,"80":13,"81":1,"82":1,"83":61,"84":1,"85":1,"86":29,"87":29,"88":1,"89":1,"90":13,"91":41,"92":533,"93":41,"94":492,"95":1,"96":1,"97":13,"98":13,"99":26,"100":26,"101":1,"102":1,"103":13,"104":1,"105":1,"106":1,"107":1,"108":1,"109":13,"110":52,"111":1,"112":52,"113":1,"114":1,"115":1,"116":117,"117":100,"118":117,"119":1,"120":1,"121":52,"122":52,"123":1,"124":1,"125":52,"126":52,"127":52,"128":156,"129":624,"130":1,"131":1,"132":1,"133":1,"134":1,"135":1,"136":1,"137":1,"138":100,"139":100,"140":1,"141":13,"142":13,"143":1,"144":4,"145":4,"146":1,"147":13,"148":52,"149":52,"150":1,"151":1,"152":52,"153":2704,"154":1326,"155":1326,"156":1378,"157":52,"158":52,"159":1326,"160":1326,"161":1326,"162":1,"163":1,"164":52,"165":52,"166":52,"167":1,"168":1,"169":1,"170":1,"171":1,"172":13,"173":52,"174":1,"175":1,"176":1,"177":1,"178":1,"179":1,"180":1,"181":1,"182":52,"183":52,"184":52,"185":52,"186":1,"187":52,"188":52,"189":52,"190":52,"191":1,"192":1,"193":1,"194":1,"195":52,"196":52,"197":52,"198":52,"199":1,"200":52,"201":52,"202":52,"203":52,"204":1,"205":1,"206":1,"207":1,"208":52,"209":52,"210":52,"211":52,"212":1,"213":52,"214":52,"215":52,"216":52,"217":1,"218":1,"219":1,"220":1,"221":52,"222":52,"223":52,"224":52,"225":1,"226":52,"227":52,"228":52,"229":52,"230":1,"231":1,"232":1,"233":1,"234":1,"235":52,"236":1,"237":1,"238":1,"239":1,"240":52,"241":52,"242":52,"243":52,"244":52,"245":1,"246":1,"247":1,"248":1,"249":1,"250":52,"251":1,"252":1,"253":1,"254":1,"255":52,"256":52,"257":52,"258":52,"259":52,"260":1,"261":1,"262":1,"263":1,"264":52,"265":52,"266":52,"267":1,"268":1,"269":1,"270":1,"271":1,"272":1,"273":1,"274":1,"275":1},"b":{"1":[16,4],"2":[0,16],"3":[16,48],"4":[41,13],"5":[41,492],"6":[100,17],"7":[1326,1378],"8":[52,1326],"9":[1326,0]},"f":{"1":0,"2":1,"3":1,"4":1,"5":1,"6":1,"7":1,"8":1,"9":1,"10":0,"11":1,"12":4,"13":20,"14":16,"15":1,"16":36,"17":1,"18":36,"19":36,"20":1,"21":4,"22":16,"23":64,"24":1,"25":4,"26":12,"27":1,"28":4,"29":1,"30":13,"31":54,"32":1,"33":61,"34":1,"35":29,"36":29,"37":1,"38":13,"39":41,"40":533,"41":1,"42":13,"43":26,"44":1,"45":13,"46":1,"47":13,"48":52,"49":52,"50":1,"51":52,"52":1,"53":52,"54":156,"55":624,"56":1,"57":1,"58":1,"59":1,"60":100,"61":100,"62":13,"63":13,"64":4,"65":4,"66":13,"67":52,"68":52,"69":1,"70":52,"71":2704,"72":1,"73":52,"74":1,"75":13,"76":52,"77":1,"78":1,"79":52,"80":52,"81":1,"82":52,"83":52,"84":1,"85":52,"86":52,"87":1,"88":52,"89":52,"90":1,"91":52,"92":1,"93":52,"94":1,"95":52,"96":1},"fnMap":{"1":{"name":"dump","line":22,"loc":{"start":{"line":22,"column":0},"end":{"line":22,"column":19}}},"2":{"name":"(anonymous_2)","line":26,"loc":{"start":{"line":26,"column":37},"end":{"line":26,"column":49}}},"3":{"name":"(anonymous_3)","line":28,"loc":{"start":{"line":28,"column":64},"end":{"line":28,"column":76}}},"4":{"name":"(anonymous_4)","line":33,"loc":{"start":{"line":33,"column":59},"end":{"line":33,"column":71}}},"5":{"name":"(anonymous_5)","line":38,"loc":{"start":{"line":38,"column":55},"end":{"line":38,"column":67}}},"6":{"name":"(anonymous_6)","line":46,"loc":{"start":{"line":46,"column":32},"end":{"line":46,"column":44}}},"7":{"name":"(anonymous_7)","line":48,"loc":{"start":{"line":48,"column":46},"end":{"line":48,"column":58}}},"8":{"name":"(anonymous_8)","line":54,"loc":{"start":{"line":54,"column":59},"end":{"line":54,"column":71}}},"9":{"name":"(anonymous_9)","line":61,"loc":{"start":{"line":61,"column":60},"end":{"line":61,"column":72}}},"10":{"name":"(anonymous_10)","line":64,"loc":{"start":{"line":64,"column":18},"end":{"line":64,"column":31}}},"11":{"name":"(anonymous_11)","line":68,"loc":{"start":{"line":68,"column":31},"end":{"line":68,"column":43}}},"12":{"name":"(anonymous_12)","line":83,"loc":{"start":{"line":83,"column":21},"end":{"line":83,"column":37}}},"13":{"name":"(anonymous_13)","line":85,"loc":{"start":{"line":85,"column":39},"end":{"line":85,"column":56}}},"14":{"name":"(anonymous_14)","line":90,"loc":{"start":{"line":90,"column":26},"end":{"line":90,"column":41}}},"15":{"name":"(anonymous_15)","line":98,"loc":{"start":{"line":98,"column":59},"end":{"line":98,"column":71}}},"16":{"name":"(anonymous_16)","line":106,"loc":{"start":{"line":106,"column":18},"end":{"line":106,"column":38}}},"17":{"name":"(anonymous_17)","line":111,"loc":{"start":{"line":111,"column":63},"end":{"line":111,"column":75}}},"18":{"name":"(anonymous_18)","line":119,"loc":{"start":{"line":119,"column":18},"end":{"line":119,"column":38}}},"19":{"name":"(anonymous_19)","line":120,"loc":{"start":{"line":120,"column":23},"end":{"line":120,"column":35}}},"20":{"name":"(anonymous_20)","line":124,"loc":{"start":{"line":124,"column":45},"end":{"line":124,"column":57}}},"21":{"name":"(anonymous_21)","line":125,"loc":{"start":{"line":125,"column":25},"end":{"line":125,"column":41}}},"22":{"name":"(anonymous_22)","line":126,"loc":{"start":{"line":126,"column":40},"end":{"line":126,"column":55}}},"23":{"name":"(anonymous_23)","line":127,"loc":{"start":{"line":127,"column":33},"end":{"line":127,"column":54}}},"24":{"name":"(anonymous_24)","line":139,"loc":{"start":{"line":139,"column":57},"end":{"line":139,"column":69}}},"25":{"name":"(anonymous_25)","line":140,"loc":{"start":{"line":140,"column":25},"end":{"line":140,"column":41}}},"26":{"name":"(anonymous_26)","line":142,"loc":{"start":{"line":142,"column":49},"end":{"line":142,"column":64}}},"27":{"name":"(anonymous_27)","line":149,"loc":{"start":{"line":149,"column":45},"end":{"line":149,"column":57}}},"28":{"name":"(anonymous_28)","line":150,"loc":{"start":{"line":150,"column":25},"end":{"line":150,"column":41}}},"29":{"name":"(anonymous_29)","line":156,"loc":{"start":{"line":156,"column":31},"end":{"line":156,"column":43}}},"30":{"name":"(anonymous_30)","line":189,"loc":{"start":{"line":189,"column":21},"end":{"line":189,"column":37}}},"31":{"name":"(anonymous_31)","line":191,"loc":{"start":{"line":191,"column":39},"end":{"line":191,"column":56}}},"32":{"name":"(anonymous_32)","line":199,"loc":{"start":{"line":199,"column":59},"end":{"line":199,"column":71}}},"33":{"name":"(anonymous_33)","line":209,"loc":{"start":{"line":209,"column":18},"end":{"line":209,"column":38}}},"34":{"name":"(anonymous_34)","line":214,"loc":{"start":{"line":214,"column":63},"end":{"line":214,"column":75}}},"35":{"name":"(anonymous_35)","line":221,"loc":{"start":{"line":221,"column":18},"end":{"line":221,"column":38}}},"36":{"name":"(anonymous_36)","line":222,"loc":{"start":{"line":222,"column":23},"end":{"line":222,"column":35}}},"37":{"name":"(anonymous_37)","line":226,"loc":{"start":{"line":226,"column":45},"end":{"line":226,"column":57}}},"38":{"name":"(anonymous_38)","line":227,"loc":{"start":{"line":227,"column":25},"end":{"line":227,"column":41}}},"39":{"name":"(anonymous_39)","line":228,"loc":{"start":{"line":228,"column":40},"end":{"line":228,"column":55}}},"40":{"name":"(anonymous_40)","line":229,"loc":{"start":{"line":229,"column":33},"end":{"line":229,"column":54}}},"41":{"name":"(anonymous_41)","line":241,"loc":{"start":{"line":241,"column":57},"end":{"line":241,"column":69}}},"42":{"name":"(anonymous_42)","line":242,"loc":{"start":{"line":242,"column":25},"end":{"line":242,"column":41}}},"43":{"name":"(anonymous_43)","line":244,"loc":{"start":{"line":244,"column":39},"end":{"line":244,"column":54}}},"44":{"name":"(anonymous_44)","line":251,"loc":{"start":{"line":251,"column":45},"end":{"line":251,"column":57}}},"45":{"name":"(anonymous_45)","line":252,"loc":{"start":{"line":252,"column":25},"end":{"line":252,"column":41}}},"46":{"name":"(anonymous_46)","line":258,"loc":{"start":{"line":258,"column":31},"end":{"line":258,"column":43}}},"47":{"name":"(anonymous_47)","line":264,"loc":{"start":{"line":264,"column":18},"end":{"line":264,"column":34}}},"48":{"name":"(anonymous_48)","line":265,"loc":{"start":{"line":265,"column":22},"end":{"line":265,"column":38}}},"49":{"name":"(anonymous_49)","line":270,"loc":{"start":{"line":270,"column":39},"end":{"line":270,"column":55}}},"50":{"name":"(anonymous_50)","line":283,"loc":{"start":{"line":283,"column":64},"end":{"line":283,"column":76}}},"51":{"name":"(anonymous_51)","line":284,"loc":{"start":{"line":284,"column":25},"end":{"line":284,"column":41}}},"52":{"name":"(anonymous_52)","line":294,"loc":{"start":{"line":294,"column":64},"end":{"line":294,"column":76}}},"53":{"name":"(anonymous_53)","line":295,"loc":{"start":{"line":295,"column":25},"end":{"line":295,"column":41}}},"54":{"name":"(anonymous_54)","line":305,"loc":{"start":{"line":305,"column":29},"end":{"line":305,"column":48}}},"55":{"name":"(anonymous_55)","line":306,"loc":{"start":{"line":306,"column":33},"end":{"line":306,"column":52}}},"56":{"name":"(anonymous_56)","line":313,"loc":{"start":{"line":313,"column":63},"end":{"line":313,"column":75}}},"57":{"name":"(anonymous_57)","line":317,"loc":{"start":{"line":317,"column":15},"end":{"line":317,"column":27}}},"58":{"name":"(anonymous_58)","line":318,"loc":{"start":{"line":318,"column":15},"end":{"line":318,"column":27}}},"59":{"name":"(anonymous_59)","line":319,"loc":{"start":{"line":319,"column":15},"end":{"line":319,"column":27}}},"60":{"name":"(anonymous_60)","line":323,"loc":{"start":{"line":323,"column":34},"end":{"line":323,"column":55}}},"61":{"name":"(anonymous_61)","line":324,"loc":{"start":{"line":324,"column":19},"end":{"line":324,"column":31}}},"62":{"name":"(anonymous_62)","line":327,"loc":{"start":{"line":327,"column":22},"end":{"line":327,"column":38}}},"63":{"name":"(anonymous_63)","line":328,"loc":{"start":{"line":328,"column":19},"end":{"line":328,"column":31}}},"64":{"name":"(anonymous_64)","line":331,"loc":{"start":{"line":331,"column":22},"end":{"line":331,"column":38}}},"65":{"name":"(anonymous_65)","line":332,"loc":{"start":{"line":332,"column":19},"end":{"line":332,"column":31}}},"66":{"name":"(anonymous_66)","line":337,"loc":{"start":{"line":337,"column":22},"end":{"line":337,"column":38}}},"67":{"name":"(anonymous_67)","line":338,"loc":{"start":{"line":338,"column":26},"end":{"line":338,"column":42}}},"68":{"name":"(anonymous_68)","line":339,"loc":{"start":{"line":339,"column":23},"end":{"line":339,"column":35}}},"69":{"name":"(anonymous_69)","line":346,"loc":{"start":{"line":346,"column":35},"end":{"line":346,"column":47}}},"70":{"name":"(anonymous_70)","line":347,"loc":{"start":{"line":347,"column":25},"end":{"line":347,"column":44}}},"71":{"name":"(anonymous_71)","line":348,"loc":{"start":{"line":348,"column":29},"end":{"line":348,"column":48}}},"72":{"name":"(anonymous_72)","line":365,"loc":{"start":{"line":365,"column":61},"end":{"line":365,"column":73}}},"73":{"name":"(anonymous_73)","line":366,"loc":{"start":{"line":366,"column":25},"end":{"line":366,"column":45}}},"74":{"name":"(anonymous_74)","line":379,"loc":{"start":{"line":379,"column":31},"end":{"line":379,"column":43}}},"75":{"name":"(anonymous_75)","line":385,"loc":{"start":{"line":385,"column":18},"end":{"line":385,"column":34}}},"76":{"name":"(anonymous_76)","line":386,"loc":{"start":{"line":386,"column":22},"end":{"line":386,"column":38}}},"77":{"name":"(anonymous_77)","line":393,"loc":{"start":{"line":393,"column":56},"end":{"line":393,"column":68}}},"78":{"name":"(anonymous_78)","line":398,"loc":{"start":{"line":398,"column":56},"end":{"line":398,"column":68}}},"79":{"name":"(anonymous_79)","line":401,"loc":{"start":{"line":401,"column":25},"end":{"line":401,"column":41}}},"80":{"name":"(anonymous_80)","line":408,"loc":{"start":{"line":408,"column":25},"end":{"line":408,"column":41}}},"81":{"name":"(anonymous_81)","line":416,"loc":{"start":{"line":416,"column":57},"end":{"line":416,"column":69}}},"82":{"name":"(anonymous_82)","line":419,"loc":{"start":{"line":419,"column":25},"end":{"line":419,"column":41}}},"83":{"name":"(anonymous_83)","line":426,"loc":{"start":{"line":426,"column":25},"end":{"line":426,"column":41}}},"84":{"name":"(anonymous_84)","line":434,"loc":{"start":{"line":434,"column":56},"end":{"line":434,"column":68}}},"85":{"name":"(anonymous_85)","line":437,"loc":{"start":{"line":437,"column":25},"end":{"line":437,"column":41}}},"86":{"name":"(anonymous_86)","line":444,"loc":{"start":{"line":444,"column":34},"end":{"line":444,"column":50}}},"87":{"name":"(anonymous_87)","line":452,"loc":{"start":{"line":452,"column":57},"end":{"line":452,"column":69}}},"88":{"name":"(anonymous_88)","line":455,"loc":{"start":{"line":455,"column":25},"end":{"line":455,"column":41}}},"89":{"name":"(anonymous_89)","line":462,"loc":{"start":{"line":462,"column":34},"end":{"line":462,"column":50}}},"90":{"name":"(anonymous_90)","line":470,"loc":{"start":{"line":470,"column":47},"end":{"line":470,"column":59}}},"91":{"name":"(anonymous_91)","line":475,"loc":{"start":{"line":475,"column":25},"end":{"line":475,"column":41}}},"92":{"name":"(anonymous_92)","line":492,"loc":{"start":{"line":492,"column":47},"end":{"line":492,"column":59}}},"93":{"name":"(anonymous_93)","line":497,"loc":{"start":{"line":497,"column":25},"end":{"line":497,"column":41}}},"94":{"name":"(anonymous_94)","line":514,"loc":{"start":{"line":514,"column":40},"end":{"line":514,"column":52}}},"95":{"name":"(anonymous_95)","line":517,"loc":{"start":{"line":517,"column":25},"end":{"line":517,"column":41}}},"96":{"name":"(anonymous_96)","line":524,"loc":{"start":{"line":524,"column":35},"end":{"line":524,"column":47}}}},"statementMap":{"1":{"start":{"line":12,"column":0},"end":{"line":12,"column":27}},"2":{"start":{"line":14,"column":0},"end":{"line":14,"column":36}},"3":{"start":{"line":15,"column":0},"end":{"line":15,"column":30}},"4":{"start":{"line":16,"column":0},"end":{"line":16,"column":20}},"5":{"start":{"line":17,"column":0},"end":{"line":17,"column":24}},"6":{"start":{"line":18,"column":0},"end":{"line":18,"column":24}},"7":{"start":{"line":19,"column":0},"end":{"line":19,"column":24}},"8":{"start":{"line":20,"column":0},"end":{"line":20,"column":24}},"9":{"start":{"line":22,"column":0},"end":{"line":24,"column":1}},"10":{"start":{"line":23,"column":4},"end":{"line":23,"column":57}},"11":{"start":{"line":26,"column":0},"end":{"line":44,"column":3}},"12":{"start":{"line":28,"column":4},"end":{"line":31,"column":7}},"13":{"start":{"line":29,"column":8},"end":{"line":29,"column":47}},"14":{"start":{"line":30,"column":8},"end":{"line":30,"column":53}},"15":{"start":{"line":33,"column":4},"end":{"line":36,"column":7}},"16":{"start":{"line":34,"column":8},"end":{"line":34,"column":47}},"17":{"start":{"line":35,"column":8},"end":{"line":35,"column":53}},"18":{"start":{"line":38,"column":4},"end":{"line":42,"column":7}},"19":{"start":{"line":39,"column":8},"end":{"line":39,"column":67}},"20":{"start":{"line":40,"column":8},"end":{"line":40,"column":65}},"21":{"start":{"line":41,"column":8},"end":{"line":41,"column":47}},"22":{"start":{"line":46,"column":0},"end":{"line":66,"column":3}},"23":{"start":{"line":48,"column":4},"end":{"line":52,"column":7}},"24":{"start":{"line":49,"column":8},"end":{"line":49,"column":71}},"25":{"start":{"line":50,"column":8},"end":{"line":50,"column":73}},"26":{"start":{"line":51,"column":8},"end":{"line":51,"column":80}},"27":{"start":{"line":54,"column":4},"end":{"line":59,"column":7}},"28":{"start":{"line":55,"column":8},"end":{"line":55,"column":41}},"29":{"start":{"line":56,"column":8},"end":{"line":56,"column":39}},"30":{"start":{"line":57,"column":8},"end":{"line":57,"column":45}},"31":{"start":{"line":58,"column":8},"end":{"line":58,"column":47}},"32":{"start":{"line":61,"column":4},"end":{"line":65,"column":7}},"33":{"start":{"line":62,"column":8},"end":{"line":62,"column":44}},"34":{"start":{"line":63,"column":8},"end":{"line":63,"column":47}},"35":{"start":{"line":64,"column":8},"end":{"line":64,"column":63}},"36":{"start":{"line":64,"column":33},"end":{"line":64,"column":46}},"37":{"start":{"line":68,"column":0},"end":{"line":154,"column":3}},"38":{"start":{"line":70,"column":4},"end":{"line":79,"column":6}},"39":{"start":{"line":81,"column":4},"end":{"line":81,"column":36}},"40":{"start":{"line":83,"column":4},"end":{"line":96,"column":7}},"41":{"start":{"line":84,"column":8},"end":{"line":84,"column":27}},"42":{"start":{"line":85,"column":8},"end":{"line":89,"column":11}},"43":{"start":{"line":86,"column":12},"end":{"line":88,"column":13}},"44":{"start":{"line":87,"column":16},"end":{"line":87,"column":63}},"45":{"start":{"line":90,"column":8},"end":{"line":94,"column":11}},"46":{"start":{"line":91,"column":12},"end":{"line":93,"column":13}},"47":{"start":{"line":92,"column":16},"end":{"line":92,"column":47}},"48":{"start":{"line":95,"column":8},"end":{"line":95,"column":40}},"49":{"start":{"line":98,"column":4},"end":{"line":109,"column":7}},"50":{"start":{"line":99,"column":8},"end":{"line":108,"column":15}},"51":{"start":{"line":107,"column":16},"end":{"line":107,"column":57}},"52":{"start":{"line":111,"column":4},"end":{"line":122,"column":7}},"53":{"start":{"line":112,"column":8},"end":{"line":121,"column":15}},"54":{"start":{"line":120,"column":16},"end":{"line":120,"column":70}},"55":{"start":{"line":120,"column":37},"end":{"line":120,"column":56}},"56":{"start":{"line":124,"column":4},"end":{"line":137,"column":7}},"57":{"start":{"line":125,"column":8},"end":{"line":136,"column":11}},"58":{"start":{"line":126,"column":12},"end":{"line":135,"column":15}},"59":{"start":{"line":127,"column":16},"end":{"line":134,"column":19}},"60":{"start":{"line":128,"column":20},"end":{"line":133,"column":21}},"61":{"start":{"line":129,"column":24},"end":{"line":129,"column":74}},"62":{"start":{"line":132,"column":24},"end":{"line":132,"column":78}},"63":{"start":{"line":139,"column":4},"end":{"line":147,"column":7}},"64":{"start":{"line":140,"column":8},"end":{"line":146,"column":11}},"65":{"start":{"line":141,"column":12},"end":{"line":141,"column":41}},"66":{"start":{"line":142,"column":12},"end":{"line":145,"column":15}},"67":{"start":{"line":143,"column":16},"end":{"line":143,"column":49}},"68":{"start":{"line":144,"column":16},"end":{"line":144,"column":67}},"69":{"start":{"line":149,"column":4},"end":{"line":153,"column":7}},"70":{"start":{"line":150,"column":8},"end":{"line":152,"column":11}},"71":{"start":{"line":151,"column":12},"end":{"line":151,"column":66}},"72":{"start":{"line":156,"column":0},"end":{"line":256,"column":3}},"73":{"start":{"line":158,"column":4},"end":{"line":185,"column":6}},"74":{"start":{"line":187,"column":4},"end":{"line":187,"column":36}},"75":{"start":{"line":189,"column":4},"end":{"line":197,"column":7}},"76":{"start":{"line":190,"column":8},"end":{"line":190,"column":27}},"77":{"start":{"line":191,"column":8},"end":{"line":195,"column":11}},"78":{"start":{"line":192,"column":12},"end":{"line":194,"column":13}},"79":{"start":{"line":193,"column":16},"end":{"line":193,"column":63}},"80":{"start":{"line":196,"column":8},"end":{"line":196,"column":40}},"81":{"start":{"line":199,"column":4},"end":{"line":212,"column":7}},"82":{"start":{"line":200,"column":8},"end":{"line":211,"column":15}},"83":{"start":{"line":210,"column":16},"end":{"line":210,"column":57}},"84":{"start":{"line":214,"column":4},"end":{"line":224,"column":7}},"85":{"start":{"line":215,"column":8},"end":{"line":223,"column":15}},"86":{"start":{"line":222,"column":16},"end":{"line":222,"column":70}},"87":{"start":{"line":222,"column":37},"end":{"line":222,"column":56}},"88":{"start":{"line":226,"column":4},"end":{"line":239,"column":7}},"89":{"start":{"line":227,"column":8},"end":{"line":238,"column":11}},"90":{"start":{"line":228,"column":12},"end":{"line":237,"column":15}},"91":{"start":{"line":229,"column":16},"end":{"line":236,"column":19}},"92":{"start":{"line":230,"column":20},"end":{"line":235,"column":21}},"93":{"start":{"line":231,"column":24},"end":{"line":231,"column":74}},"94":{"start":{"line":234,"column":24},"end":{"line":234,"column":78}},"95":{"start":{"line":241,"column":4},"end":{"line":249,"column":7}},"96":{"start":{"line":242,"column":8},"end":{"line":248,"column":11}},"97":{"start":{"line":243,"column":12},"end":{"line":243,"column":41}},"98":{"start":{"line":244,"column":12},"end":{"line":247,"column":15}},"99":{"start":{"line":245,"column":16},"end":{"line":245,"column":49}},"100":{"start":{"line":246,"column":16},"end":{"line":246,"column":67}},"101":{"start":{"line":251,"column":4},"end":{"line":256,"column":0}},"102":{"start":{"line":252,"column":8},"end":{"line":254,"column":11}},"103":{"start":{"line":253,"column":12},"end":{"line":253,"column":66}},"104":{"start":{"line":258,"column":0},"end":{"line":377,"column":3}},"105":{"start":{"line":260,"column":4},"end":{"line":260,"column":48}},"106":{"start":{"line":261,"column":4},"end":{"line":261,"column":30}},"107":{"start":{"line":263,"column":4},"end":{"line":263,"column":22}},"108":{"start":{"line":264,"column":4},"end":{"line":268,"column":7}},"109":{"start":{"line":265,"column":8},"end":{"line":267,"column":11}},"110":{"start":{"line":266,"column":12},"end":{"line":266,"column":48}},"111":{"start":{"line":270,"column":4},"end":{"line":272,"column":7}},"112":{"start":{"line":271,"column":8},"end":{"line":271,"column":30}},"113":{"start":{"line":274,"column":4},"end":{"line":274,"column":24}},"114":{"start":{"line":275,"column":4},"end":{"line":275,"column":31}},"115":{"start":{"line":276,"column":4},"end":{"line":281,"column":5}},"116":{"start":{"line":277,"column":8},"end":{"line":279,"column":9}},"117":{"start":{"line":278,"column":12},"end":{"line":278,"column":48}},"118":{"start":{"line":280,"column":8},"end":{"line":280,"column":25}},"119":{"start":{"line":283,"column":4},"end":{"line":292,"column":7}},"120":{"start":{"line":284,"column":8},"end":{"line":291,"column":11}},"121":{"start":{"line":288,"column":12},"end":{"line":288,"column":59}},"122":{"start":{"line":289,"column":12},"end":{"line":289,"column":49}},"123":{"start":{"line":294,"column":4},"end":{"line":311,"column":7}},"124":{"start":{"line":295,"column":8},"end":{"line":310,"column":11}},"125":{"start":{"line":300,"column":12},"end":{"line":301,"column":37}},"126":{"start":{"line":302,"column":12},"end":{"line":303,"column":58}},"127":{"start":{"line":305,"column":12},"end":{"line":309,"column":15}},"128":{"start":{"line":306,"column":16},"end":{"line":308,"column":19}},"129":{"start":{"line":307,"column":20},"end":{"line":307,"column":69}},"130":{"start":{"line":313,"column":4},"end":{"line":344,"column":7}},"131":{"start":{"line":317,"column":8},"end":{"line":317,"column":52}},"132":{"start":{"line":317,"column":29},"end":{"line":317,"column":39}},"133":{"start":{"line":318,"column":8},"end":{"line":318,"column":59}},"134":{"start":{"line":318,"column":29},"end":{"line":318,"column":46}},"135":{"start":{"line":319,"column":8},"end":{"line":319,"column":63}},"136":{"start":{"line":319,"column":29},"end":{"line":319,"column":50}},"137":{"start":{"line":323,"column":8},"end":{"line":325,"column":11}},"138":{"start":{"line":324,"column":12},"end":{"line":324,"column":67}},"139":{"start":{"line":324,"column":33},"end":{"line":324,"column":53}},"140":{"start":{"line":327,"column":8},"end":{"line":329,"column":11}},"141":{"start":{"line":328,"column":12},"end":{"line":328,"column":70}},"142":{"start":{"line":328,"column":33},"end":{"line":328,"column":57}},"143":{"start":{"line":331,"column":8},"end":{"line":333,"column":11}},"144":{"start":{"line":332,"column":12},"end":{"line":332,"column":70}},"145":{"start":{"line":332,"column":33},"end":{"line":332,"column":57}},"146":{"start":{"line":337,"column":8},"end":{"line":343,"column":11}},"147":{"start":{"line":338,"column":12},"end":{"line":342,"column":15}},"148":{"start":{"line":339,"column":16},"end":{"line":341,"column":29}},"149":{"start":{"line":340,"column":20},"end":{"line":341,"column":16}},"150":{"start":{"line":346,"column":4},"end":{"line":363,"column":7}},"151":{"start":{"line":347,"column":8},"end":{"line":362,"column":11}},"152":{"start":{"line":348,"column":12},"end":{"line":362,"column":8}},"153":{"start":{"line":349,"column":16},"end":{"line":360,"column":17}},"154":{"start":{"line":350,"column":20},"end":{"line":350,"column":69}},"155":{"start":{"line":351,"column":20},"end":{"line":351,"column":57}},"156":{"start":{"line":353,"column":21},"end":{"line":360,"column":17}},"157":{"start":{"line":354,"column":20},"end":{"line":354,"column":64}},"158":{"start":{"line":355,"column":20},"end":{"line":355,"column":53}},"159":{"start":{"line":357,"column":21},"end":{"line":360,"column":17}},"160":{"start":{"line":358,"column":20},"end":{"line":358,"column":72}},"161":{"start":{"line":359,"column":20},"end":{"line":359,"column":57}},"162":{"start":{"line":365,"column":4},"end":{"line":375,"column":7}},"163":{"start":{"line":366,"column":8},"end":{"line":374,"column":11}},"164":{"start":{"line":367,"column":12},"end":{"line":369,"column":48}},"165":{"start":{"line":370,"column":12},"end":{"line":371,"column":44}},"166":{"start":{"line":372,"column":12},"end":{"line":373,"column":51}},"167":{"start":{"line":379,"column":0},"end":{"line":538,"column":3}},"168":{"start":{"line":381,"column":4},"end":{"line":381,"column":48}},"169":{"start":{"line":382,"column":4},"end":{"line":382,"column":30}},"170":{"start":{"line":384,"column":4},"end":{"line":384,"column":22}},"171":{"start":{"line":385,"column":4},"end":{"line":389,"column":7}},"172":{"start":{"line":386,"column":8},"end":{"line":388,"column":11}},"173":{"start":{"line":387,"column":12},"end":{"line":387,"column":48}},"174":{"start":{"line":391,"column":4},"end":{"line":391,"column":56}},"175":{"start":{"line":393,"column":4},"end":{"line":396,"column":7}},"176":{"start":{"line":394,"column":8},"end":{"line":394,"column":41}},"177":{"start":{"line":395,"column":8},"end":{"line":395,"column":46}},"178":{"start":{"line":398,"column":4},"end":{"line":414,"column":7}},"179":{"start":{"line":399,"column":8},"end":{"line":399,"column":26}},"180":{"start":{"line":400,"column":8},"end":{"line":400,"column":27}},"181":{"start":{"line":401,"column":8},"end":{"line":406,"column":11}},"182":{"start":{"line":402,"column":12},"end":{"line":402,"column":31}},"183":{"start":{"line":403,"column":12},"end":{"line":403,"column":24}},"184":{"start":{"line":404,"column":12},"end":{"line":404,"column":46}},"185":{"start":{"line":405,"column":12},"end":{"line":405,"column":49}},"186":{"start":{"line":408,"column":8},"end":{"line":413,"column":11}},"187":{"start":{"line":409,"column":12},"end":{"line":409,"column":39}},"188":{"start":{"line":410,"column":12},"end":{"line":410,"column":24}},"189":{"start":{"line":411,"column":12},"end":{"line":411,"column":36}},"190":{"start":{"line":412,"column":12},"end":{"line":412,"column":49}},"191":{"start":{"line":416,"column":4},"end":{"line":432,"column":7}},"192":{"start":{"line":417,"column":8},"end":{"line":417,"column":26}},"193":{"start":{"line":418,"column":8},"end":{"line":418,"column":27}},"194":{"start":{"line":419,"column":8},"end":{"line":424,"column":11}},"195":{"start":{"line":420,"column":12},"end":{"line":420,"column":34}},"196":{"start":{"line":421,"column":12},"end":{"line":421,"column":24}},"197":{"start":{"line":422,"column":12},"end":{"line":422,"column":49}},"198":{"start":{"line":423,"column":12},"end":{"line":423,"column":49}},"199":{"start":{"line":426,"column":8},"end":{"line":431,"column":11}},"200":{"start":{"line":427,"column":12},"end":{"line":427,"column":36}},"201":{"start":{"line":428,"column":12},"end":{"line":428,"column":24}},"202":{"start":{"line":429,"column":12},"end":{"line":429,"column":36}},"203":{"start":{"line":430,"column":12},"end":{"line":430,"column":49}},"204":{"start":{"line":434,"column":4},"end":{"line":450,"column":7}},"205":{"start":{"line":435,"column":8},"end":{"line":435,"column":26}},"206":{"start":{"line":436,"column":8},"end":{"line":436,"column":27}},"207":{"start":{"line":437,"column":8},"end":{"line":442,"column":11}},"208":{"start":{"line":438,"column":12},"end":{"line":438,"column":31}},"209":{"start":{"line":439,"column":12},"end":{"line":439,"column":24}},"210":{"start":{"line":440,"column":12},"end":{"line":440,"column":46}},"211":{"start":{"line":441,"column":12},"end":{"line":441,"column":49}},"212":{"start":{"line":444,"column":8},"end":{"line":449,"column":11}},"213":{"start":{"line":445,"column":12},"end":{"line":445,"column":36}},"214":{"start":{"line":446,"column":12},"end":{"line":446,"column":24}},"215":{"start":{"line":447,"column":12},"end":{"line":447,"column":36}},"216":{"start":{"line":448,"column":12},"end":{"line":448,"column":49}},"217":{"start":{"line":452,"column":4},"end":{"line":468,"column":7}},"218":{"start":{"line":453,"column":8},"end":{"line":453,"column":26}},"219":{"start":{"line":454,"column":8},"end":{"line":454,"column":27}},"220":{"start":{"line":455,"column":8},"end":{"line":460,"column":11}},"221":{"start":{"line":456,"column":12},"end":{"line":456,"column":34}},"222":{"start":{"line":457,"column":12},"end":{"line":457,"column":24}},"223":{"start":{"line":458,"column":12},"end":{"line":458,"column":49}},"224":{"start":{"line":459,"column":12},"end":{"line":459,"column":49}},"225":{"start":{"line":462,"column":8},"end":{"line":467,"column":11}},"226":{"start":{"line":463,"column":12},"end":{"line":463,"column":39}},"227":{"start":{"line":464,"column":12},"end":{"line":464,"column":24}},"228":{"start":{"line":465,"column":12},"end":{"line":465,"column":36}},"229":{"start":{"line":466,"column":12},"end":{"line":466,"column":49}},"230":{"start":{"line":470,"column":4},"end":{"line":490,"column":7}},"231":{"start":{"line":471,"column":8},"end":{"line":471,"column":27}},"232":{"start":{"line":472,"column":8},"end":{"line":472,"column":20}},"233":{"start":{"line":473,"column":8},"end":{"line":473,"column":25}},"234":{"start":{"line":475,"column":8},"end":{"line":477,"column":11}},"235":{"start":{"line":476,"column":12},"end":{"line":476,"column":57}},"236":{"start":{"line":479,"column":8},"end":{"line":479,"column":34}},"237":{"start":{"line":480,"column":8},"end":{"line":480,"column":38}},"238":{"start":{"line":481,"column":8},"end":{"line":481,"column":56}},"239":{"start":{"line":483,"column":8},"end":{"line":489,"column":9}},"240":{"start":{"line":484,"column":12},"end":{"line":484,"column":36}},"241":{"start":{"line":485,"column":12},"end":{"line":485,"column":51}},"242":{"start":{"line":486,"column":12},"end":{"line":486,"column":24}},"243":{"start":{"line":487,"column":12},"end":{"line":487,"column":49}},"244":{"start":{"line":488,"column":12},"end":{"line":488,"column":67}},"245":{"start":{"line":492,"column":4},"end":{"line":512,"column":7}},"246":{"start":{"line":493,"column":8},"end":{"line":493,"column":27}},"247":{"start":{"line":494,"column":8},"end":{"line":494,"column":30}},"248":{"start":{"line":495,"column":8},"end":{"line":495,"column":25}},"249":{"start":{"line":497,"column":8},"end":{"line":499,"column":11}},"250":{"start":{"line":498,"column":12},"end":{"line":498,"column":57}},"251":{"start":{"line":501,"column":8},"end":{"line":501,"column":34}},"252":{"start":{"line":502,"column":8},"end":{"line":502,"column":38}},"253":{"start":{"line":503,"column":8},"end":{"line":503,"column":56}},"254":{"start":{"line":505,"column":8},"end":{"line":511,"column":9}},"255":{"start":{"line":506,"column":12},"end":{"line":506,"column":36}},"256":{"start":{"line":507,"column":12},"end":{"line":507,"column":51}},"257":{"start":{"line":508,"column":12},"end":{"line":508,"column":24}},"258":{"start":{"line":509,"column":12},"end":{"line":509,"column":49}},"259":{"start":{"line":510,"column":12},"end":{"line":510,"column":67}},"260":{"start":{"line":514,"column":4},"end":{"line":522,"column":7}},"261":{"start":{"line":515,"column":8},"end":{"line":515,"column":47}},"262":{"start":{"line":516,"column":8},"end":{"line":516,"column":34}},"263":{"start":{"line":517,"column":8},"end":{"line":521,"column":11}},"264":{"start":{"line":518,"column":12},"end":{"line":518,"column":31}},"265":{"start":{"line":519,"column":12},"end":{"line":519,"column":24}},"266":{"start":{"line":520,"column":12},"end":{"line":520,"column":49}},"267":{"start":{"line":524,"column":4},"end":{"line":537,"column":7}},"268":{"start":{"line":525,"column":8},"end":{"line":525,"column":27}},"269":{"start":{"line":526,"column":8},"end":{"line":526,"column":20}},"270":{"start":{"line":528,"column":8},"end":{"line":528,"column":27}},"271":{"start":{"line":529,"column":8},"end":{"line":529,"column":30}},"272":{"start":{"line":531,"column":8},"end":{"line":531,"column":33}},"273":{"start":{"line":533,"column":8},"end":{"line":533,"column":17}},"274":{"start":{"line":534,"column":8},"end":{"line":534,"column":17}},"275":{"start":{"line":536,"column":8},"end":{"line":536,"column":29}}},"branchMap":{"1":{"line":86,"type":"if","locations":[{"start":{"line":86,"column":12},"end":{"line":86,"column":12}},{"start":{"line":86,"column":12},"end":{"line":86,"column":12}}]},"2":{"line":91,"type":"if","locations":[{"start":{"line":91,"column":12},"end":{"line":91,"column":12}},{"start":{"line":91,"column":12},"end":{"line":91,"column":12}}]},"3":{"line":128,"type":"if","locations":[{"start":{"line":128,"column":20},"end":{"line":128,"column":20}},{"start":{"line":128,"column":20},"end":{"line":128,"column":20}}]},"4":{"line":192,"type":"if","locations":[{"start":{"line":192,"column":12},"end":{"line":192,"column":12}},{"start":{"line":192,"column":12},"end":{"line":192,"column":12}}]},"5":{"line":230,"type":"if","locations":[{"start":{"line":230,"column":20},"end":{"line":230,"column":20}},{"start":{"line":230,"column":20},"end":{"line":230,"column":20}}]},"6":{"line":277,"type":"if","locations":[{"start":{"line":277,"column":8},"end":{"line":277,"column":8}},{"start":{"line":277,"column":8},"end":{"line":277,"column":8}}]},"7":{"line":349,"type":"if","locations":[{"start":{"line":349,"column":16},"end":{"line":349,"column":16}},{"start":{"line":349,"column":16},"end":{"line":349,"column":16}}]},"8":{"line":353,"type":"if","locations":[{"start":{"line":353,"column":21},"end":{"line":353,"column":21}},{"start":{"line":353,"column":21},"end":{"line":353,"column":21}}]},"9":{"line":357,"type":"if","locations":[{"start":{"line":357,"column":21},"end":{"line":357,"column":21}},{"start":{"line":357,"column":21},"end":{"line":357,"column":21}}]}}},"/Users/cwilbur/Development/CODE SAMPLES/crazy-eights/card.js":{"path":"/Users/cwilbur/Development/CODE SAMPLES/crazy-eights/card.js","s":{"1":1,"2":1,"3":1,"4":45,"5":1,"6":190,"7":4,"8":186,"9":183,"10":3,"11":1,"12":2954,"13":2954,"14":36,"15":1,"16":1,"17":1,"18":5,"19":20,"20":4,"21":4,"22":4,"23":16,"24":4,"25":12,"26":12,"27":1,"28":4,"29":12,"30":12,"31":4,"32":4,"33":4,"34":4,"35":1,"36":368,"37":1,"38":163,"39":1,"40":160,"41":1,"42":2816,"43":1,"44":3509,"45":3509,"46":181,"47":1,"48":1,"49":1,"50":14,"51":42,"52":42,"53":26,"54":16,"55":14,"56":42,"57":6,"58":6,"59":6,"60":1,"61":484,"62":1,"63":169,"64":1,"65":2867,"66":1,"67":2828,"68":1,"69":2827,"70":222,"71":222,"72":152,"73":152,"74":70,"75":70,"76":52,"77":118,"78":2605,"79":2604,"80":2604,"81":52,"82":2552,"83":2552,"84":0,"85":1,"86":2656,"87":1,"88":15612,"89":1,"90":4640,"91":4640,"92":1,"93":260,"94":1,"95":55,"96":1,"97":52,"98":1,"99":187,"100":187,"101":1,"102":35,"103":35,"104":140,"105":1820,"106":35,"107":1,"108":33,"109":33,"110":1683,"111":1683,"112":1683,"113":1683,"114":33,"115":1,"116":958,"117":1,"118":104,"119":1,"120":127,"121":1,"122":104,"123":1,"124":3,"125":533,"126":1,"127":857,"128":857,"129":1,"130":104,"131":104,"132":1,"133":748,"134":1,"135":55,"136":1403,"137":55,"138":1},"b":{"1":[4,186],"2":[183,3],"3":[36,2918],"4":[4,16],"5":[4,12],"6":[181,3328],"7":[3509,3330],"8":[26,16],"9":[14,2],"10":[6,36],"11":[1,2827],"12":[222,2605],"13":[152,70],"14":[70,0],"15":[2604,1],"16":[4533,107]},"f":{"1":45,"2":190,"3":2954,"4":5,"5":20,"6":4,"7":4,"8":12,"9":4,"10":368,"11":163,"12":160,"13":2816,"14":3509,"15":14,"16":42,"17":6,"18":484,"19":169,"20":2867,"21":2828,"22":15612,"23":4640,"24":260,"25":55,"26":52,"27":187,"28":35,"29":140,"30":1820,"31":33,"32":958,"33":104,"34":127,"35":104,"36":3,"37":533,"38":857,"39":104,"40":748,"41":55,"42":1403},"fnMap":{"1":{"name":"ucfirst","line":17,"loc":{"start":{"line":17,"column":0},"end":{"line":17,"column":22}}},"2":{"name":"qw","line":21,"loc":{"start":{"line":21,"column":0},"end":{"line":21,"column":17}}},"3":{"name":"Suit","line":35,"loc":{"start":{"line":35,"column":0},"end":{"line":35,"column":23}}},"4":{"name":"(anonymous_4)","line":51,"loc":{"start":{"line":51,"column":62},"end":{"line":51,"column":77}}},"5":{"name":"(anonymous_5)","line":52,"loc":{"start":{"line":52,"column":28},"end":{"line":52,"column":51}}},"6":{"name":"(anonymous_6)","line":54,"loc":{"start":{"line":54,"column":36},"end":{"line":54,"column":51}}},"7":{"name":"(anonymous_7)","line":69,"loc":{"start":{"line":69,"column":24},"end":{"line":69,"column":47}}},"8":{"name":"(anonymous_8)","line":70,"loc":{"start":{"line":70,"column":43},"end":{"line":70,"column":58}}},"9":{"name":"(anonymous_9)","line":74,"loc":{"start":{"line":74,"column":28},"end":{"line":74,"column":43}}},"10":{"name":"(anonymous_10)","line":81,"loc":{"start":{"line":81,"column":26},"end":{"line":81,"column":38}}},"11":{"name":"(anonymous_11)","line":85,"loc":{"start":{"line":85,"column":26},"end":{"line":85,"column":38}}},"12":{"name":"(anonymous_12)","line":89,"loc":{"start":{"line":89,"column":24},"end":{"line":89,"column":36}}},"13":{"name":"(anonymous_13)","line":93,"loc":{"start":{"line":93,"column":25},"end":{"line":93,"column":37}}},"14":{"name":"Rank","line":99,"loc":{"start":{"line":99,"column":0},"end":{"line":99,"column":23}}},"15":{"name":"(anonymous_15)","line":124,"loc":{"start":{"line":124,"column":24},"end":{"line":124,"column":47}}},"16":{"name":"(anonymous_16)","line":125,"loc":{"start":{"line":125,"column":40},"end":{"line":125,"column":55}}},"17":{"name":"(anonymous_17)","line":135,"loc":{"start":{"line":135,"column":36},"end":{"line":135,"column":51}}},"18":{"name":"(anonymous_18)","line":143,"loc":{"start":{"line":143,"column":26},"end":{"line":143,"column":38}}},"19":{"name":"(anonymous_19)","line":147,"loc":{"start":{"line":147,"column":24},"end":{"line":147,"column":36}}},"20":{"name":"(anonymous_20)","line":151,"loc":{"start":{"line":151,"column":25},"end":{"line":151,"column":37}}},"21":{"name":"Card","line":157,"loc":{"start":{"line":157,"column":0},"end":{"line":157,"column":16}}},"22":{"name":"(anonymous_22)","line":200,"loc":{"start":{"line":200,"column":25},"end":{"line":200,"column":37}}},"23":{"name":"(anonymous_23)","line":204,"loc":{"start":{"line":204,"column":25},"end":{"line":204,"column":46}}},"24":{"name":"(anonymous_24)","line":209,"loc":{"start":{"line":209,"column":36},"end":{"line":209,"column":48}}},"25":{"name":"(anonymous_25)","line":213,"loc":{"start":{"line":213,"column":31},"end":{"line":213,"column":43}}},"26":{"name":"(anonymous_26)","line":217,"loc":{"start":{"line":217,"column":30},"end":{"line":217,"column":42}}},"27":{"name":"Deck","line":223,"loc":{"start":{"line":223,"column":0},"end":{"line":223,"column":16}}},"28":{"name":"(anonymous_28)","line":228,"loc":{"start":{"line":228,"column":25},"end":{"line":228,"column":37}}},"29":{"name":"(anonymous_29)","line":230,"loc":{"start":{"line":230,"column":26},"end":{"line":230,"column":46}}},"30":{"name":"(anonymous_30)","line":231,"loc":{"start":{"line":231,"column":48},"end":{"line":231,"column":68}}},"31":{"name":"(anonymous_31)","line":239,"loc":{"start":{"line":239,"column":25},"end":{"line":239,"column":37}}},"32":{"name":"(anonymous_32)","line":254,"loc":{"start":{"line":254,"column":29},"end":{"line":254,"column":41}}},"33":{"name":"(anonymous_33)","line":258,"loc":{"start":{"line":258,"column":32},"end":{"line":258,"column":44}}},"34":{"name":"(anonymous_34)","line":262,"loc":{"start":{"line":262,"column":25},"end":{"line":262,"column":37}}},"35":{"name":"(anonymous_35)","line":266,"loc":{"start":{"line":266,"column":28},"end":{"line":266,"column":40}}},"36":{"name":"(anonymous_36)","line":270,"loc":{"start":{"line":270,"column":22},"end":{"line":270,"column":34}}},"37":{"name":"(anonymous_37)","line":271,"loc":{"start":{"line":271,"column":20},"end":{"line":271,"column":36}}},"38":{"name":"(anonymous_38)","line":274,"loc":{"start":{"line":274,"column":28},"end":{"line":274,"column":44}}},"39":{"name":"(anonymous_39)","line":279,"loc":{"start":{"line":279,"column":31},"end":{"line":279,"column":47}}},"40":{"name":"(anonymous_40)","line":284,"loc":{"start":{"line":284,"column":23},"end":{"line":284,"column":35}}},"41":{"name":"(anonymous_41)","line":288,"loc":{"start":{"line":288,"column":28},"end":{"line":288,"column":44}}},"42":{"name":"(anonymous_42)","line":289,"loc":{"start":{"line":289,"column":35},"end":{"line":289,"column":47}}}},"statementMap":{"1":{"start":{"line":12,"column":0},"end":{"line":12,"column":13}},"2":{"start":{"line":13,"column":0},"end":{"line":13,"column":27}},"3":{"start":{"line":17,"column":0},"end":{"line":19,"column":1}},"4":{"start":{"line":18,"column":4},"end":{"line":18,"column":58}},"5":{"start":{"line":21,"column":0},"end":{"line":31,"column":1}},"6":{"start":{"line":22,"column":4},"end":{"line":30,"column":5}},"7":{"start":{"line":23,"column":8},"end":{"line":23,"column":32}},"8":{"start":{"line":25,"column":9},"end":{"line":30,"column":5}},"9":{"start":{"line":26,"column":8},"end":{"line":26,"column":32}},"10":{"start":{"line":29,"column":8},"end":{"line":29,"column":18}},"11":{"start":{"line":35,"column":0},"end":{"line":40,"column":1}},"12":{"start":{"line":36,"column":4},"end":{"line":36,"column":48}},"13":{"start":{"line":37,"column":4},"end":{"line":39,"column":5}},"14":{"start":{"line":38,"column":8},"end":{"line":38,"column":78}},"15":{"start":{"line":42,"column":0},"end":{"line":47,"column":2}},"16":{"start":{"line":49,"column":0},"end":{"line":49,"column":16}},"17":{"start":{"line":51,"column":0},"end":{"line":67,"column":3}},"18":{"start":{"line":52,"column":4},"end":{"line":66,"column":7}},"19":{"start":{"line":53,"column":8},"end":{"line":65,"column":9}},"20":{"start":{"line":54,"column":12},"end":{"line":57,"column":15}},"21":{"start":{"line":55,"column":16},"end":{"line":55,"column":40}},"22":{"start":{"line":56,"column":16},"end":{"line":56,"column":54}},"23":{"start":{"line":59,"column":13},"end":{"line":65,"column":9}},"24":{"start":{"line":60,"column":12},"end":{"line":60,"column":49}},"25":{"start":{"line":63,"column":12},"end":{"line":63,"column":42}},"26":{"start":{"line":64,"column":12},"end":{"line":64,"column":56}},"27":{"start":{"line":69,"column":0},"end":{"line":79,"column":3}},"28":{"start":{"line":70,"column":4},"end":{"line":73,"column":7}},"29":{"start":{"line":71,"column":8},"end":{"line":71,"column":38}},"30":{"start":{"line":72,"column":8},"end":{"line":72,"column":52}},"31":{"start":{"line":74,"column":4},"end":{"line":77,"column":7}},"32":{"start":{"line":75,"column":8},"end":{"line":75,"column":32}},"33":{"start":{"line":76,"column":8},"end":{"line":76,"column":46}},"34":{"start":{"line":78,"column":4},"end":{"line":78,"column":41}},"35":{"start":{"line":81,"column":0},"end":{"line":83,"column":2}},"36":{"start":{"line":82,"column":4},"end":{"line":82,"column":46}},"37":{"start":{"line":85,"column":0},"end":{"line":87,"column":2}},"38":{"start":{"line":86,"column":4},"end":{"line":86,"column":46}},"39":{"start":{"line":89,"column":0},"end":{"line":91,"column":2}},"40":{"start":{"line":90,"column":4},"end":{"line":90,"column":44}},"41":{"start":{"line":93,"column":0},"end":{"line":95,"column":2}},"42":{"start":{"line":94,"column":4},"end":{"line":94,"column":22}},"43":{"start":{"line":99,"column":0},"end":{"line":104,"column":1}},"44":{"start":{"line":100,"column":4},"end":{"line":100,"column":48}},"45":{"start":{"line":101,"column":4},"end":{"line":103,"column":5}},"46":{"start":{"line":102,"column":8},"end":{"line":102,"column":78}},"47":{"start":{"line":106,"column":0},"end":{"line":121,"column":2}},"48":{"start":{"line":123,"column":0},"end":{"line":123,"column":16}},"49":{"start":{"line":124,"column":0},"end":{"line":141,"column":3}},"50":{"start":{"line":125,"column":4},"end":{"line":140,"column":7}},"51":{"start":{"line":126,"column":8},"end":{"line":126,"column":38}},"52":{"start":{"line":127,"column":8},"end":{"line":132,"column":9}},"53":{"start":{"line":128,"column":12},"end":{"line":128,"column":56}},"54":{"start":{"line":130,"column":13},"end":{"line":132,"column":9}},"55":{"start":{"line":131,"column":12},"end":{"line":131,"column":51}},"56":{"start":{"line":134,"column":8},"end":{"line":139,"column":9}},"57":{"start":{"line":135,"column":12},"end":{"line":138,"column":15}},"58":{"start":{"line":136,"column":16},"end":{"line":136,"column":40}},"59":{"start":{"line":137,"column":16},"end":{"line":137,"column":54}},"60":{"start":{"line":143,"column":0},"end":{"line":145,"column":2}},"61":{"start":{"line":144,"column":4},"end":{"line":144,"column":46}},"62":{"start":{"line":147,"column":0},"end":{"line":149,"column":2}},"63":{"start":{"line":148,"column":4},"end":{"line":148,"column":44}},"64":{"start":{"line":151,"column":0},"end":{"line":153,"column":2}},"65":{"start":{"line":152,"column":4},"end":{"line":152,"column":22}},"66":{"start":{"line":157,"column":0},"end":{"line":198,"column":1}},"67":{"start":{"line":158,"column":4},"end":{"line":195,"column":5}},"68":{"start":{"line":159,"column":8},"end":{"line":159,"column":69}},"69":{"start":{"line":161,"column":9},"end":{"line":195,"column":5}},"70":{"start":{"line":162,"column":8},"end":{"line":175,"column":9}},"71":{"start":{"line":163,"column":12},"end":{"line":170,"column":13}},"72":{"start":{"line":164,"column":16},"end":{"line":164,"column":69}},"73":{"start":{"line":165,"column":16},"end":{"line":165,"column":69}},"74":{"start":{"line":167,"column":17},"end":{"line":170,"column":13}},"75":{"start":{"line":168,"column":16},"end":{"line":168,"column":66}},"76":{"start":{"line":169,"column":16},"end":{"line":169,"column":66}},"77":{"start":{"line":173,"column":12},"end":{"line":174,"column":52}},"78":{"start":{"line":177,"column":9},"end":{"line":195,"column":5}},"79":{"start":{"line":178,"column":8},"end":{"line":184,"column":9}},"80":{"start":{"line":179,"column":12},"end":{"line":179,"column":47}},"81":{"start":{"line":182,"column":12},"end":{"line":183,"column":52}},"82":{"start":{"line":185,"column":8},"end":{"line":191,"column":9}},"83":{"start":{"line":186,"column":12},"end":{"line":186,"column":47}},"84":{"start":{"line":189,"column":12},"end":{"line":190,"column":52}},"85":{"start":{"line":194,"column":8},"end":{"line":194,"column":75}},"86":{"start":{"line":197,"column":4},"end":{"line":197,"column":65}},"87":{"start":{"line":200,"column":0},"end":{"line":202,"column":2}},"88":{"start":{"line":201,"column":4},"end":{"line":201,"column":22}},"89":{"start":{"line":204,"column":0},"end":{"line":207,"column":2}},"90":{"start":{"line":205,"column":4},"end":{"line":205,"column":45}},"91":{"start":{"line":206,"column":4},"end":{"line":206,"column":35}},"92":{"start":{"line":209,"column":0},"end":{"line":211,"column":2}},"93":{"start":{"line":210,"column":4},"end":{"line":210,"column":55}},"94":{"start":{"line":213,"column":0},"end":{"line":215,"column":2}},"95":{"start":{"line":214,"column":4},"end":{"line":214,"column":55}},"96":{"start":{"line":217,"column":0},"end":{"line":219,"column":2}},"97":{"start":{"line":218,"column":4},"end":{"line":218,"column":60}},"98":{"start":{"line":223,"column":0},"end":{"line":226,"column":1}},"99":{"start":{"line":224,"column":4},"end":{"line":224,"column":20}},"100":{"start":{"line":225,"column":4},"end":{"line":225,"column":16}},"101":{"start":{"line":228,"column":0},"end":{"line":237,"column":2}},"102":{"start":{"line":229,"column":4},"end":{"line":229,"column":20}},"103":{"start":{"line":230,"column":4},"end":{"line":234,"column":7}},"104":{"start":{"line":231,"column":8},"end":{"line":233,"column":11}},"105":{"start":{"line":232,"column":12},"end":{"line":232,"column":58}},"106":{"start":{"line":236,"column":4},"end":{"line":236,"column":16}},"107":{"start":{"line":239,"column":0},"end":{"line":252,"column":2}},"108":{"start":{"line":244,"column":4},"end":{"line":244,"column":18}},"109":{"start":{"line":245,"column":4},"end":{"line":250,"column":5}},"110":{"start":{"line":246,"column":8},"end":{"line":246,"column":48}},"111":{"start":{"line":247,"column":8},"end":{"line":247,"column":28}},"112":{"start":{"line":248,"column":8},"end":{"line":248,"column":38}},"113":{"start":{"line":249,"column":8},"end":{"line":249,"column":28}},"114":{"start":{"line":251,"column":4},"end":{"line":251,"column":16}},"115":{"start":{"line":254,"column":0},"end":{"line":256,"column":2}},"116":{"start":{"line":255,"column":4},"end":{"line":255,"column":30}},"117":{"start":{"line":258,"column":0},"end":{"line":260,"column":2}},"118":{"start":{"line":259,"column":4},"end":{"line":259,"column":28}},"119":{"start":{"line":262,"column":0},"end":{"line":264,"column":2}},"120":{"start":{"line":263,"column":4},"end":{"line":263,"column":25}},"121":{"start":{"line":266,"column":0},"end":{"line":268,"column":2}},"122":{"start":{"line":267,"column":4},"end":{"line":267,"column":45}},"123":{"start":{"line":270,"column":0},"end":{"line":272,"column":2}},"124":{"start":{"line":271,"column":4},"end":{"line":271,"column":60}},"125":{"start":{"line":271,"column":38},"end":{"line":271,"column":57}},"126":{"start":{"line":274,"column":0},"end":{"line":277,"column":2}},"127":{"start":{"line":275,"column":4},"end":{"line":275,"column":29}},"128":{"start":{"line":276,"column":4},"end":{"line":276,"column":16}},"129":{"start":{"line":279,"column":0},"end":{"line":282,"column":2}},"130":{"start":{"line":280,"column":4},"end":{"line":280,"column":26}},"131":{"start":{"line":281,"column":4},"end":{"line":281,"column":16}},"132":{"start":{"line":284,"column":0},"end":{"line":286,"column":2}},"133":{"start":{"line":285,"column":4},"end":{"line":285,"column":29}},"134":{"start":{"line":288,"column":0},"end":{"line":293,"column":2}},"135":{"start":{"line":289,"column":4},"end":{"line":291,"column":7}},"136":{"start":{"line":290,"column":8},"end":{"line":290,"column":37}},"137":{"start":{"line":292,"column":4},"end":{"line":292,"column":16}},"138":{"start":{"line":297,"column":0},"end":{"line":305,"column":2}}},"branchMap":{"1":{"line":22,"type":"if","locations":[{"start":{"line":22,"column":4},"end":{"line":22,"column":4}},{"start":{"line":22,"column":4},"end":{"line":22,"column":4}}]},"2":{"line":25,"type":"if","locations":[{"start":{"line":25,"column":9},"end":{"line":25,"column":9}},{"start":{"line":25,"column":9},"end":{"line":25,"column":9}}]},"3":{"line":37,"type":"if","locations":[{"start":{"line":37,"column":4},"end":{"line":37,"column":4}},{"start":{"line":37,"column":4},"end":{"line":37,"column":4}}]},"4":{"line":53,"type":"if","locations":[{"start":{"line":53,"column":8},"end":{"line":53,"column":8}},{"start":{"line":53,"column":8},"end":{"line":53,"column":8}}]},"5":{"line":59,"type":"if","locations":[{"start":{"line":59,"column":13},"end":{"line":59,"column":13}},{"start":{"line":59,"column":13},"end":{"line":59,"column":13}}]},"6":{"line":101,"type":"if","locations":[{"start":{"line":101,"column":4},"end":{"line":101,"column":4}},{"start":{"line":101,"column":4},"end":{"line":101,"column":4}}]},"7":{"line":101,"type":"binary-expr","locations":[{"start":{"line":101,"column":8},"end":{"line":101,"column":32}},{"start":{"line":101,"column":36},"end":{"line":101,"column":52}}]},"8":{"line":127,"type":"if","locations":[{"start":{"line":127,"column":8},"end":{"line":127,"column":8}},{"start":{"line":127,"column":8},"end":{"line":127,"column":8}}]},"9":{"line":130,"type":"if","locations":[{"start":{"line":130,"column":13},"end":{"line":130,"column":13}},{"start":{"line":130,"column":13},"end":{"line":130,"column":13}}]},"10":{"line":134,"type":"if","locations":[{"start":{"line":134,"column":8},"end":{"line":134,"column":8}},{"start":{"line":134,"column":8},"end":{"line":134,"column":8}}]},"11":{"line":158,"type":"if","locations":[{"start":{"line":158,"column":4},"end":{"line":158,"column":4}},{"start":{"line":158,"column":4},"end":{"line":158,"column":4}}]},"12":{"line":161,"type":"if","locations":[{"start":{"line":161,"column":9},"end":{"line":161,"column":9}},{"start":{"line":161,"column":9},"end":{"line":161,"column":9}}]},"13":{"line":163,"type":"if","locations":[{"start":{"line":163,"column":12},"end":{"line":163,"column":12}},{"start":{"line":163,"column":12},"end":{"line":163,"column":12}}]},"14":{"line":167,"type":"if","locations":[{"start":{"line":167,"column":17},"end":{"line":167,"column":17}},{"start":{"line":167,"column":17},"end":{"line":167,"column":17}}]},"15":{"line":177,"type":"if","locations":[{"start":{"line":177,"column":9},"end":{"line":177,"column":9}},{"start":{"line":177,"column":9},"end":{"line":177,"column":9}}]},"16":{"line":206,"type":"cond-expr","locations":[{"start":{"line":206,"column":15},"end":{"line":206,"column":30}},{"start":{"line":206,"column":33},"end":{"line":206,"column":34}}]}}},"/Users/cwilbur/Development/CODE SAMPLES/crazy-eights/spec/server.spec.js":{"path":"/Users/cwilbur/Development/CODE SAMPLES/crazy-eights/spec/server.spec.js","s":{"1":1,"2":1,"3":1,"4":1,"5":1,"6":1,"7":0,"8":1,"9":4,"10":32,"11":1,"12":0,"13":0,"14":1,"15":0,"16":1,"17":1,"18":1,"19":1,"20":27,"21":27,"22":27,"23":1,"24":1,"25":1,"26":1,"27":1,"28":1,"29":1,"30":10000,"31":10000,"32":10000,"33":1,"34":1,"35":1,"36":1,"37":1,"38":1,"39":26,"40":26,"41":26,"42":26,"43":26,"44":26,"45":26,"46":26,"47":1,"48":1,"49":1,"50":1,"51":1,"52":1,"53":26,"54":104,"55":26,"56":26,"57":26,"58":26,"59":1,"60":26,"61":1,"62":26,"63":26,"64":26,"65":26,"66":1,"67":1,"68":1,"69":1,"70":26,"71":156,"72":26,"73":26,"74":26,"75":26,"76":1,"77":1,"78":1,"79":26,"80":11,"81":15,"82":1,"83":15,"84":1,"85":1,"86":4,"87":4,"88":4,"89":4,"90":4,"91":1,"92":7,"93":1,"94":7,"95":7,"96":7,"97":1,"98":1,"99":1,"100":1,"101":4,"102":4,"103":4,"104":4,"105":10,"106":10,"107":4,"108":4,"109":4,"110":4,"111":4,"112":4,"113":4,"114":4,"115":1,"116":1,"117":1,"118":1,"119":4,"120":4,"121":4,"122":4,"123":4,"124":4,"125":1,"126":1,"127":4,"128":4,"129":4,"130":4,"131":4,"132":1,"133":4,"134":4,"135":1,"136":1,"137":4,"138":4,"139":4,"140":10,"141":10,"142":10,"143":10,"144":10,"145":4,"146":4,"147":4,"148":4,"149":4,"150":4,"151":4,"152":4,"153":4,"154":4,"155":4,"156":4,"157":4,"158":1,"159":1,"160":1,"161":1,"162":1,"163":1,"164":1,"165":1,"166":1,"167":1,"168":1,"169":1,"170":1,"171":1,"172":8,"173":1,"174":1,"175":1,"176":1,"177":1,"178":1,"179":4,"180":4,"181":8,"182":8,"183":8,"184":8,"185":1,"186":2,"187":1,"188":1,"189":1,"190":1,"191":1,"192":1,"193":1,"194":1,"195":1,"196":1,"197":9,"198":0,"199":0,"200":0,"201":0,"202":0,"203":1,"204":9,"205":1,"206":1,"207":1,"208":1,"209":1,"210":1,"211":1,"212":1,"213":1,"214":1,"215":1,"216":1,"217":8,"218":0,"219":0,"220":0,"221":0,"222":0,"223":1,"224":8,"225":1,"226":1,"227":1,"228":1,"229":1,"230":1,"231":1,"232":1,"233":1,"234":1,"235":1,"236":8,"237":1,"238":1,"239":0,"240":1,"241":1,"242":1,"243":1,"244":1,"245":1,"246":1,"247":1,"248":1},"b":{"1":[0,0,0],"2":[11,15],"3":[1,3],"4":[9,3],"5":[0,0],"6":[9,3],"7":[0,0],"8":[1,0]},"f":{"1":0,"2":4,"3":32,"4":0,"5":0,"6":0,"7":1,"8":1,"9":1,"10":1,"11":1,"12":26,"13":1,"14":26,"15":104,"16":26,"17":26,"18":1,"19":26,"20":156,"21":26,"22":15,"23":7,"24":7,"25":1,"26":1,"27":4,"28":1,"29":4,"30":4,"31":1,"32":4,"33":1,"34":8,"35":1,"36":8,"37":2,"38":9,"39":9,"40":8,"41":8,"42":8},"fnMap":{"1":{"name":"dump","line":24,"loc":{"start":{"line":24,"column":0},"end":{"line":24,"column":19}}},"2":{"name":"countEightsInHand","line":28,"loc":{"start":{"line":28,"column":0},"end":{"line":28,"column":33}}},"3":{"name":"(anonymous_3)","line":29,"loc":{"start":{"line":29,"column":29},"end":{"line":29,"column":42}}},"4":{"name":"countEightsInPlay","line":34,"loc":{"start":{"line":34,"column":0},"end":{"line":34,"column":33}}},"5":{"name":"(anonymous_5)","line":35,"loc":{"start":{"line":35,"column":31},"end":{"line":35,"column":47}}},"6":{"name":"cardPlayable","line":40,"loc":{"start":{"line":40,"column":0},"end":{"line":40,"column":45}}},"7":{"name":"(anonymous_7)","line":46,"loc":{"start":{"line":46,"column":41},"end":{"line":46,"column":53}}},"8":{"name":"(anonymous_8)","line":47,"loc":{"start":{"line":47,"column":49},"end":{"line":47,"column":61}}},"9":{"name":"(anonymous_9)","line":60,"loc":{"start":{"line":60,"column":36},"end":{"line":60,"column":48}}},"10":{"name":"(anonymous_10)","line":74,"loc":{"start":{"line":74,"column":33},"end":{"line":74,"column":45}}},"11":{"name":"(anonymous_11)","line":77,"loc":{"start":{"line":77,"column":8},"end":{"line":77,"column":20}}},"12":{"name":"(anonymous_12)","line":81,"loc":{"start":{"line":81,"column":36},"end":{"line":81,"column":58}}},"13":{"name":"(anonymous_13)","line":100,"loc":{"start":{"line":100,"column":8},"end":{"line":100,"column":20}}},"14":{"name":"(anonymous_14)","line":104,"loc":{"start":{"line":104,"column":36},"end":{"line":104,"column":53}}},"15":{"name":"(anonymous_15)","line":106,"loc":{"start":{"line":106,"column":28},"end":{"line":106,"column":45}}},"16":{"name":"(anonymous_16)","line":116,"loc":{"start":{"line":116,"column":47},"end":{"line":116,"column":64}}},"17":{"name":"(anonymous_17)","line":120,"loc":{"start":{"line":120,"column":47},"end":{"line":120,"column":64}}},"18":{"name":"(anonymous_18)","line":130,"loc":{"start":{"line":130,"column":8},"end":{"line":130,"column":20}}},"19":{"name":"(anonymous_19)","line":134,"loc":{"start":{"line":134,"column":36},"end":{"line":134,"column":53}}},"20":{"name":"(anonymous_20)","line":136,"loc":{"start":{"line":136,"column":28},"end":{"line":136,"column":45}}},"21":{"name":"(anonymous_21)","line":149,"loc":{"start":{"line":149,"column":47},"end":{"line":149,"column":64}}},"22":{"name":"(anonymous_22)","line":158,"loc":{"start":{"line":158,"column":29},"end":{"line":158,"column":42}}},"23":{"name":"(anonymous_23)","line":170,"loc":{"start":{"line":170,"column":32},"end":{"line":170,"column":45}}},"24":{"name":"(anonymous_24)","line":172,"loc":{"start":{"line":172,"column":32},"end":{"line":172,"column":45}}},"25":{"name":"(anonymous_25)","line":181,"loc":{"start":{"line":181,"column":31},"end":{"line":181,"column":43}}},"26":{"name":"(anonymous_26)","line":182,"loc":{"start":{"line":182,"column":57},"end":{"line":182,"column":69}}},"27":{"name":"(anonymous_27)","line":184,"loc":{"start":{"line":184,"column":29},"end":{"line":184,"column":52}}},"28":{"name":"(anonymous_28)","line":205,"loc":{"start":{"line":205,"column":50},"end":{"line":205,"column":62}}},"29":{"name":"(anonymous_29)","line":215,"loc":{"start":{"line":215,"column":22},"end":{"line":215,"column":42}}},"30":{"name":"(anonymous_30)","line":227,"loc":{"start":{"line":227,"column":22},"end":{"line":227,"column":45}}},"31":{"name":"(anonymous_31)","line":241,"loc":{"start":{"line":241,"column":54},"end":{"line":241,"column":66}}},"32":{"name":"(anonymous_32)","line":242,"loc":{"start":{"line":242,"column":29},"end":{"line":242,"column":52}}},"33":{"name":"(anonymous_33)","line":275,"loc":{"start":{"line":275,"column":41},"end":{"line":275,"column":53}}},"34":{"name":"(anonymous_34)","line":292,"loc":{"start":{"line":292,"column":56},"end":{"line":292,"column":69}}},"35":{"name":"(anonymous_35)","line":299,"loc":{"start":{"line":299,"column":59},"end":{"line":299,"column":71}}},"36":{"name":"(anonymous_36)","line":308,"loc":{"start":{"line":308,"column":37},"end":{"line":308,"column":53}}},"37":{"name":"(anonymous_37)","line":316,"loc":{"start":{"line":316,"column":43},"end":{"line":316,"column":56}}},"38":{"name":"(anonymous_38)","line":331,"loc":{"start":{"line":331,"column":44},"end":{"line":331,"column":57}}},"39":{"name":"(anonymous_39)","line":344,"loc":{"start":{"line":344,"column":50},"end":{"line":344,"column":63}}},"40":{"name":"(anonymous_40)","line":370,"loc":{"start":{"line":370,"column":44},"end":{"line":370,"column":57}}},"41":{"name":"(anonymous_41)","line":383,"loc":{"start":{"line":383,"column":50},"end":{"line":383,"column":63}}},"42":{"name":"(anonymous_42)","line":408,"loc":{"start":{"line":408,"column":50},"end":{"line":408,"column":63}}}},"statementMap":{"1":{"start":{"line":11,"column":0},"end":{"line":11,"column":27}},"2":{"start":{"line":13,"column":0},"end":{"line":13,"column":50}},"3":{"start":{"line":14,"column":0},"end":{"line":14,"column":38}},"4":{"start":{"line":15,"column":0},"end":{"line":15,"column":38}},"5":{"start":{"line":17,"column":0},"end":{"line":22,"column":2}},"6":{"start":{"line":24,"column":0},"end":{"line":26,"column":1}},"7":{"start":{"line":25,"column":4},"end":{"line":25,"column":57}},"8":{"start":{"line":28,"column":0},"end":{"line":32,"column":1}},"9":{"start":{"line":29,"column":4},"end":{"line":31,"column":14}},"10":{"start":{"line":30,"column":8},"end":{"line":30,"column":37}},"11":{"start":{"line":34,"column":0},"end":{"line":38,"column":1}},"12":{"start":{"line":35,"column":4},"end":{"line":37,"column":10}},"13":{"start":{"line":36,"column":8},"end":{"line":36,"column":45}},"14":{"start":{"line":40,"column":0},"end":{"line":44,"column":1}},"15":{"start":{"line":41,"column":4},"end":{"line":43,"column":45}},"16":{"start":{"line":46,"column":0},"end":{"line":72,"column":3}},"17":{"start":{"line":47,"column":4},"end":{"line":54,"column":7}},"18":{"start":{"line":48,"column":8},"end":{"line":48,"column":19}},"19":{"start":{"line":49,"column":8},"end":{"line":53,"column":9}},"20":{"start":{"line":50,"column":12},"end":{"line":50,"column":40}},"21":{"start":{"line":51,"column":12},"end":{"line":51,"column":39}},"22":{"start":{"line":52,"column":12},"end":{"line":52,"column":60}},"23":{"start":{"line":56,"column":4},"end":{"line":56,"column":24}},"24":{"start":{"line":57,"column":4},"end":{"line":57,"column":29}},"25":{"start":{"line":59,"column":4},"end":{"line":71,"column":7}},"26":{"start":{"line":61,"column":8},"end":{"line":61,"column":14}},"27":{"start":{"line":62,"column":8},"end":{"line":62,"column":16}},"28":{"start":{"line":63,"column":8},"end":{"line":63,"column":25}},"29":{"start":{"line":65,"column":8},"end":{"line":69,"column":9}},"30":{"start":{"line":66,"column":12},"end":{"line":66,"column":41}},"31":{"start":{"line":67,"column":12},"end":{"line":67,"column":51}},"32":{"start":{"line":68,"column":12},"end":{"line":68,"column":32}},"33":{"start":{"line":70,"column":8},"end":{"line":70,"column":66}},"34":{"start":{"line":74,"column":0},"end":{"line":179,"column":3}},"35":{"start":{"line":76,"column":4},"end":{"line":97,"column":11}},"36":{"start":{"line":78,"column":12},"end":{"line":78,"column":36}},"37":{"start":{"line":79,"column":12},"end":{"line":79,"column":37}},"38":{"start":{"line":81,"column":12},"end":{"line":91,"column":15}},"39":{"start":{"line":82,"column":16},"end":{"line":82,"column":64}},"40":{"start":{"line":83,"column":16},"end":{"line":83,"column":75}},"41":{"start":{"line":84,"column":16},"end":{"line":84,"column":51}},"42":{"start":{"line":85,"column":16},"end":{"line":85,"column":48}},"43":{"start":{"line":86,"column":16},"end":{"line":86,"column":63}},"44":{"start":{"line":87,"column":16},"end":{"line":87,"column":50}},"45":{"start":{"line":89,"column":16},"end":{"line":89,"column":47}},"46":{"start":{"line":90,"column":16},"end":{"line":90,"column":49}},"47":{"start":{"line":93,"column":12},"end":{"line":94,"column":49}},"48":{"start":{"line":95,"column":12},"end":{"line":96,"column":49}},"49":{"start":{"line":99,"column":4},"end":{"line":126,"column":11}},"50":{"start":{"line":101,"column":12},"end":{"line":101,"column":56}},"51":{"start":{"line":102,"column":12},"end":{"line":102,"column":35}},"52":{"start":{"line":104,"column":12},"end":{"line":114,"column":15}},"53":{"start":{"line":105,"column":16},"end":{"line":108,"column":23}},"54":{"start":{"line":107,"column":24},"end":{"line":108,"column":20}},"55":{"start":{"line":109,"column":16},"end":{"line":109,"column":78}},"56":{"start":{"line":110,"column":16},"end":{"line":110,"column":40}},"57":{"start":{"line":111,"column":16},"end":{"line":111,"column":58}},"58":{"start":{"line":113,"column":16},"end":{"line":113,"column":78}},"59":{"start":{"line":116,"column":12},"end":{"line":118,"column":15}},"60":{"start":{"line":117,"column":16},"end":{"line":117,"column":52}},"61":{"start":{"line":120,"column":12},"end":{"line":125,"column":15}},"62":{"start":{"line":121,"column":16},"end":{"line":121,"column":45}},"63":{"start":{"line":122,"column":16},"end":{"line":122,"column":59}},"64":{"start":{"line":123,"column":16},"end":{"line":123,"column":68}},"65":{"start":{"line":124,"column":16},"end":{"line":124,"column":48}},"66":{"start":{"line":128,"column":4},"end":{"line":177,"column":11}},"67":{"start":{"line":131,"column":12},"end":{"line":131,"column":69}},"68":{"start":{"line":132,"column":12},"end":{"line":132,"column":35}},"69":{"start":{"line":134,"column":12},"end":{"line":144,"column":15}},"70":{"start":{"line":135,"column":16},"end":{"line":138,"column":23}},"71":{"start":{"line":137,"column":24},"end":{"line":138,"column":20}},"72":{"start":{"line":139,"column":16},"end":{"line":139,"column":78}},"73":{"start":{"line":140,"column":16},"end":{"line":140,"column":40}},"74":{"start":{"line":141,"column":16},"end":{"line":141,"column":58}},"75":{"start":{"line":143,"column":16},"end":{"line":143,"column":78}},"76":{"start":{"line":146,"column":12},"end":{"line":146,"column":30}},"77":{"start":{"line":147,"column":12},"end":{"line":147,"column":33}},"78":{"start":{"line":149,"column":12},"end":{"line":156,"column":15}},"79":{"start":{"line":150,"column":16},"end":{"line":155,"column":17}},"80":{"start":{"line":151,"column":20},"end":{"line":151,"column":59}},"81":{"start":{"line":154,"column":20},"end":{"line":154,"column":56}},"82":{"start":{"line":158,"column":12},"end":{"line":158,"column":65}},"83":{"start":{"line":158,"column":44},"end":{"line":158,"column":61}},"84":{"start":{"line":160,"column":12},"end":{"line":160,"column":18}},"85":{"start":{"line":161,"column":12},"end":{"line":168,"column":13}},"86":{"start":{"line":162,"column":16},"end":{"line":162,"column":44}},"87":{"start":{"line":163,"column":16},"end":{"line":163,"column":33}},"88":{"start":{"line":165,"column":16},"end":{"line":165,"column":59}},"89":{"start":{"line":166,"column":16},"end":{"line":166,"column":52}},"90":{"start":{"line":167,"column":16},"end":{"line":167,"column":48}},"91":{"start":{"line":170,"column":12},"end":{"line":170,"column":67}},"92":{"start":{"line":170,"column":46},"end":{"line":170,"column":63}},"93":{"start":{"line":172,"column":12},"end":{"line":176,"column":15}},"94":{"start":{"line":173,"column":16},"end":{"line":173,"column":59}},"95":{"start":{"line":174,"column":16},"end":{"line":174,"column":52}},"96":{"start":{"line":175,"column":16},"end":{"line":175,"column":48}},"97":{"start":{"line":181,"column":0},"end":{"line":438,"column":3}},"98":{"start":{"line":182,"column":4},"end":{"line":203,"column":7}},"99":{"start":{"line":183,"column":8},"end":{"line":183,"column":61}},"100":{"start":{"line":184,"column":8},"end":{"line":202,"column":11}},"101":{"start":{"line":185,"column":12},"end":{"line":185,"column":75}},"102":{"start":{"line":186,"column":12},"end":{"line":186,"column":29}},"103":{"start":{"line":187,"column":12},"end":{"line":187,"column":55}},"104":{"start":{"line":189,"column":12},"end":{"line":192,"column":13}},"105":{"start":{"line":190,"column":16},"end":{"line":190,"column":69}},"106":{"start":{"line":191,"column":16},"end":{"line":191,"column":33}},"107":{"start":{"line":194,"column":12},"end":{"line":194,"column":58}},"108":{"start":{"line":195,"column":12},"end":{"line":195,"column":63}},"109":{"start":{"line":196,"column":12},"end":{"line":196,"column":73}},"110":{"start":{"line":197,"column":12},"end":{"line":197,"column":53}},"111":{"start":{"line":198,"column":12},"end":{"line":198,"column":48}},"112":{"start":{"line":199,"column":12},"end":{"line":199,"column":47}},"113":{"start":{"line":200,"column":12},"end":{"line":200,"column":43}},"114":{"start":{"line":201,"column":12},"end":{"line":201,"column":47}},"115":{"start":{"line":205,"column":4},"end":{"line":239,"column":7}},"116":{"start":{"line":206,"column":8},"end":{"line":211,"column":10}},"117":{"start":{"line":213,"column":8},"end":{"line":213,"column":35}},"118":{"start":{"line":215,"column":8},"end":{"line":223,"column":11}},"119":{"start":{"line":216,"column":12},"end":{"line":216,"column":18}},"120":{"start":{"line":217,"column":12},"end":{"line":219,"column":13}},"121":{"start":{"line":218,"column":16},"end":{"line":218,"column":31}},"122":{"start":{"line":220,"column":12},"end":{"line":220,"column":55}},"123":{"start":{"line":221,"column":12},"end":{"line":221,"column":30}},"124":{"start":{"line":222,"column":12},"end":{"line":222,"column":33}},"125":{"start":{"line":225,"column":8},"end":{"line":225,"column":26}},"126":{"start":{"line":227,"column":8},"end":{"line":238,"column":11}},"127":{"start":{"line":228,"column":12},"end":{"line":228,"column":42}},"128":{"start":{"line":230,"column":12},"end":{"line":230,"column":62}},"129":{"start":{"line":231,"column":12},"end":{"line":231,"column":61}},"130":{"start":{"line":232,"column":12},"end":{"line":232,"column":59}},"131":{"start":{"line":233,"column":12},"end":{"line":235,"column":13}},"132":{"start":{"line":234,"column":16},"end":{"line":234,"column":69}},"133":{"start":{"line":236,"column":12},"end":{"line":236,"column":24}},"134":{"start":{"line":237,"column":12},"end":{"line":237,"column":27}},"135":{"start":{"line":241,"column":4},"end":{"line":273,"column":7}},"136":{"start":{"line":242,"column":8},"end":{"line":272,"column":11}},"137":{"start":{"line":243,"column":12},"end":{"line":243,"column":49}},"138":{"start":{"line":244,"column":12},"end":{"line":244,"column":63}},"139":{"start":{"line":246,"column":12},"end":{"line":253,"column":13}},"140":{"start":{"line":247,"column":16},"end":{"line":247,"column":69}},"141":{"start":{"line":248,"column":16},"end":{"line":248,"column":31}},"142":{"start":{"line":250,"column":16},"end":{"line":250,"column":67}},"143":{"start":{"line":251,"column":16},"end":{"line":251,"column":75}},"144":{"start":{"line":252,"column":16},"end":{"line":252,"column":47}},"145":{"start":{"line":255,"column":12},"end":{"line":255,"column":61}},"146":{"start":{"line":256,"column":12},"end":{"line":256,"column":27}},"147":{"start":{"line":258,"column":12},"end":{"line":258,"column":63}},"148":{"start":{"line":259,"column":12},"end":{"line":259,"column":55}},"149":{"start":{"line":260,"column":12},"end":{"line":260,"column":44}},"150":{"start":{"line":264,"column":12},"end":{"line":264,"column":58}},"151":{"start":{"line":265,"column":12},"end":{"line":265,"column":63}},"152":{"start":{"line":266,"column":12},"end":{"line":266,"column":73}},"153":{"start":{"line":267,"column":12},"end":{"line":267,"column":53}},"154":{"start":{"line":268,"column":12},"end":{"line":268,"column":48}},"155":{"start":{"line":269,"column":12},"end":{"line":269,"column":47}},"156":{"start":{"line":270,"column":12},"end":{"line":270,"column":43}},"157":{"start":{"line":271,"column":12},"end":{"line":271,"column":47}},"158":{"start":{"line":275,"column":4},"end":{"line":297,"column":7}},"159":{"start":{"line":278,"column":8},"end":{"line":278,"column":56}},"160":{"start":{"line":279,"column":8},"end":{"line":279,"column":56}},"161":{"start":{"line":280,"column":8},"end":{"line":280,"column":38}},"162":{"start":{"line":282,"column":8},"end":{"line":282,"column":29}},"163":{"start":{"line":283,"column":8},"end":{"line":283,"column":61}},"164":{"start":{"line":285,"column":8},"end":{"line":285,"column":29}},"165":{"start":{"line":286,"column":8},"end":{"line":286,"column":39}},"166":{"start":{"line":287,"column":8},"end":{"line":287,"column":49}},"167":{"start":{"line":288,"column":8},"end":{"line":288,"column":61}},"168":{"start":{"line":289,"column":8},"end":{"line":289,"column":47}},"169":{"start":{"line":290,"column":8},"end":{"line":290,"column":53}},"170":{"start":{"line":291,"column":8},"end":{"line":291,"column":53}},"171":{"start":{"line":292,"column":8},"end":{"line":294,"column":12}},"172":{"start":{"line":293,"column":12},"end":{"line":293,"column":31}},"173":{"start":{"line":295,"column":8},"end":{"line":295,"column":51}},"174":{"start":{"line":296,"column":8},"end":{"line":296,"column":47}},"175":{"start":{"line":299,"column":4},"end":{"line":437,"column":7}},"176":{"start":{"line":301,"column":8},"end":{"line":301,"column":25}},"177":{"start":{"line":302,"column":8},"end":{"line":302,"column":17}},"178":{"start":{"line":306,"column":8},"end":{"line":314,"column":62}},"179":{"start":{"line":307,"column":12},"end":{"line":307,"column":38}},"180":{"start":{"line":308,"column":12},"end":{"line":313,"column":15}},"181":{"start":{"line":309,"column":16},"end":{"line":309,"column":59}},"182":{"start":{"line":310,"column":16},"end":{"line":310,"column":34}},"183":{"start":{"line":311,"column":16},"end":{"line":311,"column":40}},"184":{"start":{"line":312,"column":16},"end":{"line":312,"column":34}},"185":{"start":{"line":316,"column":8},"end":{"line":316,"column":76}},"186":{"start":{"line":316,"column":58},"end":{"line":316,"column":72}},"187":{"start":{"line":317,"column":8},"end":{"line":317,"column":28}},"188":{"start":{"line":318,"column":8},"end":{"line":318,"column":56}},"189":{"start":{"line":319,"column":8},"end":{"line":319,"column":43}},"190":{"start":{"line":324,"column":8},"end":{"line":324,"column":54}},"191":{"start":{"line":325,"column":8},"end":{"line":325,"column":45}},"192":{"start":{"line":326,"column":8},"end":{"line":326,"column":28}},"193":{"start":{"line":328,"column":8},"end":{"line":328,"column":30}},"194":{"start":{"line":329,"column":8},"end":{"line":329,"column":26}},"195":{"start":{"line":330,"column":8},"end":{"line":330,"column":69}},"196":{"start":{"line":331,"column":8},"end":{"line":342,"column":9}},"197":{"start":{"line":332,"column":12},"end":{"line":333,"column":42}},"198":{"start":{"line":335,"column":12},"end":{"line":335,"column":34}},"199":{"start":{"line":336,"column":12},"end":{"line":339,"column":13}},"200":{"start":{"line":337,"column":16},"end":{"line":338,"column":57}},"201":{"start":{"line":340,"column":12},"end":{"line":340,"column":30}},"202":{"start":{"line":341,"column":12},"end":{"line":341,"column":73}},"203":{"start":{"line":344,"column":8},"end":{"line":347,"column":14}},"204":{"start":{"line":345,"column":12},"end":{"line":346,"column":42}},"205":{"start":{"line":348,"column":8},"end":{"line":348,"column":42}},"206":{"start":{"line":349,"column":8},"end":{"line":349,"column":22}},"207":{"start":{"line":351,"column":8},"end":{"line":351,"column":73}},"208":{"start":{"line":353,"column":8},"end":{"line":354,"column":40}},"209":{"start":{"line":358,"column":8},"end":{"line":358,"column":54}},"210":{"start":{"line":359,"column":8},"end":{"line":359,"column":45}},"211":{"start":{"line":363,"column":8},"end":{"line":363,"column":41}},"212":{"start":{"line":364,"column":8},"end":{"line":364,"column":66}},"213":{"start":{"line":365,"column":8},"end":{"line":365,"column":71}},"214":{"start":{"line":366,"column":8},"end":{"line":366,"column":65}},"215":{"start":{"line":368,"column":8},"end":{"line":368,"column":28}},"216":{"start":{"line":370,"column":8},"end":{"line":381,"column":9}},"217":{"start":{"line":371,"column":12},"end":{"line":372,"column":37}},"218":{"start":{"line":374,"column":12},"end":{"line":374,"column":34}},"219":{"start":{"line":375,"column":12},"end":{"line":378,"column":13}},"220":{"start":{"line":376,"column":16},"end":{"line":377,"column":57}},"221":{"start":{"line":379,"column":12},"end":{"line":379,"column":30}},"222":{"start":{"line":380,"column":12},"end":{"line":380,"column":73}},"223":{"start":{"line":383,"column":8},"end":{"line":386,"column":14}},"224":{"start":{"line":384,"column":12},"end":{"line":385,"column":37}},"225":{"start":{"line":387,"column":8},"end":{"line":387,"column":42}},"226":{"start":{"line":388,"column":8},"end":{"line":388,"column":22}},"227":{"start":{"line":390,"column":8},"end":{"line":391,"column":40}},"228":{"start":{"line":395,"column":8},"end":{"line":395,"column":54}},"229":{"start":{"line":396,"column":8},"end":{"line":396,"column":45}},"230":{"start":{"line":400,"column":8},"end":{"line":400,"column":41}},"231":{"start":{"line":401,"column":8},"end":{"line":401,"column":66}},"232":{"start":{"line":402,"column":8},"end":{"line":402,"column":71}},"233":{"start":{"line":403,"column":8},"end":{"line":403,"column":65}},"234":{"start":{"line":406,"column":8},"end":{"line":406,"column":28}},"235":{"start":{"line":408,"column":8},"end":{"line":410,"column":14}},"236":{"start":{"line":409,"column":12},"end":{"line":409,"column":42}},"237":{"start":{"line":413,"column":8},"end":{"line":418,"column":9}},"238":{"start":{"line":414,"column":12},"end":{"line":414,"column":37}},"239":{"start":{"line":417,"column":12},"end":{"line":417,"column":37}},"240":{"start":{"line":420,"column":8},"end":{"line":421,"column":40}},"241":{"start":{"line":423,"column":8},"end":{"line":423,"column":54}},"242":{"start":{"line":424,"column":8},"end":{"line":424,"column":22}},"243":{"start":{"line":428,"column":8},"end":{"line":428,"column":54}},"244":{"start":{"line":429,"column":8},"end":{"line":429,"column":45}},"245":{"start":{"line":433,"column":8},"end":{"line":433,"column":41}},"246":{"start":{"line":434,"column":8},"end":{"line":434,"column":52}},"247":{"start":{"line":435,"column":8},"end":{"line":435,"column":71}},"248":{"start":{"line":436,"column":8},"end":{"line":436,"column":71}}},"branchMap":{"1":{"line":41,"type":"binary-expr","locations":[{"start":{"line":41,"column":11},"end":{"line":41,"column":45}},{"start":{"line":42,"column":11},"end":{"line":42,"column":45}},{"start":{"line":43,"column":11},"end":{"line":43,"column":44}}]},"2":{"line":150,"type":"if","locations":[{"start":{"line":150,"column":16},"end":{"line":150,"column":16}},{"start":{"line":150,"column":16},"end":{"line":150,"column":16}}]},"3":{"line":233,"type":"if","locations":[{"start":{"line":233,"column":12},"end":{"line":233,"column":12}},{"start":{"line":233,"column":12},"end":{"line":233,"column":12}}]},"4":{"line":332,"type":"binary-expr","locations":[{"start":{"line":332,"column":19},"end":{"line":332,"column":65}},{"start":{"line":333,"column":19},"end":{"line":333,"column":41}}]},"5":{"line":336,"type":"if","locations":[{"start":{"line":336,"column":12},"end":{"line":336,"column":12}},{"start":{"line":336,"column":12},"end":{"line":336,"column":12}}]},"6":{"line":345,"type":"binary-expr","locations":[{"start":{"line":345,"column":19},"end":{"line":345,"column":65}},{"start":{"line":346,"column":19},"end":{"line":346,"column":41}}]},"7":{"line":375,"type":"if","locations":[{"start":{"line":375,"column":12},"end":{"l
[...]
,"loc":{"start":{"line":310,"column":16},"end":{"line":310,"column":33}}},"23":{"name":"(anonymous_23)","line":320,"loc":{"start":{"line":320,"column":16},"end":{"line":320,"column":33}}},"24":{"name":"consolidateInputs","line":328,"loc":{"start":{"line":328,"column":0},"end":{"line":328,"column":78}}},"25":{"name":"(anonymous_25)","line":331,"loc":{"start":{"line":331,"column":62},"end":{"line":331,"column":77}}},"26":{"name":"(anonymous_26)","line":361,"loc":{"start":{"line":361,"column":22},"end":{"line":361,"column":51}}},"27":{"name":"(anonymous_27)","line":371,"loc":{"start":{"line":371,"column":31},"end":{"line":371,"column":47}}},"28":{"name":"(anonymous_28)","line":372,"loc":{"start":{"line":372,"column":30},"end":{"line":372,"column":42}}}},"statementMap":{"1":{"start":{"line":14,"column":0},"end":{"line":14,"column":27}},"2":{"start":{"line":15,"column":0},"end":{"line":15,"column":25}},"3":{"start":{"line":16,"column":0},"end":{"line":16,"column":32}},"4":{"start":{"line":18,"column":0},"end":{"line":18,"column":27}},"5":{"start":{"line":20,"column":0},"end":{"line":20,"column":37}},"6":{"start":{"line":21,"column":0},"end":{"line":21,"column":37}},"7":{"start":{"line":25,"column":0},"end":{"line":34,"column":1}},"8":{"start":{"line":26,"column":4},"end":{"line":26,"column":10}},"9":{"start":{"line":27,"column":4},"end":{"line":27,"column":17}},"10":{"start":{"line":29,"column":4},"end":{"line":31,"column":5}},"11":{"start":{"line":30,"column":8},"end":{"line":30,"column":59}},"12":{"start":{"line":33,"column":4},"end":{"line":33,"column":15}},"13":{"start":{"line":36,"column":0},"end":{"line":45,"column":1}},"14":{"start":{"line":37,"column":4},"end":{"line":37,"column":21}},"15":{"start":{"line":38,"column":4},"end":{"line":38,"column":29}},"16":{"start":{"line":39,"column":4},"end":{"line":39,"column":43}},"17":{"start":{"line":40,"column":4},"end":{"line":40,"column":36}},"18":{"start":{"line":41,"column":4},"end":{"line":41,"column":22}},"19":{"start":{"line":42,"column":4},"end":{"line":42,"column":37}},"20":{"start":{"line":43,"column":4},"end":{"line":43,"column":27}},"21":{"start":{"line":44,"column":4},"end":{"line":44,"column":16}},"22":{"start":{"line":47,"column":0},"end":{"line":47,"column":20}},"23":{"start":{"line":48,"column":0},"end":{"line":48,"column":23}},"24":{"start":{"line":50,"column":0},"end":{"line":83,"column":2}},"25":{"start":{"line":54,"column":4},"end":{"line":82,"column":5}},"26":{"start":{"line":55,"column":8},"end":{"line":58,"column":9}},"27":{"start":{"line":56,"column":12},"end":{"line":57,"column":47}},"28":{"start":{"line":59,"column":8},"end":{"line":59,"column":64}},"29":{"start":{"line":64,"column":9},"end":{"line":82,"column":5}},"30":{"start":{"line":65,"column":8},"end":{"line":65,"column":43}},"31":{"start":{"line":66,"column":8},"end":{"line":66,"column":45}},"32":{"start":{"line":73,"column":8},"end":{"line":73,"column":49}},"33":{"start":{"line":74,"column":8},"end":{"line":79,"column":11}},"34":{"start":{"line":75,"column":12},"end":{"line":75,"column":51}},"35":{"start":{"line":76,"column":12},"end":{"line":78,"column":13}},"36":{"start":{"line":77,"column":16},"end":{"line":77,"column":39}},"37":{"start":{"line":81,"column":8},"end":{"line":81,"column":36}},"38":{"start":{"line":87,"column":0},"end":{"line":99,"column":1}},"39":{"start":{"line":89,"column":4},"end":{"line":89,"column":41}},"40":{"start":{"line":90,"column":4},"end":{"line":90,"column":22}},"41":{"start":{"line":91,"column":4},"end":{"line":91,"column":27}},"42":{"start":{"line":92,"column":4},"end":{"line":92,"column":51}},"43":{"start":{"line":93,"column":4},"end":{"line":93,"column":34}},"44":{"start":{"line":94,"column":4},"end":{"line":94,"column":32}},"45":{"start":{"line":95,"column":4},"end":{"line":95,"column":22}},"46":{"start":{"line":96,"column":4},"end":{"line":96,"column":26}},"47":{"start":{"line":97,"column":4},"end":{"line":97,"column":28}},"48":{"start":{"line":98,"column":4},"end":{"line":98,"column":16}},"49":{"start":{"line":101,"column":0},"end":{"line":101,"column":23}},"50":{"start":{"line":102,"column":0},"end":{"line":102,"column":21}},"51":{"start":{"line":104,"column":0},"end":{"line":106,"column":2}},"52":{"start":{"line":105,"column":4},"end":{"line":105,"column":55}},"53":{"start":{"line":108,"column":0},"end":{"line":123,"column":2}},"54":{"start":{"line":109,"column":4},"end":{"line":109,"column":15}},"55":{"start":{"line":111,"column":4},"end":{"line":120,"column":5}},"56":{"start":{"line":112,"column":8},"end":{"line":112,"column":63}},"57":{"start":{"line":115,"column":8},"end":{"line":115,"column":36}},"58":{"start":{"line":116,"column":8},"end":{"line":119,"column":9}},"59":{"start":{"line":117,"column":12},"end":{"line":117,"column":38}},"60":{"start":{"line":118,"column":12},"end":{"line":118,"column":67}},"61":{"start":{"line":122,"column":4},"end":{"line":122,"column":18}},"62":{"start":{"line":125,"column":0},"end":{"line":129,"column":2}},"63":{"start":{"line":126,"column":4},"end":{"line":126,"column":48}},"64":{"start":{"line":127,"column":4},"end":{"line":127,"column":19}},"65":{"start":{"line":128,"column":4},"end":{"line":128,"column":30}},"66":{"start":{"line":131,"column":0},"end":{"line":138,"column":2}},"67":{"start":{"line":132,"column":4},"end":{"line":132,"column":48}},"68":{"start":{"line":133,"column":4},"end":{"line":133,"column":23}},"69":{"start":{"line":134,"column":4},"end":{"line":136,"column":5}},"70":{"start":{"line":135,"column":8},"end":{"line":135,"column":39}},"71":{"start":{"line":137,"column":4},"end":{"line":137,"column":30}},"72":{"start":{"line":140,"column":0},"end":{"line":157,"column":2}},"73":{"start":{"line":141,"column":4},"end":{"line":146,"column":5}},"74":{"start":{"line":142,"column":8},"end":{"line":142,"column":34}},"75":{"start":{"line":145,"column":8},"end":{"line":145,"column":37}},"76":{"start":{"line":148,"column":4},"end":{"line":148,"column":44}},"77":{"start":{"line":150,"column":4},"end":{"line":155,"column":5}},"78":{"start":{"line":152,"column":8},"end":{"line":152,"column":54}},"79":{"start":{"line":153,"column":8},"end":{"line":153,"column":21}},"80":{"start":{"line":156,"column":4},"end":{"line":156,"column":16}},"81":{"start":{"line":159,"column":0},"end":{"line":174,"column":2}},"82":{"start":{"line":160,"column":4},"end":{"line":160,"column":10}},"83":{"start":{"line":161,"column":4},"end":{"line":161,"column":20}},"84":{"start":{"line":163,"column":4},"end":{"line":168,"column":5}},"85":{"start":{"line":164,"column":8},"end":{"line":167,"column":11}},"86":{"start":{"line":165,"column":12},"end":{"line":165,"column":51}},"87":{"start":{"line":166,"column":12},"end":{"line":166,"column":41}},"88":{"start":{"line":170,"column":4},"end":{"line":170,"column":40}},"89":{"start":{"line":171,"column":4},"end":{"line":171,"column":35}},"90":{"start":{"line":172,"column":4},"end":{"line":172,"column":29}},"91":{"start":{"line":173,"column":4},"end":{"line":173,"column":16}},"92":{"start":{"line":176,"column":0},"end":{"line":213,"column":2}},"93":{"start":{"line":177,"column":4},"end":{"line":177,"column":20}},"94":{"start":{"line":179,"column":4},"end":{"line":210,"column":5}},"95":{"start":{"line":181,"column":8},"end":{"line":183,"column":11}},"96":{"start":{"line":182,"column":12},"end":{"line":182,"column":79}},"97":{"start":{"line":184,"column":8},"end":{"line":184,"column":53}},"98":{"start":{"line":185,"column":8},"end":{"line":185,"column":64}},"99":{"start":{"line":186,"column":8},"end":{"line":186,"column":54}},"100":{"start":{"line":187,"column":8},"end":{"line":187,"column":75}},"101":{"start":{"line":188,"column":8},"end":{"line":188,"column":55}},"102":{"start":{"line":189,"column":8},"end":{"line":191,"column":11}},"103":{"start":{"line":190,"column":12},"end":{"line":190,"column":31}},"104":{"start":{"line":192,"column":8},"end":{"line":201,"column":15}},"105":{"start":{"line":194,"column":16},"end":{"line":200,"column":18}},"106":{"start":{"line":202,"column":8},"end":{"line":202,"column":40}},"107":{"start":{"line":203,"column":8},"end":{"line":205,"column":9}},"108":{"start":{"line":204,"column":12},"end":{"line":204,"column":40}},"109":{"start":{"line":209,"column":8},"end":{"line":209,"column":30}},"110":{"start":{"line":212,"column":4},"end":{"line":212,"column":18}},"111":{"start":{"line":215,"column":0},"end":{"line":236,"column":2}},"112":{"start":{"line":216,"column":4},"end":{"line":216,"column":18}},"113":{"start":{"line":218,"column":4},"end":{"line":220,"column":5}},"114":{"start":{"line":219,"column":8},"end":{"line":219,"column":54}},"115":{"start":{"line":221,"column":4},"end":{"line":223,"column":5}},"116":{"start":{"line":222,"column":8},"end":{"line":222,"column":47}},"117":{"start":{"line":225,"column":4},"end":{"line":233,"column":5}},"118":{"start":{"line":226,"column":8},"end":{"line":226,"column":29}},"119":{"start":{"line":229,"column":8},"end":{"line":229,"column":48}},"120":{"start":{"line":230,"column":8},"end":{"line":230,"column":42}},"121":{"start":{"line":231,"column":8},"end":{"line":231,"column":27}},"122":{"start":{"line":232,"column":8},"end":{"line":232,"column":26}},"123":{"start":{"line":235,"column":4},"end":{"line":235,"column":31}},"124":{"start":{"line":238,"column":0},"end":{"line":247,"column":2}},"125":{"start":{"line":240,"column":4},"end":{"line":240,"column":45}},"126":{"start":{"line":241,"column":4},"end":{"line":242,"column":73}},"127":{"start":{"line":244,"column":4},"end":{"line":246,"column":37}},"128":{"start":{"line":249,"column":0},"end":{"line":281,"column":2}},"129":{"start":{"line":250,"column":4},"end":{"line":252,"column":5}},"130":{"start":{"line":251,"column":8},"end":{"line":251,"column":54}},"131":{"start":{"line":253,"column":4},"end":{"line":255,"column":5}},"132":{"start":{"line":254,"column":8},"end":{"line":254,"column":47}},"133":{"start":{"line":256,"column":4},"end":{"line":258,"column":5}},"134":{"start":{"line":257,"column":8},"end":{"line":257,"column":67}},"135":{"start":{"line":260,"column":4},"end":{"line":260,"column":40}},"136":{"start":{"line":261,"column":4},"end":{"line":261,"column":33}},"137":{"start":{"line":262,"column":4},"end":{"line":264,"column":5}},"138":{"start":{"line":263,"column":8},"end":{"line":263,"column":52}},"139":{"start":{"line":266,"column":4},"end":{"line":266,"column":38}},"140":{"start":{"line":267,"column":4},"end":{"line":267,"column":32}},"141":{"start":{"line":268,"column":4},"end":{"line":270,"column":5}},"142":{"start":{"line":269,"column":8},"end":{"line":269,"column":31}},"143":{"start":{"line":272,"column":4},"end":{"line":272,"column":32}},"144":{"start":{"line":273,"column":4},"end":{"line":273,"column":72}},"145":{"start":{"line":275,"column":4},"end":{"line":278,"column":5}},"146":{"start":{"line":276,"column":8},"end":{"line":276,"column":26}},"147":{"start":{"line":277,"column":8},"end":{"line":277,"column":41}},"148":{"start":{"line":280,"column":4},"end":{"line":280,"column":16}},"149":{"start":{"line":285,"column":0},"end":{"line":326,"column":2}},"150":{"start":{"line":290,"column":12},"end":{"line":291,"column":39}},"151":{"start":{"line":292,"column":12},"end":{"line":292,"column":62}},"152":{"start":{"line":293,"column":12},"end":{"line":293,"column":37}},"153":{"start":{"line":294,"column":12},"end":{"line":294,"column":22}},"154":{"start":{"line":301,"column":12},"end":{"line":301,"column":59}},"155":{"start":{"line":302,"column":12},"end":{"line":302,"column":55}},"156":{"start":{"line":303,"column":12},"end":{"line":303,"column":39}},"157":{"start":{"line":311,"column":12},"end":{"line":311,"column":59}},"158":{"start":{"line":312,"column":12},"end":{"line":312,"column":55}},"159":{"start":{"line":313,"column":12},"end":{"line":314,"column":43}},"160":{"start":{"line":315,"column":12},"end":{"line":315,"column":22}},"161":{"start":{"line":321,"column":12},"end":{"line":321,"column":59}},"162":{"start":{"line":322,"column":12},"end":{"line":322,"column":55}},"163":{"start":{"line":323,"column":12},"end":{"line":323,"column":52}},"164":{"start":{"line":328,"column":0},"end":{"line":341,"column":1}},"165":{"start":{"line":329,"column":4},"end":{"line":329,"column":19}},"166":{"start":{"line":331,"column":4},"end":{"line":338,"column":7}},"167":{"start":{"line":332,"column":8},"end":{"line":332,"column":57}},"168":{"start":{"line":334,"column":8},"end":{"line":337,"column":9}},"169":{"start":{"line":335,"column":12},"end":{"line":336,"column":56}},"170":{"start":{"line":340,"column":4},"end":{"line":340,"column":17}},"171":{"start":{"line":346,"column":0},"end":{"line":351,"column":2}},"172":{"start":{"line":355,"column":0},"end":{"line":355,"column":22}},"173":{"start":{"line":357,"column":0},"end":{"line":410,"column":1}},"174":{"start":{"line":361,"column":4},"end":{"line":408,"column":20}},"175":{"start":{"line":362,"column":8},"end":{"line":362,"column":50}},"176":{"start":{"line":363,"column":8},"end":{"line":363,"column":51}},"177":{"start":{"line":364,"column":8},"end":{"line":364,"column":24}},"178":{"start":{"line":366,"column":8},"end":{"line":366,"column":55}},"179":{"start":{"line":367,"column":8},"end":{"line":367,"column":29}},"180":{"start":{"line":368,"column":8},"end":{"line":368,"column":53}},"181":{"start":{"line":370,"column":8},"end":{"line":406,"column":9}},"182":{"start":{"line":371,"column":12},"end":{"line":371,"column":73}},"183":{"start":{"line":371,"column":49},"end":{"line":371,"column":69}},"184":{"start":{"line":372,"column":12},"end":{"line":401,"column":15}},"185":{"start":{"line":373,"column":16},"end":{"line":373,"column":53}},"186":{"start":{"line":374,"column":16},"end":{"line":374,"column":33}},"187":{"start":{"line":376,"column":16},"end":{"line":400,"column":17}},"188":{"start":{"line":377,"column":20},"end":{"line":379,"column":66}},"189":{"start":{"line":381,"column":20},"end":{"line":381,"column":77}},"190":{"start":{"line":382,"column":20},"end":{"line":382,"column":52}},"191":{"start":{"line":383,"column":20},"end":{"line":385,"column":21}},"192":{"start":{"line":384,"column":24},"end":{"line":384,"column":59}},"193":{"start":{"line":387,"column":20},"end":{"line":388,"column":64}},"194":{"start":{"line":389,"column":20},"end":{"line":389,"column":63}},"195":{"start":{"line":393,"column":20},"end":{"line":393,"column":44}},"196":{"start":{"line":394,"column":20},"end":{"line":397,"column":52}},"197":{"start":{"line":398,"column":20},"end":{"line":398,"column":63}},"198":{"start":{"line":404,"column":12},"end":{"line":404,"column":36}},"199":{"start":{"line":405,"column":12},"end":{"line":405,"column":45}}},"branchMap":{"1":{"line":54,"type":"if","locations":[{"start":{"line":54,"column":4},"end":{"line":54,"column":4}},{"start":{"line":54,"column":4},"end":{"line":54,"column":4}}]},"2":{"line":55,"type":"if","locations":[{"start":{"line":55,"column":8},"end":{"line":55,"column":8}},{"start":{"line":55,"column":8},"end":{"line":55,"column":8}}]},"3":{"line":64,"type":"if","locations":[{"start":{"line":64,"column":9},"end":{"line":64,"column":9}},{"start":{"line":64,"column":9},"end":{"line":64,"column":9}}]},"4":{"line":76,"type":"if","locations":[{"start":{"line":76,"column":12},"end":{"line":76,"column":12}},{"start":{"line":76,"column":12},"end":{"line":76,"column":12}}]},"5":{"line":111,"type":"if","locations":[{"start":{"line":111,"column":4},"end":{"line":111,"column":4}},{"start":{"line":111,"column":4},"end":{"line":111,"column":4}}]},"6":{"line":116,"type":"if","locations":[{"start":{"line":116,"column":8},"end":{"line":116,"column":8}},{"start":{"line":116,"column":8},"end":{"line":116,"column":8}}]},"7":{"line":134,"type":"if","locations":[{"start":{"line":134,"column":4},"end":{"line":134,"column":4}},{"start":{"line":134,"column":4},"end":{"line":134,"column":4}}]},"8":{"line":141,"type":"if","locations":[{"start":{"line":141,"column":4},"end":{"line":141,"column":4}},{"start":{"line":141,"column":4},"end":{"line":141,"column":4}}]},"9":{"line":150,"type":"if","locations":[{"start":{"line":150,"column":4},"end":{"line":150,"column":4}},{"start":{"line":150,"column":4},"end":{"line":150,"column":4}}]},"10":{"line":179,"type":"if","locations":[{"start":{"line":179,"column":4},"end":{"line":179,"column":4}},{"start":{"line":179,"column":4},"end":{"line":179,"column":4}}]},"11":{"line":196,"type":"binary-expr","locations":[{"start":{"line":196,"column":26},"end":{"line":196,"column":39}},{"start":{"line":196,"column":43},"end":{"line":196,"column":44}}]},"12":{"line":198,"type":"cond-expr","locations":[{"start":{"line":199,"column":26},"end":{"line":199,"column":54}},{"start":{"line":199,"column":57},"end":{"line":199,"column":66}}]},"13":{"line":203,"type":"if","locations":[{"start":{"line":203,"column":8},"end":{"line":203,"column":8}},{"start":{"line":203,"column":8},"end":{"line":203,"column":8}}]},"14":{"line":203,"type":"binary-expr","locations":[{"start":{"line":203,"column":12},"end":{"line":203,"column":25}},{"start":{"line":203,"column":29},"end":{"line":203,"column":40}}]},"15":{"line":218,"type":"if","locations":[{"start":{"line":218,"column":4},"end":{"line":218,"column":4}},{"start":{"line":218,"column":4},"end":{"line":218,"column":4}}]},"16":{"line":221,"type":"if","locations":[{"start":{"line":221,"column":4},"end":{"line":221,"column":4}},{"start":{"line":221,"column":4},"end":{"line":221,"column":4}}]},"17":{"line":225,"type":"if","locations":[{"start":{"line":225,"column":4},"end":{"line":225,"column":4}},{"start":{"line":225,"column":4},"end":{"line":225,"column":4}}]},"18":{"line":241,"type":"cond-expr","locations":[{"start":{"line":242,"column":22},"end":{"line":242,"column":47}},{"start":{"line":242,"column":50},"end":{"line":242,"column":72}}]},"19":{"line":244,"type":"binary-expr","locations":[{"start":{"line":244,"column":11},"end":{"line":244,"column":46}},{"start":{"line":245,"column":11},"end":{"line":245,"column":57}},{"start":{"line":246,"column":11},"end":{"line":246,"column":36}}]},"20":{"line":250,"type":"if","locations":[{"start":{"line":250,"column":4},"end":{"line":250,"column":4}},{"start":{"line":250,"column":4},"end":{"line":250,"column":4}}]},"21":{"line":253,"type":"if","locations":[{"start":{"line":253,"column":4},"end":{"line":253,"column":4}},{"start":{"line":253,"column":4},"end":{"line":253,"column":4}}]},"22":{"line":256,"type":"if","locations":[{"start":{"line":256,"column":4},"end":{"line":256,"column":4}},{"start":{"line":256,"column":4},"end":{"line":256,"column":4}}]},"23":{"line":262,"type":"if","locations":[{"start":{"line":262,"column":4},"end":{"line":262,"column":4}},{"start":{"line":262,"column":4},"end":{"line":262,"column":4}}]},"24":{"line":268,"type":"if","locations":[{"start":{"line":268,"column":4},"end":{"line":268,"column":4}},{"start":{"line":268,"column":4},"end":{"line":268,"column":4}}]},"25":{"line":275,"type":"if","locations":[{"start":{"line":275,"column":4},"end":{"line":275,"column":4}},{"start":{"line":275,"column":4},"end":{"line":275,"column":4}}]},"26":{"line":332,"type":"binary-expr","locations":[{"start":{"line":332,"column":21},"end":{"line":332,"column":34}},{"start":{"line":332,"column":38},"end":{"line":332,"column":56}}]},"27":{"line":334,"type":"if","locations":[{"start":{"line":334,"column":8},"end":{"line":334,"column":8}},{"start":{"line":334,"column":8},"end":{"line":334,"column":8}}]},"28":{"line":357,"type":"if","locations":[{"start":{"line":357,"column":0},"end":{"line":357,"column":0}},{"start":{"line":357,"column":0},"end":{"line":357,"column":0}}]},"29":{"line":370,"type":"if","locations":[{"start":{"line":370,"column":8},"end":{"line":370,"column":8}},{"start":{"line":370,"column":8},"end":{"line":370,"column":8}}]},"30":{"line":383,"type":"if","locations":[{"start":{"line":383,"column":20},"end":{"line":383,"column":20}},{"start":{"line":383,"column":20},"end":{"line":383,"column":20}}]}}}}