TN:
SF:/Users/cwilbur/Documents/Development/Code Samples/crazy-eights/spec/card.spec.js
FN:22,dump
FN:26,(anonymous_2)
FN:28,(anonymous_3)
FN:33,(anonymous_4)
FN:38,(anonymous_5)
FN:46,(anonymous_6)
FN:48,(anonymous_7)
FN:54,(anonymous_8)
FN:61,(anonymous_9)
FN:64,(anonymous_10)
FN:68,(anonymous_11)
FN:83,(anonymous_12)
FN:85,(anonymous_13)
FN:90,(anonymous_14)
FN:98,(anonymous_15)
FN:106,(anonymous_16)
FN:111,(anonymous_17)
FN:119,(anonymous_18)
FN:120,(anonymous_19)
FN:124,(anonymous_20)
FN:125,(anonymous_21)
FN:126,(anonymous_22)
FN:127,(anonymous_23)
FN:139,(anonymous_24)
FN:140,(anonymous_25)
FN:142,(anonymous_26)
FN:149,(anonymous_27)
FN:150,(anonymous_28)
FN:156,(anonymous_29)
FN:189,(anonymous_30)
FN:191,(anonymous_31)
FN:199,(anonymous_32)
FN:209,(anonymous_33)
FN:214,(anonymous_34)
FN:221,(anonymous_35)
FN:222,(anonymous_36)
FN:226,(anonymous_37)
FN:227,(anonymous_38)
FN:228,(anonymous_39)
FN:229,(anonymous_40)
FN:241,(anonymous_41)
FN:242,(anonymous_42)
FN:244,(anonymous_43)
FN:251,(anonymous_44)
FN:252,(anonymous_45)
FN:258,(anonymous_46)
FN:264,(anonymous_47)
FN:265,(anonymous_48)
FN:270,(anonymous_49)
FN:283,(anonymous_50)
FN:284,(anonymous_51)
FN:294,(anonymous_52)
FN:295,(anonymous_53)
FN:305,(anonymous_54)
FN:306,(anonymous_55)
FN:313,(anonymous_56)
FN:317,(anonymous_57)
FN:318,(anonymous_58)
FN:319,(anonymous_59)
FN:323,(anonymous_60)
FN:324,(anonymous_61)
FN:327,(anonymous_62)
FN:328,(anonymous_63)
FN:331,(anonymous_64)
FN:332,(anonymous_65)
FN:337,(anonymous_66)
FN:338,(anonymous_67)
FN:339,(anonymous_68)
FN:346,(anonymous_69)
FN:347,(anonymous_70)
FN:348,(anonymous_71)
FN:365,(anonymous_72)
FN:366,(anonymous_73)
FN:378,(anonymous_74)
FN:384,(anonymous_75)
FN:385,(anonymous_76)
FN:392,(anonymous_77)
FN:397,(anonymous_78)
FN:400,(anonymous_79)
FN:407,(anonymous_80)
FN:415,(anonymous_81)
FN:418,(anonymous_82)
FN:425,(anonymous_83)
FN:433,(anonymous_84)
FN:436,(anonymous_85)
FN:443,(anonymous_86)
FN:451,(anonymous_87)
FN:454,(anonymous_88)
FN:461,(anonymous_89)
FN:469,(anonymous_90)
FN:474,(anonymous_91)
FN:491,(anonymous_92)
FN:496,(anonymous_93)
FN:513,(anonymous_94)
FN:516,(anonymous_95)
FN:523,(anonymous_96)
FNF:96
FNH:94
FNDA:0,dump
FNDA:1,(anonymous_2)
FNDA:1,(anonymous_3)
FNDA:1,(anonymous_4)
FNDA:1,(anonymous_5)
FNDA:1,(anonymous_6)
FNDA:1,(anonymous_7)
FNDA:1,(anonymous_8)
FNDA:1,(anonymous_9)
FNDA:0,(anonymous_10)
FNDA:1,(anonymous_11)
FNDA:4,(anonymous_12)
FNDA:20,(anonymous_13)
FNDA:16,(anonymous_14)
FNDA:1,(anonymous_15)
FNDA:36,(anonymous_16)
FNDA:1,(anonymous_17)
FNDA:36,(anonymous_18)
FNDA:36,(anonymous_19)
FNDA:1,(anonymous_20)
FNDA:4,(anonymous_21)
FNDA:16,(anonymous_22)
FNDA:64,(anonymous_23)
FNDA:1,(anonymous_24)
FNDA:4,(anonymous_25)
FNDA:12,(anonymous_26)
FNDA:1,(anonymous_27)
FNDA:4,(anonymous_28)
FNDA:1,(anonymous_29)
FNDA:13,(anonymous_30)
FNDA:54,(anonymous_31)
FNDA:1,(anonymous_32)
FNDA:61,(anonymous_33)
FNDA:1,(anonymous_34)
FNDA:29,(anonymous_35)
FNDA:29,(anonymous_36)
FNDA:1,(anonymous_37)
FNDA:13,(anonymous_38)
FNDA:41,(anonymous_39)
FNDA:533,(anonymous_40)
FNDA:1,(anonymous_41)
FNDA:13,(anonymous_42)
FNDA:26,(anonymous_43)
FNDA:1,(anonymous_44)
FNDA:13,(anonymous_45)
FNDA:1,(anonymous_46)
FNDA:13,(anonymous_47)
FNDA:52,(anonymous_48)
FNDA:52,(anonymous_49)
FNDA:1,(anonymous_50)
FNDA:52,(anonymous_51)
FNDA:1,(anonymous_52)
FNDA:52,(anonymous_53)
FNDA:156,(anonymous_54)
FNDA:624,(anonymous_55)
FNDA:1,(anonymous_56)
FNDA:1,(anonymous_57)
FNDA:1,(anonymous_58)
FNDA:1,(anonymous_59)
FNDA:100,(anonymous_60)
FNDA:100,(anonymous_61)
FNDA:13,(anonymous_62)
FNDA:13,(anonymous_63)
FNDA:4,(anonymous_64)
FNDA:4,(anonymous_65)
FNDA:13,(anonymous_66)
FNDA:52,(anonymous_67)
FNDA:52,(anonymous_68)
FNDA:1,(anonymous_69)
FNDA:52,(anonymous_70)
FNDA:2704,(anonymous_71)
FNDA:1,(anonymous_72)
FNDA:52,(anonymous_73)
FNDA:1,(anonymous_74)
FNDA:13,(anonymous_75)
FNDA:52,(anonymous_76)
FNDA:1,(anonymous_77)
FNDA:1,(anonymous_78)
FNDA:52,(anonymous_79)
FNDA:52,(anonymous_80)
FNDA:1,(anonymous_81)
FNDA:52,(anonymous_82)
FNDA:52,(anonymous_83)
FNDA:1,(anonymous_84)
FNDA:52,(anonymous_85)
FNDA:52,(anonymous_86)
FNDA:1,(anonymous_87)
FNDA:52,(anonymous_88)
FNDA:52,(anonymous_89)
FNDA:1,(anonymous_90)
FNDA:52,(anonymous_91)
FNDA:1,(anonymous_92)
FNDA:52,(anonymous_93)
FNDA:1,(anonymous_94)
FNDA:52,(anonymous_95)
FNDA:1,(anonymous_96)
DA:12,1
DA:14,1
DA:15,1
DA:16,1
DA:17,1
DA:18,1
DA:19,1
DA:20,1
DA:22,1
DA:23,0
DA:26,1
DA:28,1
DA:29,1
DA:30,1
DA:33,1
DA:34,1
DA:35,1
DA:38,1
DA:39,1
DA:40,1
DA:41,1
DA:46,1
DA:48,1
DA:49,1
DA:50,1
DA:51,1
DA:54,1
DA:55,1
DA:56,1
DA:57,1
DA:58,1
DA:61,1
DA:62,1
DA:63,1
DA:64,1
DA:68,1
DA:70,1
DA:81,1
DA:83,1
DA:84,4
DA:85,4
DA:86,20
DA:87,16
DA:90,4
DA:91,16
DA:92,0
DA:95,4
DA:98,1
DA:99,1
DA:107,36
DA:111,1
DA:112,1
DA:120,36
DA:124,1
DA:125,1
DA:126,4
DA:127,16
DA:128,64
DA:129,16
DA:132,48
DA:139,1
DA:140,1
DA:141,4
DA:142,4
DA:143,12
DA:144,12
DA:149,1
DA:150,1
DA:151,4
DA:156,1
DA:158,1
DA:187,1
DA:189,1
DA:190,13
DA:191,13
DA:192,54
DA:193,41
DA:196,13
DA:199,1
DA:200,1
DA:210,61
DA:214,1
DA:215,1
DA:222,29
DA:226,1
DA:227,1
DA:228,13
DA:229,41
DA:230,533
DA:231,41
DA:234,492
DA:241,1
DA:242,1
DA:243,13
DA:244,13
DA:245,26
DA:246,26
DA:251,1
DA:252,1
DA:253,13
DA:258,1
DA:260,1
DA:261,1
DA:263,1
DA:264,1
DA:265,13
DA:266,52
DA:270,1
DA:271,52
DA:274,1
DA:275,1
DA:276,1
DA:277,117
DA:278,100
DA:280,117
DA:283,1
DA:284,1
DA:288,52
DA:289,52
DA:294,1
DA:295,1
DA:300,52
DA:302,52
DA:305,52
DA:306,156
DA:307,624
DA:313,1
DA:317,1
DA:318,1
DA:319,1
DA:323,1
DA:324,100
DA:327,1
DA:328,13
DA:331,1
DA:332,4
DA:337,1
DA:338,13
DA:339,52
DA:340,52
DA:346,1
DA:347,1
DA:348,52
DA:349,2704
DA:350,1326
DA:351,1326
DA:353,1378
DA:354,52
DA:355,52
DA:357,1326
DA:358,1326
DA:359,1326
DA:365,1
DA:366,1
DA:367,52
DA:369,52
DA:371,52
DA:378,1
DA:380,1
DA:381,1
DA:383,1
DA:384,1
DA:385,13
DA:386,52
DA:390,1
DA:392,1
DA:393,1
DA:394,1
DA:397,1
DA:398,1
DA:399,1
DA:400,1
DA:401,52
DA:402,52
DA:403,52
DA:404,52
DA:407,1
DA:408,52
DA:409,52
DA:410,52
DA:411,52
DA:415,1
DA:416,1
DA:417,1
DA:418,1
DA:419,52
DA:420,52
DA:421,52
DA:422,52
DA:425,1
DA:426,52
DA:427,52
DA:428,52
DA:429,52
DA:433,1
DA:434,1
DA:435,1
DA:436,1
DA:437,52
DA:438,52
DA:439,52
DA:440,52
DA:443,1
DA:444,52
DA:445,52
DA:446,52
DA:447,52
DA:451,1
DA:452,1
DA:453,1
DA:454,1
DA:455,52
DA:456,52
DA:457,52
DA:458,52
DA:461,1
DA:462,52
DA:463,52
DA:464,52
DA:465,52
DA:469,1
DA:470,1
DA:471,1
DA:472,1
DA:474,1
DA:475,52
DA:478,1
DA:479,1
DA:480,1
DA:482,1
DA:483,52
DA:484,52
DA:485,52
DA:486,52
DA:487,52
DA:491,1
DA:492,1
DA:493,1
DA:494,1
DA:496,1
DA:497,52
DA:500,1
DA:501,1
DA:502,1
DA:504,1
DA:505,52
DA:506,52
DA:507,52
DA:508,52
DA:509,52
DA:513,1
DA:514,1
DA:515,1
DA:516,1
DA:517,52
DA:518,52
DA:519,52
DA:523,1
DA:524,1
DA:525,1
DA:527,1
DA:528,1
DA:530,1
DA:532,1
DA:533,1
DA:535,1
LF:266
LH:264
BRDA:86,1,0,16
BRDA:86,1,1,4
BRDA:91,2,0,0
BRDA:91,2,1,16
BRDA:128,3,0,16
BRDA:128,3,1,48
BRDA:192,4,0,41
BRDA:192,4,1,13
BRDA:230,5,0,41
BRDA:230,5,1,492
BRDA:277,6,0,100
BRDA:277,6,1,17
BRDA:349,7,0,1326
BRDA:349,7,1,1378
BRDA:353,8,0,52
BRDA:353,8,1,1326
BRDA:357,9,0,1326
BRDA:357,9,1,0
BRF:18
BRH:16
end_of_record
TN:
SF:/Users/cwilbur/Documents/Development/Code Samples/crazy-eights/card.js
FN:17,ucfirst
FN:21,qw
FN:35,Suit
FN:51,(anonymous_4)
FN:52,(anonymous_5)
FN:54,(anonymous_6)
FN:69,(anonymous_7)
FN:70,(anonymous_8)
FN:74,(anonymous_9)
FN:81,(anonymous_10)
FN:85,(anonymous_11)
FN:89,(anonymous_12)
FN:93,(anonymous_13)
FN:99,Rank
FN:124,(anonymous_15)
FN:125,(anonymous_16)
FN:135,(anonymous_17)
FN:143,(anonymous_18)
FN:147,(anonymous_19)
FN:151,(anonymous_20)
FN:157,Card
FN:200,(anonymous_22)
FN:204,(anonymous_23)
FN:209,(anonymous_24)
FN:213,(anonymous_25)
FN:217,(anonymous_26)
FN:223,Deck
FN:228,(anonymous_28)
FN:230,(anonymous_29)
FN:231,(anonymous_30)
FN:239,(anonymous_31)
FN:254,(anonymous_32)
FN:258,(anonymous_33)
FN:262,(anonymous_34)
FN:266,(anonymous_35)
FN:270,(anonymous_36)
FN:271,(anonymous_37)
FN:274,(anonymous_38)
FN:279,(anonymous_39)
FN:284,(anonymous_40)
FN:288,(anonymous_41)
FN:289,(anonymous_42)
FNF:42
FNH:42
FNDA:45,ucfirst
FNDA:145,qw
FNDA:2485,Suit
FNDA:5,(anonymous_4)
FNDA:20,(anonymous_5)
FNDA:4,(anonymous_6)
FNDA:4,(anonymous_7)
FNDA:12,(anonymous_8)
FNDA:4,(anonymous_9)
FNDA:368,(anonymous_10)
FNDA:160,(anonymous_11)
FNDA:160,(anonymous_12)
FNDA:2298,(anonymous_13)
FNDA:3041,Rank
FNDA:14,(anonymous_15)
FNDA:42,(anonymous_16)
FNDA:6,(anonymous_17)
FNDA:481,(anonymous_18)
FNDA:169,(anonymous_19)
FNDA:2313,(anonymous_20)
FNDA:2360,Card
FNDA:15504,(anonymous_22)
FNDA:4576,(anonymous_23)
FNDA:260,(anonymous_24)
FNDA:52,(anonymous_25)
FNDA:52,(anonymous_26)
FNDA:145,Deck
FNDA:26,(anonymous_28)
FNDA:104,(anonymous_29)
FNDA:1352,(anonymous_30)
FNDA:24,(anonymous_31)
FNDA:756,(anonymous_32)
FNDA:104,(anonymous_33)
FNDA:104,(anonymous_34)
FNDA:104,(anonymous_35)
FNDA:2,(anonymous_36)
FNDA:494,(anonymous_37)
FNDA:652,(anonymous_38)
FNDA:104,(anonymous_39)
FNDA:716,(anonymous_40)
FNDA:52,(anonymous_41)
FNDA:1378,(anonymous_42)
DA:12,1
DA:13,1
DA:17,1
DA:18,45
DA:21,1
DA:22,145
DA:23,4
DA:25,141
DA:26,138
DA:29,3
DA:35,1
DA:36,2485
DA:37,2485
DA:38,36
DA:42,1
DA:49,1
DA:51,1
DA:52,5
DA:53,20
DA:54,4
DA:55,4
DA:56,4
DA:59,16
DA:60,4
DA:63,12
DA:64,12
DA:69,1
DA:70,4
DA:71,12
DA:72,12
DA:74,4
DA:75,4
DA:76,4
DA:78,4
DA:81,1
DA:82,368
DA:85,1
DA:86,160
DA:89,1
DA:90,160
DA:93,1
DA:94,2298
DA:99,1
DA:100,3041
DA:101,3041
DA:102,181
DA:106,1
DA:123,1
DA:124,1
DA:125,14
DA:126,42
DA:127,42
DA:128,26
DA:130,16
DA:131,14
DA:134,42
DA:135,6
DA:136,6
DA:137,6
DA:143,1
DA:144,481
DA:147,1
DA:148,169
DA:151,1
DA:152,2313
DA:157,1
DA:158,2360
DA:159,1
DA:161,2359
DA:162,222
DA:163,222
DA:164,152
DA:165,152
DA:167,70
DA:168,70
DA:169,52
DA:173,118
DA:177,2137
DA:178,2136
DA:179,2136
DA:182,52
DA:185,2084
DA:186,2084
DA:189,0
DA:194,1
DA:197,2188
DA:200,1
DA:201,15504
DA:204,1
DA:205,4576
DA:206,4576
DA:209,1
DA:210,260
DA:213,1
DA:214,52
DA:217,1
DA:218,52
DA:223,1
DA:224,145
DA:225,145
DA:228,1
DA:229,26
DA:230,26
DA:231,104
DA:232,1352
DA:236,26
DA:239,1
DA:244,24
DA:245,24
DA:246,1224
DA:247,1224
DA:248,1224
DA:249,1224
DA:251,24
DA:254,1
DA:255,756
DA:258,1
DA:259,104
DA:262,1
DA:263,104
DA:266,1
DA:267,104
DA:270,1
DA:271,494
DA:274,1
DA:275,652
DA:276,652
DA:279,1
DA:280,104
DA:281,104
DA:284,1
DA:285,716
DA:288,1
DA:289,52
DA:290,1378
DA:292,52
DA:297,1
LF:137
LH:136
BRDA:22,1,0,4
BRDA:22,1,1,141
BRDA:25,2,0,138
BRDA:25,2,1,3
BRDA:37,3,0,36
BRDA:37,3,1,2449
BRDA:53,4,0,4
BRDA:53,4,1,16
BRDA:59,5,0,4
BRDA:59,5,1,12
BRDA:101,6,0,181
BRDA:101,6,1,2860
BRDA:101,7,0,3041
BRDA:101,7,1,2862
BRDA:127,8,0,26
BRDA:127,8,1,16
BRDA:130,9,0,14
BRDA:130,9,1,2
BRDA:134,10,0,6
BRDA:134,10,1,36
BRDA:158,11,0,1
BRDA:158,11,1,2359
BRDA:161,12,0,222
BRDA:161,12,1,2137
BRDA:163,13,0,152
BRDA:163,13,1,70
BRDA:167,14,0,70
BRDA:167,14,1,0
BRDA:177,15,0,2136
BRDA:177,15,1,1
BRDA:206,16,0,4472
BRDA:206,16,1,104
BRF:32
BRH:31
end_of_record
TN:
SF:/Users/cwilbur/Documents/Development/Code Samples/crazy-eights/spec/server.spec.js
FN:24,dump
FN:28,(anonymous_2)
FN:29,(anonymous_3)
FN:42,(anonymous_4)
FN:56,(anonymous_5)
FN:58,(anonymous_6)
FN:62,(anonymous_7)
FN:81,(anonymous_8)
FN:85,(anonymous_9)
FN:87,(anonymous_10)
FN:96,(anonymous_11)
FN:100,(anonymous_12)
FN:110,(anonymous_13)
FN:114,(anonymous_14)
FN:116,(anonymous_15)
FN:128,(anonymous_16)
FN:137,(anonymous_17)
FN:149,(anonymous_18)
FN:151,(anonymous_19)
FN:160,(anonymous_20)
FN:161,(anonymous_21)
FN:163,(anonymous_22)
FN:185,(anonymous_23)
FN:194,(anonymous_24)
FN:206,(anonymous_25)
FNF:25
FNH:24
FNDA:0,dump
FNDA:1,(anonymous_2)
FNDA:1,(anonymous_3)
FNDA:1,(anonymous_4)
FNDA:1,(anonymous_5)
FNDA:1,(anonymous_6)
FNDA:26,(anonymous_7)
FNDA:1,(anonymous_8)
FNDA:26,(anonymous_9)
FNDA:104,(anonymous_10)
FNDA:26,(anonymous_11)
FNDA:26,(anonymous_12)
FNDA:1,(anonymous_13)
FNDA:26,(anonymous_14)
FNDA:156,(anonymous_15)
FNDA:26,(anonymous_16)
FNDA:15,(anonymous_17)
FNDA:7,(anonymous_18)
FNDA:7,(anonymous_19)
FNDA:1,(anonymous_20)
FNDA:1,(anonymous_21)
FNDA:4,(anonymous_22)
FNDA:1,(anonymous_23)
FNDA:4,(anonymous_24)
FNDA:4,(anonymous_25)
DA:11,1
DA:13,1
DA:14,1
DA:15,1
DA:17,1
DA:24,1
DA:25,0
DA:28,1
DA:29,1
DA:30,1
DA:31,1
DA:32,27
DA:33,27
DA:34,27
DA:38,1
DA:39,1
DA:41,1
DA:43,1
DA:44,1
DA:45,1
DA:47,1
DA:48,10000
DA:49,10000
DA:50,10000
DA:52,1
DA:56,1
DA:58,1
DA:59,1
DA:60,1
DA:62,1
DA:63,26
DA:64,26
DA:65,26
DA:66,26
DA:67,26
DA:68,26
DA:70,26
DA:71,26
DA:74,1
DA:76,1
DA:80,1
DA:82,1
DA:83,1
DA:85,1
DA:86,26
DA:87,104
DA:88,26
DA:89,26
DA:90,26
DA:92,26
DA:93,26
DA:96,1
DA:97,26
DA:100,1
DA:101,26
DA:102,26
DA:103,26
DA:104,26
DA:108,1
DA:111,1
DA:112,1
DA:114,1
DA:115,26
DA:116,156
DA:117,26
DA:118,26
DA:119,26
DA:121,26
DA:122,26
DA:125,1
DA:126,1
DA:128,1
DA:129,26
DA:130,11
DA:133,15
DA:137,15
DA:139,1
DA:140,1
DA:141,4
DA:142,4
DA:144,4
DA:145,4
DA:146,4
DA:149,7
DA:151,1
DA:152,7
DA:153,7
DA:154,7
DA:160,1
DA:161,1
DA:162,1
DA:163,1
DA:164,4
DA:165,4
DA:166,4
DA:167,4
DA:169,4
DA:170,10
DA:171,10
DA:174,4
DA:175,4
DA:176,4
DA:177,4
DA:178,4
DA:179,4
DA:180,4
DA:181,4
DA:185,1
DA:186,1
DA:192,1
DA:194,1
DA:195,4
DA:196,4
DA:197,4
DA:199,4
DA:200,4
DA:201,4
DA:204,1
DA:206,1
DA:207,4
DA:209,4
DA:210,4
DA:211,4
DA:212,4
DA:213,1
DA:215,4
DA:216,4
LF:127
LH:126
BRDA:129,1,0,11
BRDA:129,1,1,15
BRDA:212,2,0,1
BRDA:212,2,1,3
BRF:4
BRH:4
end_of_record
TN:
SF:/Users/cwilbur/Documents/Development/Code Samples/crazy-eights/crazy-eights-server.js
FN:25,generateKey
FN:36,Player
FN:50,(anonymous_3)
FN:73,(anonymous_4)
FN:86,Game
FN:103,(anonymous_6)
FN:107,(anonymous_7)
FN:124,(anonymous_8)
FN:130,(anonymous_9)
FN:139,(anonymous_10)
FN:158,(anonymous_11)
FN:163,(anonymous_12)
FN:174,(anonymous_13)
FN:179,(anonymous_14)
FN:189,(anonymous_15)
FN:193,(anonymous_16)
FN:214,(anonymous_17)
FN:236,(anonymous_18)
FN:247,(anonymous_19)
FN:286,(anonymous_20)
FN:297,(anonymous_21)
FN:307,(anonymous_22)
FN:316,(anonymous_23)
FN:324,consolidateInputs
FN:327,(anonymous_25)
FN:356,(anonymous_26)
FN:366,(anonymous_27)
FN:367,(anonymous_28)
FNF:28
FNH:12
FNDA:10119,generateKey
FNDA:92,Player
FNDA:66,(anonymous_3)
FNDA:28,(anonymous_4)
FNDA:21,Game
FNDA:117,(anonymous_6)
FNDA:8,(anonymous_7)
FNDA:4,(anonymous_8)
FNDA:4,(anonymous_9)
FNDA:66,(anonymous_10)
FNDA:20,(anonymous_11)
FNDA:528,(anonymous_12)
FNDA:0,(anonymous_13)
FNDA:0,(anonymous_14)
FNDA:0,(anonymous_15)
FNDA:0,(anonymous_16)
FNDA:0,(anonymous_17)
FNDA:0,(anonymous_18)
FNDA:0,(anonymous_19)
FNDA:0,(anonymous_20)
FNDA:0,(anonymous_21)
FNDA:0,(anonymous_22)
FNDA:0,(anonymous_23)
FNDA:0,consolidateInputs
FNDA:0,(anonymous_25)
FNDA:0,(anonymous_26)
FNDA:0,(anonymous_27)
FNDA:0,(anonymous_28)
DA:14,1
DA:15,1
DA:16,1
DA:18,1
DA:20,1
DA:21,1
DA:25,1
DA:26,10119
DA:27,10119
DA:29,10119
DA:30,161931
DA:33,10119
DA:36,1
DA:37,92
DA:38,92
DA:39,92
DA:40,92
DA:41,92
DA:42,92
DA:43,92
DA:44,92
DA:47,1
DA:48,1
DA:50,1
DA:54,66
DA:55,45
DA:56,17
DA:58,45
DA:63,21
DA:64,3
DA:65,3
DA:72,18
DA:73,18
DA:74,28
DA:75,28
DA:76,28
DA:80,18
DA:86,1
DA:88,21
DA:89,21
DA:90,21
DA:91,21
DA:92,21
DA:93,21
DA:94,21
DA:95,21
DA:96,21
DA:97,21
DA:100,1
DA:101,1
DA:103,1
DA:104,117
DA:107,1
DA:108,8
DA:110,8
DA:111,1
DA:114,7
DA:115,7
DA:116,3
DA:117,3
DA:121,8
DA:124,1
DA:125,4
DA:126,4
DA:127,4
DA:130,1
DA:131,4
DA:132,4
DA:133,4
DA:134,1
DA:136,4
DA:139,1
DA:140,66
DA:141,33
DA:144,33
DA:147,66
DA:149,66
DA:151,20
DA:152,20
DA:155,66
DA:158,1
DA:159,20
DA:160,20
DA:162,20
DA:163,160
DA:164,528
DA:165,528
DA:169,20
DA:170,20
DA:171,20
DA:174,1
DA:175,0
DA:177,0
DA:179,0
DA:180,0
DA:182,0
DA:183,0
DA:184,0
DA:185,0
DA:187,0
DA:188,0
DA:189,0
DA:190,0
DA:192,0
DA:194,0
DA:201,0
DA:202,0
DA:203,0
DA:208,0
DA:211,0
DA:214,1
DA:215,0
DA:217,0
DA:218,0
DA:220,0
DA:221,0
DA:224,0
DA:225,0
DA:227,0
DA:228,0
DA:229,0
DA:230,0
DA:233,0
DA:236,1
DA:237,0
DA:238,0
DA:242,0
DA:247,1
DA:248,0
DA:249,0
DA:251,0
DA:252,0
DA:254,0
DA:255,0
DA:258,0
DA:259,0
DA:260,0
DA:261,0
DA:264,0
DA:265,0
DA:266,0
DA:268,0
DA:269,0
DA:271,0
DA:272,0
DA:273,0
DA:276,0
DA:282,1
DA:287,0
DA:289,0
DA:290,0
DA:291,0
DA:298,0
DA:299,0
DA:300,0
DA:308,0
DA:309,0
DA:310,0
DA:311,0
DA:317,0
DA:318,0
DA:319,0
DA:324,1
DA:325,0
DA:327,0
DA:328,0
DA:330,0
DA:331,0
DA:335,0
DA:340,1
DA:350,1
DA:352,1
DA:356,0
DA:357,0
DA:358,0
DA:359,0
DA:361,0
DA:362,0
DA:363,0
DA:365,0
DA:366,0
DA:367,0
DA:368,0
DA:369,0
DA:371,0
DA:372,0
DA:376,0
DA:377,0
DA:378,0
DA:379,0
DA:382,0
DA:383,0
DA:387,0
DA:388,0
DA:392,0
DA:398,0
DA:399,0
LF:197
LH:99
BRDA:54,1,0,45
BRDA:54,1,1,21
BRDA:55,2,0,17
BRDA:55,2,1,28
BRDA:63,3,0,3
BRDA:63,3,1,18
BRDA:75,4,0,28
BRDA:75,4,1,0
BRDA:110,5,0,1
BRDA:110,5,1,7
BRDA:115,6,0,3
BRDA:115,6,1,4
BRDA:133,7,0,1
BRDA:133,7,1,3
BRDA:140,8,0,33
BRDA:140,8,1,33
BRDA:149,9,0,20
BRDA:149,9,1,46
BRDA:177,10,0,0
BRDA:177,10,1,0
BRDA:184,11,0,0
BRDA:184,11,1,0
BRDA:202,12,0,0
BRDA:202,12,1,0
BRDA:202,13,0,0
BRDA:202,13,1,0
BRDA:217,14,0,0
BRDA:217,14,1,0
BRDA:220,15,0,0
BRDA:220,15,1,0
BRDA:224,16,0,0
BRDA:224,16,1,0
BRDA:238,17,0,0
BRDA:238,17,1,0
BRDA:242,18,0,0
BRDA:242,18,1,0
BRDA:242,18,2,0
BRDA:248,19,0,0
BRDA:248,19,1,0
BRDA:251,20,0,0
BRDA:251,20,1,0
BRDA:254,21,0,0
BRDA:254,21,1,0
BRDA:260,22,0,0
BRDA:260,22,1,0
BRDA:265,23,0,0
BRDA:265,23,1,0
BRDA:271,24,0,0
BRDA:271,24,1,0
BRDA:328,25,0,0
BRDA:328,25,1,0
BRDA:330,26,0,0
BRDA:330,26,1,0
BRDA:352,27,0,0
BRDA:352,27,1,1
BRDA:365,28,0,0
BRDA:365,28,1,0
BRDA:378,29,0,0
BRDA:378,29,1,0
BRF:59
BRH:18
end_of_record
