TN:
SF:/Users/cwilbur/Documents/Development/Code Samples/crazy-eights/spec/card.spec.js
FN:22,dump
FN:26,(anonymous_2)
FN:28,(anonymous_3)
FN:33,(anonymous_4)
FN:38,(anonymous_5)
FN:46,(anonymous_6)
FN:48,(anonymous_7)
FN:54,(anonymous_8)
FN:61,(anonymous_9)
FN:64,(anonymous_10)
FN:68,(anonymous_11)
FN:83,(anonymous_12)
FN:85,(anonymous_13)
FN:90,(anonymous_14)
FN:98,(anonymous_15)
FN:106,(anonymous_16)
FN:111,(anonymous_17)
FN:119,(anonymous_18)
FN:120,(anonymous_19)
FN:124,(anonymous_20)
FN:125,(anonymous_21)
FN:126,(anonymous_22)
FN:127,(anonymous_23)
FN:139,(anonymous_24)
FN:140,(anonymous_25)
FN:142,(anonymous_26)
FN:149,(anonymous_27)
FN:150,(anonymous_28)
FN:156,(anonymous_29)
FN:189,(anonymous_30)
FN:191,(anonymous_31)
FN:199,(anonymous_32)
FN:209,(anonymous_33)
FN:214,(anonymous_34)
FN:221,(anonymous_35)
FN:222,(anonymous_36)
FN:226,(anonymous_37)
FN:227,(anonymous_38)
FN:228,(anonymous_39)
FN:229,(anonymous_40)
FN:241,(anonymous_41)
FN:242,(anonymous_42)
FN:244,(anonymous_43)
FN:251,(anonymous_44)
FN:252,(anonymous_45)
FN:258,(anonymous_46)
FN:264,(anonymous_47)
FN:265,(anonymous_48)
FN:270,(anonymous_49)
FN:283,(anonymous_50)
FN:284,(anonymous_51)
FN:294,(anonymous_52)
FN:295,(anonymous_53)
FN:305,(anonymous_54)
FN:306,(anonymous_55)
FN:313,(anonymous_56)
FN:317,(anonymous_57)
FN:318,(anonymous_58)
FN:319,(anonymous_59)
FN:323,(anonymous_60)
FN:324,(anonymous_61)
FN:327,(anonymous_62)
FN:328,(anonymous_63)
FN:331,(anonymous_64)
FN:332,(anonymous_65)
FN:337,(anonymous_66)
FN:338,(anonymous_67)
FN:339,(anonymous_68)
FN:346,(anonymous_69)
FN:347,(anonymous_70)
FN:348,(anonymous_71)
FN:365,(anonymous_72)
FN:366,(anonymous_73)
FN:379,(anonymous_74)
FN:385,(anonymous_75)
FN:386,(anonymous_76)
FN:393,(anonymous_77)
FN:398,(anonymous_78)
FN:401,(anonymous_79)
FN:408,(anonymous_80)
FN:416,(anonymous_81)
FN:419,(anonymous_82)
FN:426,(anonymous_83)
FN:434,(anonymous_84)
FN:437,(anonymous_85)
FN:444,(anonymous_86)
FN:452,(anonymous_87)
FN:455,(anonymous_88)
FN:462,(anonymous_89)
FN:470,(anonymous_90)
FN:475,(anonymous_91)
FN:492,(anonymous_92)
FN:497,(anonymous_93)
FN:514,(anonymous_94)
FN:517,(anonymous_95)
FN:524,(anonymous_96)
FNF:96
FNH:94
FNDA:0,dump
FNDA:1,(anonymous_2)
FNDA:1,(anonymous_3)
FNDA:1,(anonymous_4)
FNDA:1,(anonymous_5)
FNDA:1,(anonymous_6)
FNDA:1,(anonymous_7)
FNDA:1,(anonymous_8)
FNDA:1,(anonymous_9)
FNDA:0,(anonymous_10)
FNDA:1,(anonymous_11)
FNDA:4,(anonymous_12)
FNDA:20,(anonymous_13)
FNDA:16,(anonymous_14)
FNDA:1,(anonymous_15)
FNDA:36,(anonymous_16)
FNDA:1,(anonymous_17)
FNDA:36,(anonymous_18)
FNDA:36,(anonymous_19)
FNDA:1,(anonymous_20)
FNDA:4,(anonymous_21)
FNDA:16,(anonymous_22)
FNDA:64,(anonymous_23)
FNDA:1,(anonymous_24)
FNDA:4,(anonymous_25)
FNDA:12,(anonymous_26)
FNDA:1,(anonymous_27)
FNDA:4,(anonymous_28)
FNDA:1,(anonymous_29)
FNDA:13,(anonymous_30)
FNDA:54,(anonymous_31)
FNDA:1,(anonymous_32)
FNDA:61,(anonymous_33)
FNDA:1,(anonymous_34)
FNDA:29,(anonymous_35)
FNDA:29,(anonymous_36)
FNDA:1,(anonymous_37)
FNDA:13,(anonymous_38)
FNDA:41,(anonymous_39)
FNDA:533,(anonymous_40)
FNDA:1,(anonymous_41)
FNDA:13,(anonymous_42)
FNDA:26,(anonymous_43)
FNDA:1,(anonymous_44)
FNDA:13,(anonymous_45)
FNDA:1,(anonymous_46)
FNDA:13,(anonymous_47)
FNDA:52,(anonymous_48)
FNDA:52,(anonymous_49)
FNDA:1,(anonymous_50)
FNDA:52,(anonymous_51)
FNDA:1,(anonymous_52)
FNDA:52,(anonymous_53)
FNDA:156,(anonymous_54)
FNDA:624,(anonymous_55)
FNDA:1,(anonymous_56)
FNDA:1,(anonymous_57)
FNDA:1,(anonymous_58)
FNDA:1,(anonymous_59)
FNDA:100,(anonymous_60)
FNDA:100,(anonymous_61)
FNDA:13,(anonymous_62)
FNDA:13,(anonymous_63)
FNDA:4,(anonymous_64)
FNDA:4,(anonymous_65)
FNDA:13,(anonymous_66)
FNDA:52,(anonymous_67)
FNDA:52,(anonymous_68)
FNDA:1,(anonymous_69)
FNDA:52,(anonymous_70)
FNDA:2704,(anonymous_71)
FNDA:1,(anonymous_72)
FNDA:52,(anonymous_73)
FNDA:1,(anonymous_74)
FNDA:13,(anonymous_75)
FNDA:52,(anonymous_76)
FNDA:1,(anonymous_77)
FNDA:1,(anonymous_78)
FNDA:52,(anonymous_79)
FNDA:52,(anonymous_80)
FNDA:1,(anonymous_81)
FNDA:52,(anonymous_82)
FNDA:52,(anonymous_83)
FNDA:1,(anonymous_84)
FNDA:52,(anonymous_85)
FNDA:52,(anonymous_86)
FNDA:1,(anonymous_87)
FNDA:52,(anonymous_88)
FNDA:52,(anonymous_89)
FNDA:1,(anonymous_90)
FNDA:52,(anonymous_91)
FNDA:1,(anonymous_92)
FNDA:52,(anonymous_93)
FNDA:1,(anonymous_94)
FNDA:52,(anonymous_95)
FNDA:1,(anonymous_96)
DA:12,1
DA:14,1
DA:15,1
DA:16,1
DA:17,1
DA:18,1
DA:19,1
DA:20,1
DA:22,1
DA:23,0
DA:26,1
DA:28,1
DA:29,1
DA:30,1
DA:33,1
DA:34,1
DA:35,1
DA:38,1
DA:39,1
DA:40,1
DA:41,1
DA:46,1
DA:48,1
DA:49,1
DA:50,1
DA:51,1
DA:54,1
DA:55,1
DA:56,1
DA:57,1
DA:58,1
DA:61,1
DA:62,1
DA:63,1
DA:64,1
DA:68,1
DA:70,1
DA:81,1
DA:83,1
DA:84,4
DA:85,4
DA:86,20
DA:87,16
DA:90,4
DA:91,16
DA:92,0
DA:95,4
DA:98,1
DA:99,1
DA:107,36
DA:111,1
DA:112,1
DA:120,36
DA:124,1
DA:125,1
DA:126,4
DA:127,16
DA:128,64
DA:129,16
DA:132,48
DA:139,1
DA:140,1
DA:141,4
DA:142,4
DA:143,12
DA:144,12
DA:149,1
DA:150,1
DA:151,4
DA:156,1
DA:158,1
DA:187,1
DA:189,1
DA:190,13
DA:191,13
DA:192,54
DA:193,41
DA:196,13
DA:199,1
DA:200,1
DA:210,61
DA:214,1
DA:215,1
DA:222,29
DA:226,1
DA:227,1
DA:228,13
DA:229,41
DA:230,533
DA:231,41
DA:234,492
DA:241,1
DA:242,1
DA:243,13
DA:244,13
DA:245,26
DA:246,26
DA:251,1
DA:252,1
DA:253,13
DA:258,1
DA:260,1
DA:261,1
DA:263,1
DA:264,1
DA:265,13
DA:266,52
DA:270,1
DA:271,52
DA:274,1
DA:275,1
DA:276,1
DA:277,117
DA:278,100
DA:280,117
DA:283,1
DA:284,1
DA:288,52
DA:289,52
DA:294,1
DA:295,1
DA:300,52
DA:302,52
DA:305,52
DA:306,156
DA:307,624
DA:313,1
DA:317,1
DA:318,1
DA:319,1
DA:323,1
DA:324,100
DA:327,1
DA:328,13
DA:331,1
DA:332,4
DA:337,1
DA:338,13
DA:339,52
DA:340,52
DA:346,1
DA:347,1
DA:348,52
DA:349,2704
DA:350,1326
DA:351,1326
DA:353,1378
DA:354,52
DA:355,52
DA:357,1326
DA:358,1326
DA:359,1326
DA:365,1
DA:366,1
DA:367,52
DA:370,52
DA:372,52
DA:379,1
DA:381,1
DA:382,1
DA:384,1
DA:385,1
DA:386,13
DA:387,52
DA:391,1
DA:393,1
DA:394,1
DA:395,1
DA:398,1
DA:399,1
DA:400,1
DA:401,1
DA:402,52
DA:403,52
DA:404,52
DA:405,52
DA:408,1
DA:409,52
DA:410,52
DA:411,52
DA:412,52
DA:416,1
DA:417,1
DA:418,1
DA:419,1
DA:420,52
DA:421,52
DA:422,52
DA:423,52
DA:426,1
DA:427,52
DA:428,52
DA:429,52
DA:430,52
DA:434,1
DA:435,1
DA:436,1
DA:437,1
DA:438,52
DA:439,52
DA:440,52
DA:441,52
DA:444,1
DA:445,52
DA:446,52
DA:447,52
DA:448,52
DA:452,1
DA:453,1
DA:454,1
DA:455,1
DA:456,52
DA:457,52
DA:458,52
DA:459,52
DA:462,1
DA:463,52
DA:464,52
DA:465,52
DA:466,52
DA:470,1
DA:471,1
DA:472,1
DA:473,1
DA:475,1
DA:476,52
DA:479,1
DA:480,1
DA:481,1
DA:483,1
DA:484,52
DA:485,52
DA:486,52
DA:487,52
DA:488,52
DA:492,1
DA:493,1
DA:494,1
DA:495,1
DA:497,1
DA:498,52
DA:501,1
DA:502,1
DA:503,1
DA:505,1
DA:506,52
DA:507,52
DA:508,52
DA:509,52
DA:510,52
DA:514,1
DA:515,1
DA:516,1
DA:517,1
DA:518,52
DA:519,52
DA:520,52
DA:524,1
DA:525,1
DA:526,1
DA:528,1
DA:529,1
DA:531,1
DA:533,1
DA:534,1
DA:536,1
LF:266
LH:264
BRDA:86,1,0,16
BRDA:86,1,1,4
BRDA:91,2,0,0
BRDA:91,2,1,16
BRDA:128,3,0,16
BRDA:128,3,1,48
BRDA:192,4,0,41
BRDA:192,4,1,13
BRDA:230,5,0,41
BRDA:230,5,1,492
BRDA:277,6,0,100
BRDA:277,6,1,17
BRDA:349,7,0,1326
BRDA:349,7,1,1378
BRDA:353,8,0,52
BRDA:353,8,1,1326
BRDA:357,9,0,1326
BRDA:357,9,1,0
BRF:18
BRH:16
end_of_record
TN:
SF:/Users/cwilbur/Documents/Development/Code Samples/crazy-eights/card.js
FN:17,ucfirst
FN:21,qw
FN:35,Suit
FN:51,(anonymous_4)
FN:52,(anonymous_5)
FN:54,(anonymous_6)
FN:69,(anonymous_7)
FN:70,(anonymous_8)
FN:74,(anonymous_9)
FN:81,(anonymous_10)
FN:85,(anonymous_11)
FN:89,(anonymous_12)
FN:93,(anonymous_13)
FN:99,Rank
FN:124,(anonymous_15)
FN:125,(anonymous_16)
FN:135,(anonymous_17)
FN:143,(anonymous_18)
FN:147,(anonymous_19)
FN:151,(anonymous_20)
FN:157,Card
FN:200,(anonymous_22)
FN:204,(anonymous_23)
FN:209,(anonymous_24)
FN:213,(anonymous_25)
FN:217,(anonymous_26)
FN:223,Deck
FN:228,(anonymous_28)
FN:230,(anonymous_29)
FN:231,(anonymous_30)
FN:239,(anonymous_31)
FN:254,(anonymous_32)
FN:258,(anonymous_33)
FN:262,(anonymous_34)
FN:266,(anonymous_35)
FN:270,(anonymous_36)
FN:271,(anonymous_37)
FN:274,(anonymous_38)
FN:279,(anonymous_39)
FN:284,(anonymous_40)
FN:288,(anonymous_41)
FN:289,(anonymous_42)
FNF:42
FNH:42
FNDA:45,ucfirst
FNDA:175,qw
FNDA:2798,Suit
FNDA:5,(anonymous_4)
FNDA:20,(anonymous_5)
FNDA:4,(anonymous_6)
FNDA:4,(anonymous_7)
FNDA:12,(anonymous_8)
FNDA:4,(anonymous_9)
FNDA:368,(anonymous_10)
FNDA:163,(anonymous_11)
FNDA:160,(anonymous_12)
FNDA:2660,(anonymous_13)
FNDA:3353,Rank
FNDA:14,(anonymous_15)
FNDA:42,(anonymous_16)
FNDA:6,(anonymous_17)
FNDA:484,(anonymous_18)
FNDA:169,(anonymous_19)
FNDA:3059,(anonymous_20)
FNDA:2672,Card
FNDA:16023,(anonymous_22)
FNDA:5039,(anonymous_23)
FNDA:260,(anonymous_24)
FNDA:55,(anonymous_25)
FNDA:52,(anonymous_26)
FNDA:175,Deck
FNDA:32,(anonymous_28)
FNDA:128,(anonymous_29)
FNDA:1664,(anonymous_30)
FNDA:30,(anonymous_31)
FNDA:919,(anonymous_32)
FNDA:104,(anonymous_33)
FNDA:313,(anonymous_34)
FNDA:104,(anonymous_35)
FNDA:15,(anonymous_36)
FNDA:920,(anonymous_37)
FNDA:818,(anonymous_38)
FNDA:104,(anonymous_39)
FNDA:784,(anonymous_40)
FNDA:55,(anonymous_41)
FNDA:1415,(anonymous_42)
DA:12,1
DA:13,1
DA:17,1
DA:18,45
DA:21,1
DA:22,175
DA:23,4
DA:25,171
DA:26,168
DA:29,3
DA:35,1
DA:36,2798
DA:37,2798
DA:38,36
DA:42,1
DA:49,1
DA:51,1
DA:52,5
DA:53,20
DA:54,4
DA:55,4
DA:56,4
DA:59,16
DA:60,4
DA:63,12
DA:64,12
DA:69,1
DA:70,4
DA:71,12
DA:72,12
DA:74,4
DA:75,4
DA:76,4
DA:78,4
DA:81,1
DA:82,368
DA:85,1
DA:86,163
DA:89,1
DA:90,160
DA:93,1
DA:94,2660
DA:99,1
DA:100,3353
DA:101,3353
DA:102,181
DA:106,1
DA:123,1
DA:124,1
DA:125,14
DA:126,42
DA:127,42
DA:128,26
DA:130,16
DA:131,14
DA:134,42
DA:135,6
DA:136,6
DA:137,6
DA:143,1
DA:144,484
DA:147,1
DA:148,169
DA:151,1
DA:152,3059
DA:157,1
DA:158,2672
DA:159,1
DA:161,2671
DA:162,222
DA:163,222
DA:164,152
DA:165,152
DA:167,70
DA:168,70
DA:169,52
DA:173,118
DA:177,2449
DA:178,2448
DA:179,2448
DA:182,52
DA:185,2396
DA:186,2396
DA:189,0
DA:194,1
DA:197,2500
DA:200,1
DA:201,16023
DA:204,1
DA:205,5039
DA:206,5039
DA:209,1
DA:210,260
DA:213,1
DA:214,55
DA:217,1
DA:218,52
DA:223,1
DA:224,175
DA:225,175
DA:228,1
DA:229,32
DA:230,32
DA:231,128
DA:232,1664
DA:236,32
DA:239,1
DA:244,30
DA:245,30
DA:246,1530
DA:247,1530
DA:248,1530
DA:249,1530
DA:251,30
DA:254,1
DA:255,919
DA:258,1
DA:259,104
DA:262,1
DA:263,313
DA:266,1
DA:267,104
DA:270,1
DA:271,920
DA:274,1
DA:275,818
DA:276,818
DA:279,1
DA:280,104
DA:281,104
DA:284,1
DA:285,784
DA:288,1
DA:289,55
DA:290,1415
DA:292,55
DA:297,1
LF:137
LH:136
BRDA:22,1,0,4
BRDA:22,1,1,171
BRDA:25,2,0,168
BRDA:25,2,1,3
BRDA:37,3,0,36
BRDA:37,3,1,2762
BRDA:53,4,0,4
BRDA:53,4,1,16
BRDA:59,5,0,4
BRDA:59,5,1,12
BRDA:101,6,0,181
BRDA:101,6,1,3172
BRDA:101,7,0,3353
BRDA:101,7,1,3174
BRDA:127,8,0,26
BRDA:127,8,1,16
BRDA:130,9,0,14
BRDA:130,9,1,2
BRDA:134,10,0,6
BRDA:134,10,1,36
BRDA:158,11,0,1
BRDA:158,11,1,2671
BRDA:161,12,0,222
BRDA:161,12,1,2449
BRDA:163,13,0,152
BRDA:163,13,1,70
BRDA:167,14,0,70
BRDA:167,14,1,0
BRDA:177,15,0,2448
BRDA:177,15,1,1
BRDA:206,16,0,4932
BRDA:206,16,1,107
BRF:32
BRH:31
end_of_record
TN:
SF:/Users/cwilbur/Documents/Development/Code Samples/crazy-eights/spec/server.spec.js
FN:24,dump
FN:28,countEightsInHand
FN:29,(anonymous_3)
FN:34,countEightsInPlay
FN:35,(anonymous_5)
FN:40,cardPlayable
FN:46,(anonymous_7)
FN:47,(anonymous_8)
FN:60,(anonymous_9)
FN:74,(anonymous_10)
FN:77,(anonymous_11)
FN:81,(anonymous_12)
FN:100,(anonymous_13)
FN:104,(anonymous_14)
FN:106,(anonymous_15)
FN:116,(anonymous_16)
FN:120,(anonymous_17)
FN:130,(anonymous_18)
FN:134,(anonymous_19)
FN:136,(anonymous_20)
FN:149,(anonymous_21)
FN:158,(anonymous_22)
FN:170,(anonymous_23)
FN:172,(anonymous_24)
FN:181,(anonymous_25)
FN:182,(anonymous_26)
FN:184,(anonymous_27)
FN:205,(anonymous_28)
FN:215,(anonymous_29)
FN:227,(anonymous_30)
FN:241,(anonymous_31)
FN:242,(anonymous_32)
FN:275,(anonymous_33)
FN:292,(anonymous_34)
FN:299,(anonymous_35)
FN:308,(anonymous_36)
FN:316,(anonymous_37)
FN:331,(anonymous_38)
FN:344,(anonymous_39)
FN:370,(anonymous_40)
FN:383,(anonymous_41)
FN:408,(anonymous_42)
FNF:42
FNH:38
FNDA:0,dump
FNDA:1,countEightsInHand
FNDA:8,(anonymous_3)
FNDA:0,countEightsInPlay
FNDA:0,(anonymous_5)
FNDA:0,cardPlayable
FNDA:1,(anonymous_7)
FNDA:1,(anonymous_8)
FNDA:1,(anonymous_9)
FNDA:1,(anonymous_10)
FNDA:1,(anonymous_11)
FNDA:26,(anonymous_12)
FNDA:1,(anonymous_13)
FNDA:26,(anonymous_14)
FNDA:104,(anonymous_15)
FNDA:26,(anonymous_16)
FNDA:26,(anonymous_17)
FNDA:1,(anonymous_18)
FNDA:26,(anonymous_19)
FNDA:156,(anonymous_20)
FNDA:26,(anonymous_21)
FNDA:15,(anonymous_22)
FNDA:7,(anonymous_23)
FNDA:7,(anonymous_24)
FNDA:1,(anonymous_25)
FNDA:1,(anonymous_26)
FNDA:4,(anonymous_27)
FNDA:1,(anonymous_28)
FNDA:4,(anonymous_29)
FNDA:4,(anonymous_30)
FNDA:1,(anonymous_31)
FNDA:4,(anonymous_32)
FNDA:1,(anonymous_33)
FNDA:8,(anonymous_34)
FNDA:1,(anonymous_35)
FNDA:2,(anonymous_36)
FNDA:2,(anonymous_37)
FNDA:9,(anonymous_38)
FNDA:9,(anonymous_39)
FNDA:182,(anonymous_40)
FNDA:20,(anonymous_41)
FNDA:8,(anonymous_42)
DA:11,1
DA:13,1
DA:14,1
DA:15,1
DA:17,1
DA:24,1
DA:25,0
DA:28,1
DA:29,1
DA:30,8
DA:34,1
DA:35,0
DA:36,0
DA:40,1
DA:41,0
DA:46,1
DA:47,1
DA:48,1
DA:49,1
DA:50,27
DA:51,27
DA:52,27
DA:56,1
DA:57,1
DA:59,1
DA:61,1
DA:62,1
DA:63,1
DA:65,1
DA:66,10000
DA:67,10000
DA:68,10000
DA:70,1
DA:74,1
DA:76,1
DA:78,1
DA:79,1
DA:81,1
DA:82,26
DA:83,26
DA:84,26
DA:85,26
DA:86,26
DA:87,26
DA:89,26
DA:90,26
DA:93,1
DA:95,1
DA:99,1
DA:101,1
DA:102,1
DA:104,1
DA:105,26
DA:107,104
DA:109,26
DA:110,26
DA:111,26
DA:113,26
DA:116,1
DA:117,26
DA:120,1
DA:121,26
DA:122,26
DA:123,26
DA:124,26
DA:128,1
DA:131,1
DA:132,1
DA:134,1
DA:135,26
DA:137,156
DA:139,26
DA:140,26
DA:141,26
DA:143,26
DA:146,1
DA:147,1
DA:149,1
DA:150,26
DA:151,11
DA:154,15
DA:158,15
DA:160,1
DA:161,1
DA:162,4
DA:163,4
DA:165,4
DA:166,4
DA:167,4
DA:170,7
DA:172,1
DA:173,7
DA:174,7
DA:175,7
DA:181,1
DA:182,1
DA:183,1
DA:184,1
DA:185,4
DA:186,4
DA:187,4
DA:189,4
DA:190,10
DA:191,10
DA:194,4
DA:195,4
DA:196,4
DA:197,4
DA:198,4
DA:199,4
DA:200,4
DA:201,4
DA:205,1
DA:206,1
DA:213,1
DA:215,1
DA:216,4
DA:217,4
DA:218,4
DA:220,4
DA:221,4
DA:222,4
DA:225,1
DA:227,1
DA:228,4
DA:230,4
DA:231,4
DA:232,4
DA:233,4
DA:234,1
DA:236,4
DA:237,4
DA:241,1
DA:242,1
DA:243,4
DA:244,4
DA:246,4
DA:247,10
DA:248,10
DA:250,10
DA:251,10
DA:252,10
DA:255,4
DA:256,4
DA:258,4
DA:259,4
DA:260,4
DA:264,4
DA:265,4
DA:266,4
DA:267,4
DA:268,4
DA:269,4
DA:270,4
DA:271,4
DA:275,1
DA:278,1
DA:279,1
DA:280,1
DA:282,1
DA:283,1
DA:285,1
DA:286,1
DA:287,1
DA:288,1
DA:289,1
DA:290,1
DA:291,1
DA:292,1
DA:293,8
DA:295,1
DA:296,1
DA:299,1
DA:301,1
DA:302,1
DA:306,1
DA:307,1
DA:308,1
DA:309,2
DA:310,2
DA:311,2
DA:312,2
DA:316,2
DA:317,1
DA:318,1
DA:319,1
DA:324,1
DA:325,1
DA:326,1
DA:328,1
DA:329,1
DA:330,1
DA:331,1
DA:332,9
DA:335,0
DA:336,0
DA:337,0
DA:340,0
DA:341,0
DA:344,1
DA:345,9
DA:348,1
DA:349,1
DA:351,1
DA:353,1
DA:358,1
DA:359,1
DA:363,1
DA:364,1
DA:365,1
DA:366,1
DA:368,1
DA:370,1
DA:371,182
DA:374,12
DA:375,12
DA:376,0
DA:379,12
DA:380,12
DA:383,1
DA:384,20
DA:387,1
DA:388,1
DA:390,1
DA:395,1
DA:396,1
DA:400,1
DA:401,1
DA:402,1
DA:403,1
DA:406,1
DA:408,1
DA:409,8
DA:413,1
DA:414,0
DA:417,1
DA:420,1
DA:423,1
DA:424,1
DA:428,1
DA:429,1
DA:433,1
DA:434,1
DA:435,1
DA:436,1
LF:245
LH:234
BRDA:41,1,0,0
BRDA:41,1,1,0
BRDA:41,1,2,0
BRDA:150,2,0,11
BRDA:150,2,1,15
BRDA:233,3,0,1
BRDA:233,3,1,3
BRDA:332,4,0,9
BRDA:332,4,1,3
BRDA:336,5,0,0
BRDA:336,5,1,0
BRDA:345,6,0,9
BRDA:345,6,1,3
BRDA:375,7,0,0
BRDA:375,7,1,12
BRDA:413,8,0,0
BRDA:413,8,1,1
BRF:17
BRH:10
end_of_record
TN:
SF:/Users/cwilbur/Documents/Development/Code Samples/crazy-eights/crazy-eights-server.js
FN:25,generateKey
FN:36,Player
FN:50,(anonymous_3)
FN:74,(anonymous_4)
FN:87,Game
FN:104,(anonymous_6)
FN:108,(anonymous_7)
FN:125,(anonymous_8)
FN:131,(anonymous_9)
FN:140,(anonymous_10)
FN:159,(anonymous_11)
FN:164,(anonymous_12)
FN:176,(anonymous_13)
FN:181,(anonymous_14)
FN:189,(anonymous_15)
FN:193,(anonymous_16)
FN:215,(anonymous_17)
FN:238,(anonymous_18)
FN:249,(anonymous_19)
FN:289,(anonymous_20)
FN:300,(anonymous_21)
FN:310,(anonymous_22)
FN:320,(anonymous_23)
FN:328,consolidateInputs
FN:331,(anonymous_25)
FN:361,(anonymous_26)
FN:371,(anonymous_27)
FN:372,(anonymous_28)
FNF:28
FNH:19
FNDA:10137,generateKey
FNDA:110,Player
FNDA:66,(anonymous_3)
FNDA:28,(anonymous_4)
FNDA:27,Game
FNDA:154,(anonymous_6)
FNDA:24,(anonymous_7)
FNDA:17,(anonymous_8)
FNDA:7,(anonymous_9)
FNDA:84,(anonymous_10)
FNDA:26,(anonymous_11)
FNDA:672,(anonymous_12)
FNDA:5,(anonymous_13)
FNDA:8,(anonymous_14)
FNDA:31,(anonymous_15)
FNDA:5,(anonymous_16)
FNDA:13,(anonymous_17)
FNDA:3,(anonymous_18)
FNDA:3,(anonymous_19)
FNDA:0,(anonymous_20)
FNDA:0,(anonymous_21)
FNDA:0,(anonymous_22)
FNDA:0,(anonymous_23)
FNDA:0,consolidateInputs
FNDA:0,(anonymous_25)
FNDA:0,(anonymous_26)
FNDA:0,(anonymous_27)
FNDA:0,(anonymous_28)
DA:14,1
DA:15,1
DA:16,1
DA:18,1
DA:20,1
DA:21,1
DA:25,1
DA:26,10137
DA:27,10137
DA:29,10137
DA:30,162219
DA:33,10137
DA:36,1
DA:37,110
DA:38,110
DA:39,110
DA:40,110
DA:41,110
DA:42,110
DA:43,110
DA:44,110
DA:47,1
DA:48,1
DA:50,1
DA:54,66
DA:55,45
DA:56,17
DA:59,45
DA:64,21
DA:65,3
DA:66,3
DA:73,18
DA:74,18
DA:75,28
DA:76,28
DA:77,28
DA:81,18
DA:87,1
DA:89,27
DA:90,27
DA:91,27
DA:92,27
DA:93,27
DA:94,27
DA:95,27
DA:96,27
DA:97,27
DA:98,27
DA:101,1
DA:102,1
DA:104,1
DA:105,154
DA:108,1
DA:109,24
DA:111,24
DA:112,2
DA:115,22
DA:116,22
DA:117,5
DA:118,5
DA:122,24
DA:125,1
DA:126,17
DA:127,17
DA:128,17
DA:131,1
DA:132,7
DA:133,7
DA:134,7
DA:135,2
DA:137,7
DA:140,1
DA:141,84
DA:142,32
DA:145,52
DA:148,84
DA:150,84
DA:152,26
DA:153,26
DA:156,84
DA:159,1
DA:160,26
DA:161,26
DA:163,26
DA:164,208
DA:165,672
DA:166,672
DA:170,26
DA:171,26
DA:172,26
DA:173,26
DA:176,1
DA:177,5
DA:179,5
DA:181,4
DA:182,8
DA:184,4
DA:185,4
DA:186,4
DA:187,4
DA:188,4
DA:189,4
DA:190,31
DA:192,4
DA:194,5
DA:202,4
DA:203,4
DA:204,0
DA:209,1
DA:212,5
DA:215,1
DA:216,13
DA:218,13
DA:219,0
DA:221,13
DA:222,0
DA:225,13
DA:226,0
DA:229,13
DA:230,13
DA:231,13
DA:232,13
DA:235,13
DA:238,1
DA:240,3
DA:241,3
DA:244,3
DA:249,1
DA:250,3
DA:251,0
DA:253,3
DA:254,0
DA:256,3
DA:257,0
DA:260,3
DA:261,3
DA:262,3
DA:263,0
DA:266,3
DA:267,3
DA:268,3
DA:269,0
DA:272,3
DA:273,3
DA:275,3
DA:276,0
DA:277,0
DA:280,3
DA:285,1
DA:290,0
DA:292,0
DA:293,0
DA:294,0
DA:301,0
DA:302,0
DA:303,0
DA:311,0
DA:312,0
DA:313,0
DA:315,0
DA:321,0
DA:322,0
DA:323,0
DA:328,1
DA:329,0
DA:331,0
DA:332,0
DA:334,0
DA:335,0
DA:340,0
DA:346,1
DA:355,1
DA:357,1
DA:361,0
DA:362,0
DA:363,0
DA:364,0
DA:366,0
DA:367,0
DA:368,0
DA:370,0
DA:371,0
DA:372,0
DA:373,0
DA:374,0
DA:376,0
DA:377,0
DA:381,0
DA:382,0
DA:383,0
DA:384,0
DA:387,0
DA:389,0
DA:393,0
DA:394,0
DA:398,0
DA:404,0
DA:405,0
LF:198
LH:142
BRDA:54,1,0,45
BRDA:54,1,1,21
BRDA:55,2,0,17
BRDA:55,2,1,28
BRDA:64,3,0,3
BRDA:64,3,1,18
BRDA:76,4,0,28
BRDA:76,4,1,0
BRDA:111,5,0,2
BRDA:111,5,1,22
BRDA:116,6,0,5
BRDA:116,6,1,17
BRDA:134,7,0,2
BRDA:134,7,1,5
BRDA:141,8,0,32
BRDA:141,8,1,52
BRDA:150,9,0,26
BRDA:150,9,1,58
BRDA:179,10,0,4
BRDA:179,10,1,1
BRDA:196,11,0,5
BRDA:196,11,1,1
BRDA:198,12,0,1
BRDA:198,12,1,4
BRDA:203,13,0,0
BRDA:203,13,1,4
BRDA:203,14,0,4
BRDA:203,14,1,0
BRDA:218,15,0,0
BRDA:218,15,1,13
BRDA:221,16,0,0
BRDA:221,16,1,13
BRDA:225,17,0,0
BRDA:225,17,1,13
BRDA:241,18,0,0
BRDA:241,18,1,3
BRDA:244,19,0,3
BRDA:244,19,1,1
BRDA:244,19,2,0
BRDA:250,20,0,0
BRDA:250,20,1,3
BRDA:253,21,0,0
BRDA:253,21,1,3
BRDA:256,22,0,0
BRDA:256,22,1,3
BRDA:262,23,0,0
BRDA:262,23,1,3
BRDA:268,24,0,0
BRDA:268,24,1,3
BRDA:275,25,0,0
BRDA:275,25,1,3
BRDA:332,26,0,0
BRDA:332,26,1,0
BRDA:334,27,0,0
BRDA:334,27,1,0
BRDA:357,28,0,0
BRDA:357,28,1,1
BRDA:370,29,0,0
BRDA:370,29,1,0
BRDA:383,30,0,0
BRDA:383,30,1,0
BRF:61
BRH:38
end_of_record
